{"/Users/dev/Documents/projects/harness/packages/core/src/runController.ts": {"path":"/Users/dev/Documents/projects/harness/packages/core/src/runController.ts","all":false,"statementMap":{"0":{"start":{"line":1,"column":0},"end":{"line":1,"column":53}},"1":{"start":{"line":2,"column":0},"end":{"line":2,"column":65}},"2":{"start":{"line":3,"column":0},"end":{"line":3,"column":29}},"3":{"start":{"line":4,"column":0},"end":{"line":4,"column":24}},"4":{"start":{"line":5,"column":0},"end":{"line":5,"column":123}},"5":{"start":{"line":6,"column":0},"end":{"line":6,"column":94}},"7":{"start":{"line":8,"column":0},"end":{"line":8,"column":45}},"8":{"start":{"line":9,"column":0},"end":{"line":9,"column":45}},"9":{"start":{"line":10,"column":0},"end":{"line":10,"column":50}},"10":{"start":{"line":11,"column":0},"end":{"line":11,"column":48}},"12":{"start":{"line":13,"column":0},"end":{"line":13,"column":55}},"13":{"start":{"line":14,"column":0},"end":{"line":14,"column":77}},"14":{"start":{"line":15,"column":0},"end":{"line":15,"column":40}},"16":{"start":{"line":17,"column":0},"end":{"line":17,"column":8}},"39":{"start":{"line":40,"column":0},"end":{"line":40,"column":91}},"40":{"start":{"line":41,"column":0},"end":{"line":41,"column":62}},"43":{"start":{"line":44,"column":0},"end":{"line":44,"column":51}},"44":{"start":{"line":45,"column":0},"end":{"line":45,"column":31}},"54":{"start":{"line":55,"column":0},"end":{"line":55,"column":49}},"55":{"start":{"line":56,"column":0},"end":{"line":56,"column":13}},"59":{"start":{"line":60,"column":0},"end":{"line":60,"column":103}},"60":{"start":{"line":61,"column":0},"end":{"line":61,"column":122}},"61":{"start":{"line":62,"column":0},"end":{"line":62,"column":113}},"64":{"start":{"line":65,"column":0},"end":{"line":65,"column":144}},"65":{"start":{"line":66,"column":0},"end":{"line":66,"column":2}},"82":{"start":{"line":83,"column":0},"end":{"line":83,"column":28}},"84":{"start":{"line":85,"column":0},"end":{"line":85,"column":30}},"91":{"start":{"line":92,"column":0},"end":{"line":92,"column":32}},"94":{"start":{"line":95,"column":0},"end":{"line":95,"column":32}},"95":{"start":{"line":96,"column":0},"end":{"line":96,"column":36}},"96":{"start":{"line":97,"column":0},"end":{"line":97,"column":34}},"97":{"start":{"line":98,"column":0},"end":{"line":98,"column":40}},"98":{"start":{"line":99,"column":0},"end":{"line":99,"column":3}},"100":{"start":{"line":101,"column":0},"end":{"line":101,"column":30}},"101":{"start":{"line":102,"column":0},"end":{"line":102,"column":36}},"102":{"start":{"line":103,"column":0},"end":{"line":103,"column":34}},"103":{"start":{"line":104,"column":0},"end":{"line":104,"column":44}},"104":{"start":{"line":105,"column":0},"end":{"line":105,"column":3}},"112":{"start":{"line":113,"column":0},"end":{"line":113,"column":41}},"119":{"start":{"line":120,"column":0},"end":{"line":120,"column":77}},"120":{"start":{"line":121,"column":0},"end":{"line":121,"column":98}},"121":{"start":{"line":122,"column":0},"end":{"line":122,"column":1}},"177":{"start":{"line":178,"column":0},"end":{"line":178,"column":28}},"178":{"start":{"line":179,"column":0},"end":{"line":179,"column":30}},"180":{"start":{"line":181,"column":0},"end":{"line":181,"column":14}},"181":{"start":{"line":182,"column":0},"end":{"line":182,"column":25}},"182":{"start":{"line":183,"column":0},"end":{"line":183,"column":21}},"183":{"start":{"line":184,"column":0},"end":{"line":184,"column":28}},"184":{"start":{"line":185,"column":0},"end":{"line":185,"column":34}},"185":{"start":{"line":186,"column":0},"end":{"line":186,"column":31}},"186":{"start":{"line":187,"column":0},"end":{"line":187,"column":28}},"187":{"start":{"line":188,"column":0},"end":{"line":188,"column":5}},"188":{"start":{"line":189,"column":0},"end":{"line":189,"column":44}},"191":{"start":{"line":192,"column":0},"end":{"line":192,"column":35}},"192":{"start":{"line":193,"column":0},"end":{"line":193,"column":3}},"199":{"start":{"line":200,"column":0},"end":{"line":200,"column":93}},"200":{"start":{"line":201,"column":0},"end":{"line":201,"column":43}},"201":{"start":{"line":202,"column":0},"end":{"line":202,"column":26}},"202":{"start":{"line":203,"column":0},"end":{"line":203,"column":16}},"203":{"start":{"line":204,"column":0},"end":{"line":204,"column":30}},"204":{"start":{"line":205,"column":0},"end":{"line":205,"column":17}},"205":{"start":{"line":206,"column":0},"end":{"line":206,"column":23}},"206":{"start":{"line":207,"column":0},"end":{"line":207,"column":20}},"207":{"start":{"line":208,"column":0},"end":{"line":208,"column":21}},"208":{"start":{"line":209,"column":0},"end":{"line":209,"column":58}},"212":{"start":{"line":213,"column":0},"end":{"line":213,"column":91}},"213":{"start":{"line":214,"column":0},"end":{"line":214,"column":7}},"214":{"start":{"line":215,"column":0},"end":{"line":215,"column":61}},"215":{"start":{"line":216,"column":0},"end":{"line":216,"column":28}},"216":{"start":{"line":217,"column":0},"end":{"line":217,"column":17}},"217":{"start":{"line":218,"column":0},"end":{"line":218,"column":3}},"220":{"start":{"line":221,"column":0},"end":{"line":221,"column":82}},"221":{"start":{"line":222,"column":0},"end":{"line":222,"column":46}},"222":{"start":{"line":223,"column":0},"end":{"line":223,"column":42}},"223":{"start":{"line":224,"column":0},"end":{"line":224,"column":56}},"224":{"start":{"line":225,"column":0},"end":{"line":225,"column":12}},"225":{"start":{"line":226,"column":0},"end":{"line":226,"column":11}},"226":{"start":{"line":227,"column":0},"end":{"line":227,"column":30}},"227":{"start":{"line":228,"column":0},"end":{"line":228,"column":25}},"228":{"start":{"line":229,"column":0},"end":{"line":229,"column":9}},"229":{"start":{"line":230,"column":0},"end":{"line":230,"column":49}},"231":{"start":{"line":232,"column":0},"end":{"line":232,"column":114}},"232":{"start":{"line":233,"column":0},"end":{"line":233,"column":7}},"233":{"start":{"line":234,"column":0},"end":{"line":234,"column":48}},"234":{"start":{"line":235,"column":0},"end":{"line":235,"column":60}},"235":{"start":{"line":236,"column":0},"end":{"line":236,"column":40}},"236":{"start":{"line":237,"column":0},"end":{"line":237,"column":65}},"237":{"start":{"line":238,"column":0},"end":{"line":238,"column":51}},"238":{"start":{"line":239,"column":0},"end":{"line":239,"column":64}},"239":{"start":{"line":240,"column":0},"end":{"line":240,"column":3}},"241":{"start":{"line":242,"column":0},"end":{"line":242,"column":46}},"242":{"start":{"line":243,"column":0},"end":{"line":243,"column":38}},"243":{"start":{"line":244,"column":0},"end":{"line":244,"column":29}},"244":{"start":{"line":245,"column":0},"end":{"line":245,"column":28}},"245":{"start":{"line":246,"column":0},"end":{"line":246,"column":3}},"248":{"start":{"line":249,"column":0},"end":{"line":249,"column":46}},"249":{"start":{"line":250,"column":0},"end":{"line":250,"column":41}},"250":{"start":{"line":251,"column":0},"end":{"line":251,"column":56}},"253":{"start":{"line":254,"column":0},"end":{"line":254,"column":46}},"254":{"start":{"line":255,"column":0},"end":{"line":255,"column":12}},"255":{"start":{"line":256,"column":0},"end":{"line":256,"column":125}},"256":{"start":{"line":257,"column":0},"end":{"line":257,"column":52}},"258":{"start":{"line":259,"column":0},"end":{"line":259,"column":3}},"269":{"start":{"line":270,"column":0},"end":{"line":270,"column":48}},"270":{"start":{"line":271,"column":0},"end":{"line":271,"column":41}},"271":{"start":{"line":272,"column":0},"end":{"line":272,"column":74}},"272":{"start":{"line":273,"column":0},"end":{"line":273,"column":47}},"273":{"start":{"line":274,"column":0},"end":{"line":274,"column":48}},"274":{"start":{"line":275,"column":0},"end":{"line":275,"column":46}},"275":{"start":{"line":276,"column":0},"end":{"line":276,"column":3}},"285":{"start":{"line":286,"column":0},"end":{"line":286,"column":76}},"286":{"start":{"line":287,"column":0},"end":{"line":287,"column":54}},"287":{"start":{"line":288,"column":0},"end":{"line":288,"column":24}},"288":{"start":{"line":289,"column":0},"end":{"line":289,"column":11}},"289":{"start":{"line":290,"column":0},"end":{"line":290,"column":116}},"290":{"start":{"line":291,"column":0},"end":{"line":291,"column":25}},"291":{"start":{"line":292,"column":0},"end":{"line":292,"column":6}},"294":{"start":{"line":295,"column":0},"end":{"line":295,"column":23}},"295":{"start":{"line":296,"column":0},"end":{"line":296,"column":21}},"296":{"start":{"line":297,"column":0},"end":{"line":297,"column":22}},"297":{"start":{"line":298,"column":0},"end":{"line":298,"column":29}},"298":{"start":{"line":299,"column":0},"end":{"line":299,"column":103}},"299":{"start":{"line":300,"column":0},"end":{"line":300,"column":18}},"300":{"start":{"line":301,"column":0},"end":{"line":301,"column":25}},"301":{"start":{"line":302,"column":0},"end":{"line":302,"column":25}},"302":{"start":{"line":303,"column":0},"end":{"line":303,"column":9}},"303":{"start":{"line":304,"column":0},"end":{"line":304,"column":7}},"304":{"start":{"line":305,"column":0},"end":{"line":305,"column":5}},"305":{"start":{"line":306,"column":0},"end":{"line":306,"column":15}},"306":{"start":{"line":307,"column":0},"end":{"line":307,"column":3}},"318":{"start":{"line":319,"column":0},"end":{"line":319,"column":54}},"319":{"start":{"line":320,"column":0},"end":{"line":320,"column":41}},"320":{"start":{"line":321,"column":0},"end":{"line":321,"column":50}},"321":{"start":{"line":322,"column":0},"end":{"line":322,"column":33}},"322":{"start":{"line":323,"column":0},"end":{"line":323,"column":48}},"323":{"start":{"line":324,"column":0},"end":{"line":324,"column":75}},"324":{"start":{"line":325,"column":0},"end":{"line":325,"column":5}},"325":{"start":{"line":326,"column":0},"end":{"line":326,"column":46}},"326":{"start":{"line":327,"column":0},"end":{"line":327,"column":66}},"327":{"start":{"line":328,"column":0},"end":{"line":328,"column":60}},"328":{"start":{"line":329,"column":0},"end":{"line":329,"column":105}},"329":{"start":{"line":330,"column":0},"end":{"line":330,"column":111}},"333":{"start":{"line":334,"column":0},"end":{"line":334,"column":127}},"335":{"start":{"line":336,"column":0},"end":{"line":336,"column":20}},"336":{"start":{"line":337,"column":0},"end":{"line":337,"column":29}},"337":{"start":{"line":338,"column":0},"end":{"line":338,"column":88}},"338":{"start":{"line":339,"column":0},"end":{"line":339,"column":64}},"339":{"start":{"line":340,"column":0},"end":{"line":340,"column":76}},"340":{"start":{"line":341,"column":0},"end":{"line":341,"column":95}},"341":{"start":{"line":342,"column":0},"end":{"line":342,"column":306}},"342":{"start":{"line":343,"column":0},"end":{"line":343,"column":112}},"343":{"start":{"line":344,"column":0},"end":{"line":344,"column":16}},"344":{"start":{"line":345,"column":0},"end":{"line":345,"column":5}},"345":{"start":{"line":346,"column":0},"end":{"line":346,"column":28}},"346":{"start":{"line":347,"column":0},"end":{"line":347,"column":44}},"350":{"start":{"line":351,"column":0},"end":{"line":351,"column":114}},"351":{"start":{"line":352,"column":0},"end":{"line":352,"column":83}},"352":{"start":{"line":353,"column":0},"end":{"line":353,"column":7}},"353":{"start":{"line":354,"column":0},"end":{"line":354,"column":5}},"354":{"start":{"line":355,"column":0},"end":{"line":355,"column":3}},"357":{"start":{"line":358,"column":0},"end":{"line":358,"column":53}},"358":{"start":{"line":359,"column":0},"end":{"line":359,"column":39}},"359":{"start":{"line":360,"column":0},"end":{"line":360,"column":54}},"360":{"start":{"line":361,"column":0},"end":{"line":361,"column":35}},"361":{"start":{"line":362,"column":0},"end":{"line":362,"column":34}},"362":{"start":{"line":363,"column":0},"end":{"line":363,"column":50}},"363":{"start":{"line":364,"column":0},"end":{"line":364,"column":38}},"364":{"start":{"line":365,"column":0},"end":{"line":365,"column":40}},"367":{"start":{"line":368,"column":0},"end":{"line":368,"column":72}},"368":{"start":{"line":369,"column":0},"end":{"line":369,"column":38}},"369":{"start":{"line":370,"column":0},"end":{"line":370,"column":45}},"372":{"start":{"line":373,"column":0},"end":{"line":373,"column":79}},"373":{"start":{"line":374,"column":0},"end":{"line":374,"column":38}},"374":{"start":{"line":375,"column":0},"end":{"line":375,"column":5}},"375":{"start":{"line":376,"column":0},"end":{"line":376,"column":26}},"376":{"start":{"line":377,"column":0},"end":{"line":377,"column":69}},"377":{"start":{"line":378,"column":0},"end":{"line":378,"column":37}},"378":{"start":{"line":379,"column":0},"end":{"line":379,"column":58}},"379":{"start":{"line":380,"column":0},"end":{"line":380,"column":38}},"380":{"start":{"line":381,"column":0},"end":{"line":381,"column":55}},"381":{"start":{"line":382,"column":0},"end":{"line":382,"column":7}},"382":{"start":{"line":383,"column":0},"end":{"line":383,"column":98}},"383":{"start":{"line":384,"column":0},"end":{"line":384,"column":26}},"384":{"start":{"line":385,"column":0},"end":{"line":385,"column":37}},"385":{"start":{"line":386,"column":0},"end":{"line":386,"column":70}},"386":{"start":{"line":387,"column":0},"end":{"line":387,"column":14}},"387":{"start":{"line":388,"column":0},"end":{"line":388,"column":37}},"388":{"start":{"line":389,"column":0},"end":{"line":389,"column":69}},"389":{"start":{"line":390,"column":0},"end":{"line":390,"column":7}},"390":{"start":{"line":391,"column":0},"end":{"line":391,"column":38}},"391":{"start":{"line":392,"column":0},"end":{"line":392,"column":5}},"392":{"start":{"line":393,"column":0},"end":{"line":393,"column":36}},"393":{"start":{"line":394,"column":0},"end":{"line":394,"column":32}},"394":{"start":{"line":395,"column":0},"end":{"line":395,"column":75}},"395":{"start":{"line":396,"column":0},"end":{"line":396,"column":38}},"396":{"start":{"line":397,"column":0},"end":{"line":397,"column":5}},"397":{"start":{"line":398,"column":0},"end":{"line":398,"column":38}},"402":{"start":{"line":403,"column":0},"end":{"line":403,"column":39}},"403":{"start":{"line":404,"column":0},"end":{"line":404,"column":32}},"404":{"start":{"line":405,"column":0},"end":{"line":405,"column":36}},"405":{"start":{"line":406,"column":0},"end":{"line":406,"column":77}},"406":{"start":{"line":407,"column":0},"end":{"line":407,"column":38}},"407":{"start":{"line":408,"column":0},"end":{"line":408,"column":5}},"410":{"start":{"line":411,"column":0},"end":{"line":411,"column":65}},"411":{"start":{"line":412,"column":0},"end":{"line":412,"column":46}},"412":{"start":{"line":413,"column":0},"end":{"line":413,"column":44}},"413":{"start":{"line":414,"column":0},"end":{"line":414,"column":113}},"414":{"start":{"line":415,"column":0},"end":{"line":415,"column":5}},"415":{"start":{"line":416,"column":0},"end":{"line":416,"column":3}},"423":{"start":{"line":424,"column":0},"end":{"line":424,"column":62}},"424":{"start":{"line":425,"column":0},"end":{"line":425,"column":42}},"425":{"start":{"line":426,"column":0},"end":{"line":426,"column":46}},"426":{"start":{"line":427,"column":0},"end":{"line":427,"column":93}},"429":{"start":{"line":430,"column":0},"end":{"line":430,"column":116}},"430":{"start":{"line":431,"column":0},"end":{"line":431,"column":9}},"431":{"start":{"line":432,"column":0},"end":{"line":432,"column":68}},"432":{"start":{"line":433,"column":0},"end":{"line":433,"column":41}},"433":{"start":{"line":434,"column":0},"end":{"line":434,"column":27}},"434":{"start":{"line":435,"column":0},"end":{"line":435,"column":92}},"435":{"start":{"line":436,"column":0},"end":{"line":436,"column":24}},"436":{"start":{"line":437,"column":0},"end":{"line":437,"column":151}},"437":{"start":{"line":438,"column":0},"end":{"line":438,"column":42}},"438":{"start":{"line":439,"column":0},"end":{"line":439,"column":14}},"439":{"start":{"line":440,"column":0},"end":{"line":440,"column":26}},"440":{"start":{"line":441,"column":0},"end":{"line":441,"column":36}},"441":{"start":{"line":442,"column":0},"end":{"line":442,"column":101}},"442":{"start":{"line":443,"column":0},"end":{"line":443,"column":137}},"443":{"start":{"line":444,"column":0},"end":{"line":444,"column":20}},"444":{"start":{"line":445,"column":0},"end":{"line":445,"column":39}},"445":{"start":{"line":446,"column":0},"end":{"line":446,"column":21}},"446":{"start":{"line":447,"column":0},"end":{"line":447,"column":51}},"447":{"start":{"line":448,"column":0},"end":{"line":448,"column":9}},"448":{"start":{"line":449,"column":0},"end":{"line":449,"column":74}},"449":{"start":{"line":450,"column":0},"end":{"line":450,"column":150}},"450":{"start":{"line":451,"column":0},"end":{"line":451,"column":17}},"451":{"start":{"line":452,"column":0},"end":{"line":452,"column":47}},"453":{"start":{"line":454,"column":0},"end":{"line":454,"column":165}},"454":{"start":{"line":455,"column":0},"end":{"line":455,"column":5}},"455":{"start":{"line":456,"column":0},"end":{"line":456,"column":3}},"463":{"start":{"line":464,"column":0},"end":{"line":464,"column":55}},"464":{"start":{"line":465,"column":0},"end":{"line":465,"column":42}},"471":{"start":{"line":472,"column":0},"end":{"line":472,"column":40}},"472":{"start":{"line":473,"column":0},"end":{"line":473,"column":26}},"473":{"start":{"line":474,"column":0},"end":{"line":474,"column":24}},"474":{"start":{"line":475,"column":0},"end":{"line":475,"column":26}},"475":{"start":{"line":476,"column":0},"end":{"line":476,"column":14}},"476":{"start":{"line":477,"column":0},"end":{"line":477,"column":32}},"477":{"start":{"line":478,"column":0},"end":{"line":478,"column":214}},"478":{"start":{"line":479,"column":0},"end":{"line":479,"column":23}},"479":{"start":{"line":480,"column":0},"end":{"line":480,"column":9}},"480":{"start":{"line":481,"column":0},"end":{"line":481,"column":13}},"481":{"start":{"line":482,"column":0},"end":{"line":482,"column":5}},"482":{"start":{"line":483,"column":0},"end":{"line":483,"column":41}},"483":{"start":{"line":484,"column":0},"end":{"line":484,"column":11}},"484":{"start":{"line":485,"column":0},"end":{"line":485,"column":36}},"485":{"start":{"line":486,"column":0},"end":{"line":486,"column":19}},"486":{"start":{"line":487,"column":0},"end":{"line":487,"column":26}},"487":{"start":{"line":488,"column":0},"end":{"line":488,"column":28}},"488":{"start":{"line":489,"column":0},"end":{"line":489,"column":16}},"489":{"start":{"line":490,"column":0},"end":{"line":490,"column":34}},"490":{"start":{"line":491,"column":0},"end":{"line":491,"column":103}},"491":{"start":{"line":492,"column":0},"end":{"line":492,"column":25}},"492":{"start":{"line":493,"column":0},"end":{"line":493,"column":11}},"493":{"start":{"line":494,"column":0},"end":{"line":494,"column":7}},"494":{"start":{"line":495,"column":0},"end":{"line":495,"column":13}},"495":{"start":{"line":496,"column":0},"end":{"line":496,"column":5}},"496":{"start":{"line":497,"column":0},"end":{"line":497,"column":53}},"497":{"start":{"line":498,"column":0},"end":{"line":498,"column":70}},"498":{"start":{"line":499,"column":0},"end":{"line":499,"column":11}},"499":{"start":{"line":500,"column":0},"end":{"line":500,"column":46}},"500":{"start":{"line":501,"column":0},"end":{"line":501,"column":19}},"501":{"start":{"line":502,"column":0},"end":{"line":502,"column":26}},"502":{"start":{"line":503,"column":0},"end":{"line":503,"column":28}},"503":{"start":{"line":504,"column":0},"end":{"line":504,"column":16}},"504":{"start":{"line":505,"column":0},"end":{"line":505,"column":34}},"505":{"start":{"line":506,"column":0},"end":{"line":506,"column":26}},"506":{"start":{"line":507,"column":0},"end":{"line":507,"column":103}},"507":{"start":{"line":508,"column":0},"end":{"line":508,"column":25}},"508":{"start":{"line":509,"column":0},"end":{"line":509,"column":11}},"509":{"start":{"line":510,"column":0},"end":{"line":510,"column":7}},"510":{"start":{"line":511,"column":0},"end":{"line":511,"column":5}},"511":{"start":{"line":512,"column":0},"end":{"line":512,"column":3}},"529":{"start":{"line":530,"column":0},"end":{"line":530,"column":57}},"530":{"start":{"line":531,"column":0},"end":{"line":531,"column":42}},"531":{"start":{"line":532,"column":0},"end":{"line":532,"column":66}},"532":{"start":{"line":533,"column":0},"end":{"line":533,"column":42}},"533":{"start":{"line":534,"column":0},"end":{"line":534,"column":45}},"538":{"start":{"line":539,"column":0},"end":{"line":539,"column":74}},"539":{"start":{"line":540,"column":0},"end":{"line":540,"column":27}},"540":{"start":{"line":541,"column":0},"end":{"line":541,"column":126}},"542":{"start":{"line":543,"column":0},"end":{"line":543,"column":155}},"543":{"start":{"line":544,"column":0},"end":{"line":544,"column":17}},"544":{"start":{"line":545,"column":0},"end":{"line":545,"column":149}},"545":{"start":{"line":546,"column":0},"end":{"line":546,"column":39}},"546":{"start":{"line":547,"column":0},"end":{"line":547,"column":26}},"547":{"start":{"line":548,"column":0},"end":{"line":548,"column":28}},"548":{"start":{"line":549,"column":0},"end":{"line":549,"column":16}},"549":{"start":{"line":550,"column":0},"end":{"line":550,"column":34}},"550":{"start":{"line":551,"column":0},"end":{"line":551,"column":107}},"551":{"start":{"line":552,"column":0},"end":{"line":552,"column":25}},"552":{"start":{"line":553,"column":0},"end":{"line":553,"column":11}},"553":{"start":{"line":554,"column":0},"end":{"line":554,"column":21}},"554":{"start":{"line":555,"column":0},"end":{"line":555,"column":7}},"557":{"start":{"line":558,"column":0},"end":{"line":558,"column":51}},"558":{"start":{"line":559,"column":0},"end":{"line":559,"column":5}},"559":{"start":{"line":560,"column":0},"end":{"line":560,"column":62}},"560":{"start":{"line":561,"column":0},"end":{"line":561,"column":3}},"569":{"start":{"line":570,"column":0},"end":{"line":570,"column":76}},"570":{"start":{"line":571,"column":0},"end":{"line":571,"column":42}},"571":{"start":{"line":572,"column":0},"end":{"line":572,"column":46}},"572":{"start":{"line":573,"column":0},"end":{"line":573,"column":27}},"573":{"start":{"line":574,"column":0},"end":{"line":574,"column":42}},"574":{"start":{"line":575,"column":0},"end":{"line":575,"column":98}},"575":{"start":{"line":576,"column":0},"end":{"line":576,"column":18}},"576":{"start":{"line":577,"column":0},"end":{"line":577,"column":9}},"577":{"start":{"line":578,"column":0},"end":{"line":578,"column":39}},"578":{"start":{"line":579,"column":0},"end":{"line":579,"column":43}},"579":{"start":{"line":580,"column":0},"end":{"line":580,"column":15}},"580":{"start":{"line":581,"column":0},"end":{"line":581,"column":72}},"581":{"start":{"line":582,"column":0},"end":{"line":582,"column":18}},"582":{"start":{"line":583,"column":0},"end":{"line":583,"column":8}},"583":{"start":{"line":584,"column":0},"end":{"line":584,"column":42}},"584":{"start":{"line":585,"column":0},"end":{"line":585,"column":14}},"585":{"start":{"line":586,"column":0},"end":{"line":586,"column":21}},"586":{"start":{"line":587,"column":0},"end":{"line":587,"column":38}},"587":{"start":{"line":588,"column":0},"end":{"line":588,"column":126}},"588":{"start":{"line":589,"column":0},"end":{"line":589,"column":89}},"589":{"start":{"line":590,"column":0},"end":{"line":590,"column":27}},"593":{"start":{"line":594,"column":0},"end":{"line":594,"column":67}},"594":{"start":{"line":595,"column":0},"end":{"line":595,"column":21}},"595":{"start":{"line":596,"column":0},"end":{"line":596,"column":51}},"596":{"start":{"line":597,"column":0},"end":{"line":597,"column":9}},"597":{"start":{"line":598,"column":0},"end":{"line":598,"column":72}},"598":{"start":{"line":599,"column":0},"end":{"line":599,"column":161}},"599":{"start":{"line":600,"column":0},"end":{"line":600,"column":40}},"600":{"start":{"line":601,"column":0},"end":{"line":601,"column":17}},"601":{"start":{"line":602,"column":0},"end":{"line":602,"column":47}},"604":{"start":{"line":605,"column":0},"end":{"line":605,"column":24}},"605":{"start":{"line":606,"column":0},"end":{"line":606,"column":26}},"606":{"start":{"line":607,"column":0},"end":{"line":607,"column":14}},"607":{"start":{"line":608,"column":0},"end":{"line":608,"column":32}},"608":{"start":{"line":609,"column":0},"end":{"line":609,"column":83}},"609":{"start":{"line":610,"column":0},"end":{"line":610,"column":23}},"610":{"start":{"line":611,"column":0},"end":{"line":611,"column":9}},"611":{"start":{"line":612,"column":0},"end":{"line":612,"column":19}},"612":{"start":{"line":613,"column":0},"end":{"line":613,"column":5}},"613":{"start":{"line":614,"column":0},"end":{"line":614,"column":3}},"616":{"start":{"line":617,"column":0},"end":{"line":617,"column":55}},"617":{"start":{"line":618,"column":0},"end":{"line":618,"column":45}},"618":{"start":{"line":619,"column":0},"end":{"line":619,"column":132}},"619":{"start":{"line":620,"column":0},"end":{"line":620,"column":84}},"620":{"start":{"line":621,"column":0},"end":{"line":621,"column":3}},"629":{"start":{"line":630,"column":0},"end":{"line":630,"column":32}},"630":{"start":{"line":631,"column":0},"end":{"line":631,"column":19}},"631":{"start":{"line":632,"column":0},"end":{"line":632,"column":126}},"632":{"start":{"line":633,"column":0},"end":{"line":633,"column":11}},"633":{"start":{"line":634,"column":0},"end":{"line":634,"column":26}},"634":{"start":{"line":635,"column":0},"end":{"line":635,"column":110}},"635":{"start":{"line":636,"column":0},"end":{"line":636,"column":45}},"636":{"start":{"line":637,"column":0},"end":{"line":637,"column":43}},"637":{"start":{"line":638,"column":0},"end":{"line":638,"column":78}},"640":{"start":{"line":641,"column":0},"end":{"line":641,"column":22}},"641":{"start":{"line":642,"column":0},"end":{"line":642,"column":51}},"642":{"start":{"line":643,"column":0},"end":{"line":643,"column":45}},"643":{"start":{"line":644,"column":0},"end":{"line":644,"column":64}},"644":{"start":{"line":645,"column":0},"end":{"line":645,"column":49}},"645":{"start":{"line":646,"column":0},"end":{"line":646,"column":54}},"646":{"start":{"line":647,"column":0},"end":{"line":647,"column":53}},"647":{"start":{"line":648,"column":0},"end":{"line":648,"column":23}},"648":{"start":{"line":649,"column":0},"end":{"line":649,"column":20}},"649":{"start":{"line":650,"column":0},"end":{"line":650,"column":5}},"650":{"start":{"line":651,"column":0},"end":{"line":651,"column":18}},"651":{"start":{"line":652,"column":0},"end":{"line":652,"column":3}},"665":{"start":{"line":666,"column":0},"end":{"line":666,"column":59}},"666":{"start":{"line":667,"column":0},"end":{"line":667,"column":42}},"667":{"start":{"line":668,"column":0},"end":{"line":668,"column":66}},"668":{"start":{"line":669,"column":0},"end":{"line":669,"column":42}},"669":{"start":{"line":670,"column":0},"end":{"line":670,"column":39}},"670":{"start":{"line":671,"column":0},"end":{"line":671,"column":159}},"671":{"start":{"line":672,"column":0},"end":{"line":672,"column":24}},"672":{"start":{"line":673,"column":0},"end":{"line":673,"column":148}},"673":{"start":{"line":674,"column":0},"end":{"line":674,"column":37}},"674":{"start":{"line":675,"column":0},"end":{"line":675,"column":24}},"675":{"start":{"line":676,"column":0},"end":{"line":676,"column":26}},"676":{"start":{"line":677,"column":0},"end":{"line":677,"column":14}},"677":{"start":{"line":678,"column":0},"end":{"line":678,"column":32}},"678":{"start":{"line":679,"column":0},"end":{"line":679,"column":128}},"679":{"start":{"line":680,"column":0},"end":{"line":680,"column":23}},"680":{"start":{"line":681,"column":0},"end":{"line":681,"column":9}},"681":{"start":{"line":682,"column":0},"end":{"line":682,"column":5}},"682":{"start":{"line":683,"column":0},"end":{"line":683,"column":3}},"691":{"start":{"line":692,"column":0},"end":{"line":692,"column":65}},"692":{"start":{"line":693,"column":0},"end":{"line":693,"column":42}},"693":{"start":{"line":694,"column":0},"end":{"line":694,"column":39}},"694":{"start":{"line":695,"column":0},"end":{"line":695,"column":42}},"695":{"start":{"line":696,"column":0},"end":{"line":696,"column":83}},"696":{"start":{"line":697,"column":0},"end":{"line":697,"column":36}},"697":{"start":{"line":698,"column":0},"end":{"line":698,"column":108}},"700":{"start":{"line":701,"column":0},"end":{"line":701,"column":104}},"705":{"start":{"line":706,"column":0},"end":{"line":706,"column":102}},"706":{"start":{"line":707,"column":0},"end":{"line":707,"column":33}},"707":{"start":{"line":708,"column":0},"end":{"line":708,"column":95}},"709":{"start":{"line":710,"column":0},"end":{"line":710,"column":51}},"710":{"start":{"line":711,"column":0},"end":{"line":711,"column":18}},"711":{"start":{"line":712,"column":0},"end":{"line":712,"column":181}},"712":{"start":{"line":713,"column":0},"end":{"line":713,"column":9}},"713":{"start":{"line":714,"column":0},"end":{"line":714,"column":142}},"715":{"start":{"line":716,"column":0},"end":{"line":716,"column":16}},"716":{"start":{"line":717,"column":0},"end":{"line":717,"column":228}},"717":{"start":{"line":718,"column":0},"end":{"line":718,"column":14}},"718":{"start":{"line":719,"column":0},"end":{"line":719,"column":24}},"719":{"start":{"line":720,"column":0},"end":{"line":720,"column":148}},"720":{"start":{"line":721,"column":0},"end":{"line":721,"column":14}},"721":{"start":{"line":722,"column":0},"end":{"line":722,"column":17}},"724":{"start":{"line":725,"column":0},"end":{"line":725,"column":93}},"725":{"start":{"line":726,"column":0},"end":{"line":726,"column":65}},"726":{"start":{"line":727,"column":0},"end":{"line":727,"column":89}},"731":{"start":{"line":732,"column":0},"end":{"line":732,"column":82}},"732":{"start":{"line":733,"column":0},"end":{"line":733,"column":134}},"733":{"start":{"line":734,"column":0},"end":{"line":734,"column":14}},"734":{"start":{"line":735,"column":0},"end":{"line":735,"column":24}},"735":{"start":{"line":736,"column":0},"end":{"line":736,"column":26}},"736":{"start":{"line":737,"column":0},"end":{"line":737,"column":14}},"737":{"start":{"line":738,"column":0},"end":{"line":738,"column":32}},"738":{"start":{"line":739,"column":0},"end":{"line":739,"column":126}},"739":{"start":{"line":740,"column":0},"end":{"line":740,"column":23}},"740":{"start":{"line":741,"column":0},"end":{"line":741,"column":9}},"741":{"start":{"line":742,"column":0},"end":{"line":742,"column":18}},"742":{"start":{"line":743,"column":0},"end":{"line":743,"column":5}},"743":{"start":{"line":744,"column":0},"end":{"line":744,"column":93}},"744":{"start":{"line":745,"column":0},"end":{"line":745,"column":37}},"745":{"start":{"line":746,"column":0},"end":{"line":746,"column":24}},"746":{"start":{"line":747,"column":0},"end":{"line":747,"column":26}},"747":{"start":{"line":748,"column":0},"end":{"line":748,"column":14}},"748":{"start":{"line":749,"column":0},"end":{"line":749,"column":32}},"749":{"start":{"line":750,"column":0},"end":{"line":750,"column":158}},"750":{"start":{"line":751,"column":0},"end":{"line":751,"column":23}},"751":{"start":{"line":752,"column":0},"end":{"line":752,"column":9}},"752":{"start":{"line":753,"column":0},"end":{"line":753,"column":5}},"755":{"start":{"line":756,"column":0},"end":{"line":756,"column":29}},"756":{"start":{"line":757,"column":0},"end":{"line":757,"column":96}},"757":{"start":{"line":758,"column":0},"end":{"line":758,"column":5}},"758":{"start":{"line":759,"column":0},"end":{"line":759,"column":123}},"759":{"start":{"line":760,"column":0},"end":{"line":760,"column":14}},"760":{"start":{"line":761,"column":0},"end":{"line":761,"column":3}},"769":{"start":{"line":770,"column":0},"end":{"line":770,"column":84}},"770":{"start":{"line":771,"column":0},"end":{"line":771,"column":41}},"771":{"start":{"line":772,"column":0},"end":{"line":772,"column":54}},"772":{"start":{"line":773,"column":0},"end":{"line":773,"column":114}},"773":{"start":{"line":774,"column":0},"end":{"line":774,"column":33}},"774":{"start":{"line":775,"column":0},"end":{"line":775,"column":48}},"775":{"start":{"line":776,"column":0},"end":{"line":776,"column":75}},"776":{"start":{"line":777,"column":0},"end":{"line":777,"column":5}},"777":{"start":{"line":778,"column":0},"end":{"line":778,"column":123}},"778":{"start":{"line":779,"column":0},"end":{"line":779,"column":98}},"779":{"start":{"line":780,"column":0},"end":{"line":780,"column":43}},"780":{"start":{"line":781,"column":0},"end":{"line":781,"column":25}},"781":{"start":{"line":782,"column":0},"end":{"line":782,"column":32}},"782":{"start":{"line":783,"column":0},"end":{"line":783,"column":33}},"783":{"start":{"line":784,"column":0},"end":{"line":784,"column":36}},"784":{"start":{"line":785,"column":0},"end":{"line":785,"column":49}},"785":{"start":{"line":786,"column":0},"end":{"line":786,"column":10}},"786":{"start":{"line":787,"column":0},"end":{"line":787,"column":204}},"787":{"start":{"line":788,"column":0},"end":{"line":788,"column":8}},"788":{"start":{"line":789,"column":0},"end":{"line":789,"column":35}},"789":{"start":{"line":790,"column":0},"end":{"line":790,"column":5}},"790":{"start":{"line":791,"column":0},"end":{"line":791,"column":26}},"791":{"start":{"line":792,"column":0},"end":{"line":792,"column":3}},"801":{"start":{"line":802,"column":0},"end":{"line":802,"column":27}},"812":{"start":{"line":813,"column":0},"end":{"line":813,"column":5}},"813":{"start":{"line":814,"column":0},"end":{"line":814,"column":46}},"815":{"start":{"line":816,"column":0},"end":{"line":816,"column":98}},"816":{"start":{"line":817,"column":0},"end":{"line":817,"column":35}},"817":{"start":{"line":818,"column":0},"end":{"line":818,"column":22}},"818":{"start":{"line":819,"column":0},"end":{"line":819,"column":83}},"819":{"start":{"line":820,"column":0},"end":{"line":820,"column":19}},"820":{"start":{"line":821,"column":0},"end":{"line":821,"column":78}},"821":{"start":{"line":822,"column":0},"end":{"line":822,"column":25}},"822":{"start":{"line":823,"column":0},"end":{"line":823,"column":84}},"823":{"start":{"line":824,"column":0},"end":{"line":824,"column":65}},"824":{"start":{"line":825,"column":0},"end":{"line":825,"column":9}},"825":{"start":{"line":826,"column":0},"end":{"line":826,"column":78}},"830":{"start":{"line":831,"column":0},"end":{"line":831,"column":24}},"831":{"start":{"line":832,"column":0},"end":{"line":832,"column":47}},"832":{"start":{"line":833,"column":0},"end":{"line":833,"column":20}},"833":{"start":{"line":834,"column":0},"end":{"line":834,"column":21}},"834":{"start":{"line":835,"column":0},"end":{"line":835,"column":23}},"835":{"start":{"line":836,"column":0},"end":{"line":836,"column":35}},"836":{"start":{"line":837,"column":0},"end":{"line":837,"column":25}},"837":{"start":{"line":838,"column":0},"end":{"line":838,"column":71}},"838":{"start":{"line":839,"column":0},"end":{"line":839,"column":47}},"839":{"start":{"line":840,"column":0},"end":{"line":840,"column":10}},"841":{"start":{"line":842,"column":0},"end":{"line":842,"column":41}},"842":{"start":{"line":843,"column":0},"end":{"line":843,"column":19}},"843":{"start":{"line":844,"column":0},"end":{"line":844,"column":16}},"844":{"start":{"line":845,"column":0},"end":{"line":845,"column":84}},"845":{"start":{"line":846,"column":0},"end":{"line":846,"column":36}},"846":{"start":{"line":847,"column":0},"end":{"line":847,"column":6}},"847":{"start":{"line":848,"column":0},"end":{"line":848,"column":112}},"848":{"start":{"line":849,"column":0},"end":{"line":849,"column":20}},"849":{"start":{"line":850,"column":0},"end":{"line":850,"column":115}},"850":{"start":{"line":851,"column":0},"end":{"line":851,"column":5}},"854":{"start":{"line":855,"column":0},"end":{"line":855,"column":42}},"855":{"start":{"line":856,"column":0},"end":{"line":856,"column":36}},"856":{"start":{"line":857,"column":0},"end":{"line":857,"column":17}},"857":{"start":{"line":858,"column":0},"end":{"line":858,"column":30}},"858":{"start":{"line":859,"column":0},"end":{"line":859,"column":22}},"859":{"start":{"line":860,"column":0},"end":{"line":860,"column":34}},"860":{"start":{"line":861,"column":0},"end":{"line":861,"column":127}},"861":{"start":{"line":862,"column":0},"end":{"line":862,"column":32}},"862":{"start":{"line":863,"column":0},"end":{"line":863,"column":8}},"863":{"start":{"line":864,"column":0},"end":{"line":864,"column":5}},"865":{"start":{"line":866,"column":0},"end":{"line":866,"column":51}},"866":{"start":{"line":867,"column":0},"end":{"line":867,"column":179}},"870":{"start":{"line":871,"column":0},"end":{"line":871,"column":50}},"871":{"start":{"line":872,"column":0},"end":{"line":872,"column":44}},"872":{"start":{"line":873,"column":0},"end":{"line":873,"column":17}},"873":{"start":{"line":874,"column":0},"end":{"line":874,"column":34}},"874":{"start":{"line":875,"column":0},"end":{"line":875,"column":22}},"875":{"start":{"line":876,"column":0},"end":{"line":876,"column":38}},"876":{"start":{"line":877,"column":0},"end":{"line":877,"column":69}},"877":{"start":{"line":878,"column":0},"end":{"line":878,"column":36}},"878":{"start":{"line":879,"column":0},"end":{"line":879,"column":8}},"879":{"start":{"line":880,"column":0},"end":{"line":880,"column":5}},"880":{"start":{"line":881,"column":0},"end":{"line":881,"column":47}},"881":{"start":{"line":882,"column":0},"end":{"line":882,"column":15}},"882":{"start":{"line":883,"column":0},"end":{"line":883,"column":17}},"883":{"start":{"line":884,"column":0},"end":{"line":884,"column":31}},"884":{"start":{"line":885,"column":0},"end":{"line":885,"column":36}},"885":{"start":{"line":886,"column":0},"end":{"line":886,"column":122}},"886":{"start":{"line":887,"column":0},"end":{"line":887,"column":8}},"887":{"start":{"line":888,"column":0},"end":{"line":888,"column":5}},"888":{"start":{"line":889,"column":0},"end":{"line":889,"column":134}},"889":{"start":{"line":890,"column":0},"end":{"line":890,"column":3}},"899":{"start":{"line":900,"column":0},"end":{"line":900,"column":66}},"900":{"start":{"line":901,"column":0},"end":{"line":901,"column":78}},"901":{"start":{"line":902,"column":0},"end":{"line":902,"column":65}},"902":{"start":{"line":903,"column":0},"end":{"line":903,"column":3}},"917":{"start":{"line":918,"column":0},"end":{"line":918,"column":95}},"918":{"start":{"line":919,"column":0},"end":{"line":919,"column":64}},"919":{"start":{"line":920,"column":0},"end":{"line":920,"column":28}},"920":{"start":{"line":921,"column":0},"end":{"line":921,"column":36}},"921":{"start":{"line":922,"column":0},"end":{"line":922,"column":18}},"922":{"start":{"line":923,"column":0},"end":{"line":923,"column":5}},"925":{"start":{"line":926,"column":0},"end":{"line":926,"column":95}},"926":{"start":{"line":927,"column":0},"end":{"line":927,"column":20}},"927":{"start":{"line":928,"column":0},"end":{"line":928,"column":3}},"936":{"start":{"line":937,"column":0},"end":{"line":937,"column":97}},"937":{"start":{"line":938,"column":0},"end":{"line":938,"column":49}},"938":{"start":{"line":939,"column":0},"end":{"line":939,"column":52}},"942":{"start":{"line":943,"column":0},"end":{"line":943,"column":73}},"943":{"start":{"line":944,"column":0},"end":{"line":944,"column":134}},"947":{"start":{"line":948,"column":0},"end":{"line":948,"column":32}},"948":{"start":{"line":949,"column":0},"end":{"line":949,"column":25}},"949":{"start":{"line":950,"column":0},"end":{"line":950,"column":32}},"950":{"start":{"line":951,"column":0},"end":{"line":951,"column":9}},"951":{"start":{"line":952,"column":0},"end":{"line":952,"column":52}},"952":{"start":{"line":953,"column":0},"end":{"line":953,"column":14}},"953":{"start":{"line":954,"column":0},"end":{"line":954,"column":15}},"954":{"start":{"line":955,"column":0},"end":{"line":955,"column":26}},"955":{"start":{"line":956,"column":0},"end":{"line":956,"column":12}},"956":{"start":{"line":957,"column":0},"end":{"line":957,"column":23}},"957":{"start":{"line":958,"column":0},"end":{"line":958,"column":38}},"958":{"start":{"line":959,"column":0},"end":{"line":959,"column":28}},"959":{"start":{"line":960,"column":0},"end":{"line":960,"column":40}},"960":{"start":{"line":961,"column":0},"end":{"line":961,"column":26}},"961":{"start":{"line":962,"column":0},"end":{"line":962,"column":15}},"964":{"start":{"line":965,"column":0},"end":{"line":965,"column":37}},"965":{"start":{"line":966,"column":0},"end":{"line":966,"column":27}},"966":{"start":{"line":967,"column":0},"end":{"line":967,"column":5}},"967":{"start":{"line":968,"column":0},"end":{"line":968,"column":137}},"968":{"start":{"line":969,"column":0},"end":{"line":969,"column":20}},"969":{"start":{"line":970,"column":0},"end":{"line":970,"column":3}},"982":{"start":{"line":983,"column":0},"end":{"line":983,"column":93}},"983":{"start":{"line":984,"column":0},"end":{"line":984,"column":42}},"984":{"start":{"line":985,"column":0},"end":{"line":985,"column":52}},"985":{"start":{"line":986,"column":0},"end":{"line":986,"column":9}},"986":{"start":{"line":987,"column":0},"end":{"line":987,"column":42}},"987":{"start":{"line":988,"column":0},"end":{"line":988,"column":14}},"988":{"start":{"line":989,"column":0},"end":{"line":989,"column":15}},"989":{"start":{"line":990,"column":0},"end":{"line":990,"column":24}},"990":{"start":{"line":991,"column":0},"end":{"line":991,"column":41}},"991":{"start":{"line":992,"column":0},"end":{"line":992,"column":44}},"992":{"start":{"line":993,"column":0},"end":{"line":993,"column":41}},"993":{"start":{"line":994,"column":0},"end":{"line":994,"column":48}},"994":{"start":{"line":995,"column":0},"end":{"line":995,"column":72}},"995":{"start":{"line":996,"column":0},"end":{"line":996,"column":21}},"996":{"start":{"line":997,"column":0},"end":{"line":997,"column":56}},"1000":{"start":{"line":1001,"column":0},"end":{"line":1001,"column":46}},"1001":{"start":{"line":1002,"column":0},"end":{"line":1002,"column":9}},"1002":{"start":{"line":1003,"column":0},"end":{"line":1003,"column":103}},"1003":{"start":{"line":1004,"column":0},"end":{"line":1004,"column":64}},"1004":{"start":{"line":1005,"column":0},"end":{"line":1005,"column":94}},"1006":{"start":{"line":1007,"column":0},"end":{"line":1007,"column":66}},"1007":{"start":{"line":1008,"column":0},"end":{"line":1008,"column":13}},"1008":{"start":{"line":1009,"column":0},"end":{"line":1009,"column":16}},"1009":{"start":{"line":1010,"column":0},"end":{"line":1010,"column":5}},"1010":{"start":{"line":1011,"column":0},"end":{"line":1011,"column":3}},"1025":{"start":{"line":1026,"column":0},"end":{"line":1026,"column":60}},"1026":{"start":{"line":1027,"column":0},"end":{"line":1027,"column":58}},"1027":{"start":{"line":1028,"column":0},"end":{"line":1028,"column":57}},"1028":{"start":{"line":1029,"column":0},"end":{"line":1029,"column":31}},"1029":{"start":{"line":1030,"column":0},"end":{"line":1030,"column":22}},"1030":{"start":{"line":1031,"column":0},"end":{"line":1031,"column":24}},"1031":{"start":{"line":1032,"column":0},"end":{"line":1032,"column":12}},"1032":{"start":{"line":1033,"column":0},"end":{"line":1033,"column":30}},"1033":{"start":{"line":1034,"column":0},"end":{"line":1034,"column":11}},"1034":{"start":{"line":1035,"column":0},"end":{"line":1035,"column":142}},"1035":{"start":{"line":1036,"column":0},"end":{"line":1036,"column":75}},"1036":{"start":{"line":1037,"column":0},"end":{"line":1037,"column":21}},"1037":{"start":{"line":1038,"column":0},"end":{"line":1038,"column":7}},"1038":{"start":{"line":1039,"column":0},"end":{"line":1039,"column":3}},"1044":{"start":{"line":1045,"column":0},"end":{"line":1045,"column":41}},"1056":{"start":{"line":1057,"column":0},"end":{"line":1057,"column":78}},"1058":{"start":{"line":1059,"column":0},"end":{"line":1059,"column":45}},"1059":{"start":{"line":1060,"column":0},"end":{"line":1060,"column":21}},"1060":{"start":{"line":1061,"column":0},"end":{"line":1061,"column":31}},"1061":{"start":{"line":1062,"column":0},"end":{"line":1062,"column":48}},"1062":{"start":{"line":1063,"column":0},"end":{"line":1063,"column":20}},"1063":{"start":{"line":1064,"column":0},"end":{"line":1064,"column":9}},"1064":{"start":{"line":1065,"column":0},"end":{"line":1065,"column":39}},"1065":{"start":{"line":1066,"column":0},"end":{"line":1066,"column":5}},"1066":{"start":{"line":1067,"column":0},"end":{"line":1067,"column":29}},"1067":{"start":{"line":1068,"column":0},"end":{"line":1068,"column":3}},"1070":{"start":{"line":1071,"column":0},"end":{"line":1071,"column":33}},"1071":{"start":{"line":1072,"column":0},"end":{"line":1072,"column":30}},"1072":{"start":{"line":1073,"column":0},"end":{"line":1073,"column":21}},"1073":{"start":{"line":1074,"column":0},"end":{"line":1074,"column":23}},"1074":{"start":{"line":1075,"column":0},"end":{"line":1075,"column":3}},"1077":{"start":{"line":1078,"column":0},"end":{"line":1078,"column":54}},"1080":{"start":{"line":1081,"column":0},"end":{"line":1081,"column":62}},"1099":{"start":{"line":1100,"column":0},"end":{"line":1100,"column":92}},"1100":{"start":{"line":1101,"column":0},"end":{"line":1101,"column":47}},"1101":{"start":{"line":1102,"column":0},"end":{"line":1102,"column":55}},"1102":{"start":{"line":1103,"column":0},"end":{"line":1103,"column":33}},"1103":{"start":{"line":1104,"column":0},"end":{"line":1104,"column":86}},"1104":{"start":{"line":1105,"column":0},"end":{"line":1105,"column":124}},"1105":{"start":{"line":1106,"column":0},"end":{"line":1106,"column":122}},"1106":{"start":{"line":1107,"column":0},"end":{"line":1107,"column":20}},"1107":{"start":{"line":1108,"column":0},"end":{"line":1108,"column":5}},"1108":{"start":{"line":1109,"column":0},"end":{"line":1109,"column":51}},"1109":{"start":{"line":1110,"column":0},"end":{"line":1110,"column":68}},"1110":{"start":{"line":1111,"column":0},"end":{"line":1111,"column":64}},"1111":{"start":{"line":1112,"column":0},"end":{"line":1112,"column":109}},"1112":{"start":{"line":1113,"column":0},"end":{"line":1113,"column":5}},"1114":{"start":{"line":1115,"column":0},"end":{"line":1115,"column":84}},"1115":{"start":{"line":1116,"column":0},"end":{"line":1116,"column":63}},"1120":{"start":{"line":1121,"column":0},"end":{"line":1121,"column":108}},"1121":{"start":{"line":1122,"column":0},"end":{"line":1122,"column":18}},"1122":{"start":{"line":1123,"column":0},"end":{"line":1123,"column":97}},"1123":{"start":{"line":1124,"column":0},"end":{"line":1124,"column":95}},"1126":{"start":{"line":1127,"column":0},"end":{"line":1127,"column":27}},"1127":{"start":{"line":1128,"column":0},"end":{"line":1128,"column":5}},"1128":{"start":{"line":1129,"column":0},"end":{"line":1129,"column":100}},"1129":{"start":{"line":1130,"column":0},"end":{"line":1130,"column":112}},"1130":{"start":{"line":1131,"column":0},"end":{"line":1131,"column":20}},"1131":{"start":{"line":1132,"column":0},"end":{"line":1132,"column":3}},"1145":{"start":{"line":1146,"column":0},"end":{"line":1146,"column":83}},"1146":{"start":{"line":1147,"column":0},"end":{"line":1147,"column":51}},"1147":{"start":{"line":1148,"column":0},"end":{"line":1148,"column":65}},"1148":{"start":{"line":1149,"column":0},"end":{"line":1149,"column":9}},"1151":{"start":{"line":1152,"column":0},"end":{"line":1152,"column":89}},"1152":{"start":{"line":1153,"column":0},"end":{"line":1153,"column":21}},"1153":{"start":{"line":1154,"column":0},"end":{"line":1154,"column":33}},"1154":{"start":{"line":1155,"column":0},"end":{"line":1155,"column":108}},"1155":{"start":{"line":1156,"column":0},"end":{"line":1156,"column":91}},"1156":{"start":{"line":1157,"column":0},"end":{"line":1157,"column":7}},"1157":{"start":{"line":1158,"column":0},"end":{"line":1158,"column":19}},"1158":{"start":{"line":1159,"column":0},"end":{"line":1159,"column":26}},"1159":{"start":{"line":1160,"column":0},"end":{"line":1160,"column":32}},"1160":{"start":{"line":1161,"column":0},"end":{"line":1161,"column":16}},"1161":{"start":{"line":1162,"column":0},"end":{"line":1162,"column":17}},"1162":{"start":{"line":1163,"column":0},"end":{"line":1163,"column":102}},"1163":{"start":{"line":1164,"column":0},"end":{"line":1164,"column":29}},"1164":{"start":{"line":1165,"column":0},"end":{"line":1165,"column":25}},"1165":{"start":{"line":1166,"column":0},"end":{"line":1166,"column":11}},"1166":{"start":{"line":1167,"column":0},"end":{"line":1167,"column":7}},"1167":{"start":{"line":1168,"column":0},"end":{"line":1168,"column":13}},"1169":{"start":{"line":1170,"column":0},"end":{"line":1170,"column":5}},"1170":{"start":{"line":1171,"column":0},"end":{"line":1171,"column":3}},"1182":{"start":{"line":1183,"column":0},"end":{"line":1183,"column":131}},"1183":{"start":{"line":1184,"column":0},"end":{"line":1184,"column":38}},"1184":{"start":{"line":1185,"column":0},"end":{"line":1185,"column":9}},"1185":{"start":{"line":1186,"column":0},"end":{"line":1186,"column":41}},"1186":{"start":{"line":1187,"column":0},"end":{"line":1187,"column":14}},"1187":{"start":{"line":1188,"column":0},"end":{"line":1188,"column":15}},"1188":{"start":{"line":1189,"column":0},"end":{"line":1189,"column":19}},"1189":{"start":{"line":1190,"column":0},"end":{"line":1190,"column":36}},"1190":{"start":{"line":1191,"column":0},"end":{"line":1191,"column":115}},"1191":{"start":{"line":1192,"column":0},"end":{"line":1192,"column":15}},"1192":{"start":{"line":1193,"column":0},"end":{"line":1193,"column":258}},"1194":{"start":{"line":1195,"column":0},"end":{"line":1195,"column":12}},"1195":{"start":{"line":1196,"column":0},"end":{"line":1196,"column":32}},"1196":{"start":{"line":1197,"column":0},"end":{"line":1197,"column":20}},"1197":{"start":{"line":1198,"column":0},"end":{"line":1198,"column":59}},"1198":{"start":{"line":1199,"column":0},"end":{"line":1199,"column":9}},"1199":{"start":{"line":1200,"column":0},"end":{"line":1200,"column":60}},"1200":{"start":{"line":1201,"column":0},"end":{"line":1201,"column":17}},"1201":{"start":{"line":1202,"column":0},"end":{"line":1202,"column":47}},"1202":{"start":{"line":1203,"column":0},"end":{"line":1203,"column":18}},"1203":{"start":{"line":1204,"column":0},"end":{"line":1204,"column":5}},"1204":{"start":{"line":1205,"column":0},"end":{"line":1205,"column":3}},"1207":{"start":{"line":1208,"column":0},"end":{"line":1208,"column":94}},"1208":{"start":{"line":1209,"column":0},"end":{"line":1209,"column":38}},"1211":{"start":{"line":1212,"column":0},"end":{"line":1212,"column":41}},"1212":{"start":{"line":1213,"column":0},"end":{"line":1213,"column":22}},"1213":{"start":{"line":1214,"column":0},"end":{"line":1214,"column":30}},"1214":{"start":{"line":1215,"column":0},"end":{"line":1215,"column":76}},"1215":{"start":{"line":1216,"column":0},"end":{"line":1216,"column":28}},"1216":{"start":{"line":1217,"column":0},"end":{"line":1217,"column":25}},"1217":{"start":{"line":1218,"column":0},"end":{"line":1218,"column":9}},"1218":{"start":{"line":1219,"column":0},"end":{"line":1219,"column":7}},"1219":{"start":{"line":1220,"column":0},"end":{"line":1220,"column":5}},"1220":{"start":{"line":1221,"column":0},"end":{"line":1221,"column":27}},"1221":{"start":{"line":1222,"column":0},"end":{"line":1222,"column":24}},"1222":{"start":{"line":1223,"column":0},"end":{"line":1223,"column":3}},"1233":{"start":{"line":1234,"column":0},"end":{"line":1234,"column":70}},"1234":{"start":{"line":1235,"column":0},"end":{"line":1235,"column":54}},"1235":{"start":{"line":1236,"column":0},"end":{"line":1236,"column":70}},"1236":{"start":{"line":1237,"column":0},"end":{"line":1237,"column":37}},"1237":{"start":{"line":1238,"column":0},"end":{"line":1238,"column":3}},"1240":{"start":{"line":1241,"column":0},"end":{"line":1241,"column":119}},"1241":{"start":{"line":1242,"column":0},"end":{"line":1242,"column":42}},"1242":{"start":{"line":1243,"column":0},"end":{"line":1243,"column":23}},"1243":{"start":{"line":1244,"column":0},"end":{"line":1244,"column":54}},"1244":{"start":{"line":1245,"column":0},"end":{"line":1245,"column":22}},"1246":{"start":{"line":1247,"column":0},"end":{"line":1247,"column":59}},"1247":{"start":{"line":1248,"column":0},"end":{"line":1248,"column":42}},"1248":{"start":{"line":1249,"column":0},"end":{"line":1249,"column":14}},"1249":{"start":{"line":1250,"column":0},"end":{"line":1250,"column":24}},"1250":{"start":{"line":1251,"column":0},"end":{"line":1251,"column":41}},"1251":{"start":{"line":1252,"column":0},"end":{"line":1252,"column":83}},"1252":{"start":{"line":1253,"column":0},"end":{"line":1253,"column":15}},"1253":{"start":{"line":1254,"column":0},"end":{"line":1254,"column":46}},"1254":{"start":{"line":1255,"column":0},"end":{"line":1255,"column":88}},"1255":{"start":{"line":1256,"column":0},"end":{"line":1256,"column":88}},"1256":{"start":{"line":1257,"column":0},"end":{"line":1257,"column":109}},"1257":{"start":{"line":1258,"column":0},"end":{"line":1258,"column":27}},"1258":{"start":{"line":1259,"column":0},"end":{"line":1259,"column":65}},"1259":{"start":{"line":1260,"column":0},"end":{"line":1260,"column":47}},"1260":{"start":{"line":1261,"column":0},"end":{"line":1261,"column":21}},"1261":{"start":{"line":1262,"column":0},"end":{"line":1262,"column":51}},"1262":{"start":{"line":1263,"column":0},"end":{"line":1263,"column":51}},"1263":{"start":{"line":1264,"column":0},"end":{"line":1264,"column":9}},"1264":{"start":{"line":1265,"column":0},"end":{"line":1265,"column":117}},"1266":{"start":{"line":1267,"column":0},"end":{"line":1267,"column":67}},"1267":{"start":{"line":1268,"column":0},"end":{"line":1268,"column":83}},"1268":{"start":{"line":1269,"column":0},"end":{"line":1269,"column":90}},"1270":{"start":{"line":1271,"column":0},"end":{"line":1271,"column":119}},"1271":{"start":{"line":1272,"column":0},"end":{"line":1272,"column":73}},"1272":{"start":{"line":1273,"column":0},"end":{"line":1273,"column":113}},"1273":{"start":{"line":1274,"column":0},"end":{"line":1274,"column":48}},"1274":{"start":{"line":1275,"column":0},"end":{"line":1275,"column":112}},"1275":{"start":{"line":1276,"column":0},"end":{"line":1276,"column":5}},"1276":{"start":{"line":1277,"column":0},"end":{"line":1277,"column":65}},"1277":{"start":{"line":1278,"column":0},"end":{"line":1278,"column":3}},"1280":{"start":{"line":1281,"column":0},"end":{"line":1281,"column":145}},"1281":{"start":{"line":1282,"column":0},"end":{"line":1282,"column":42}},"1282":{"start":{"line":1283,"column":0},"end":{"line":1283,"column":23}},"1283":{"start":{"line":1284,"column":0},"end":{"line":1284,"column":54}},"1284":{"start":{"line":1285,"column":0},"end":{"line":1285,"column":22}},"1285":{"start":{"line":1286,"column":0},"end":{"line":1286,"column":24}},"1286":{"start":{"line":1287,"column":0},"end":{"line":1287,"column":30}},"1288":{"start":{"line":1289,"column":0},"end":{"line":1289,"column":59}},"1292":{"start":{"line":1293,"column":0},"end":{"line":1293,"column":58}},"1293":{"start":{"line":1294,"column":0},"end":{"line":1294,"column":42}},"1294":{"start":{"line":1295,"column":0},"end":{"line":1295,"column":14}},"1295":{"start":{"line":1296,"column":0},"end":{"line":1296,"column":24}},"1296":{"start":{"line":1297,"column":0},"end":{"line":1297,"column":41}},"1297":{"start":{"line":1298,"column":0},"end":{"line":1298,"column":88}},"1298":{"start":{"line":1299,"column":0},"end":{"line":1299,"column":22}},"1299":{"start":{"line":1300,"column":0},"end":{"line":1300,"column":70}},"1300":{"start":{"line":1301,"column":0},"end":{"line":1301,"column":354}},"1301":{"start":{"line":1302,"column":0},"end":{"line":1302,"column":27}},"1302":{"start":{"line":1303,"column":0},"end":{"line":1303,"column":18}},"1303":{"start":{"line":1304,"column":0},"end":{"line":1304,"column":25}},"1304":{"start":{"line":1305,"column":0},"end":{"line":1305,"column":20}},"1305":{"start":{"line":1306,"column":0},"end":{"line":1306,"column":51}},"1306":{"start":{"line":1307,"column":0},"end":{"line":1307,"column":51}},"1307":{"start":{"line":1308,"column":0},"end":{"line":1308,"column":9}},"1308":{"start":{"line":1309,"column":0},"end":{"line":1309,"column":37}},"1309":{"start":{"line":1310,"column":0},"end":{"line":1310,"column":77}},"1312":{"start":{"line":1313,"column":0},"end":{"line":1313,"column":116}},"1316":{"start":{"line":1317,"column":0},"end":{"line":1317,"column":11}},"1317":{"start":{"line":1318,"column":0},"end":{"line":1318,"column":79}},"1318":{"start":{"line":1319,"column":0},"end":{"line":1319,"column":29}},"1319":{"start":{"line":1320,"column":0},"end":{"line":1320,"column":70}},"1320":{"start":{"line":1321,"column":0},"end":{"line":1321,"column":54}},"1321":{"start":{"line":1322,"column":0},"end":{"line":1322,"column":75}},"1322":{"start":{"line":1323,"column":0},"end":{"line":1323,"column":16}},"1323":{"start":{"line":1324,"column":0},"end":{"line":1324,"column":44}},"1324":{"start":{"line":1325,"column":0},"end":{"line":1325,"column":24}},"1325":{"start":{"line":1326,"column":0},"end":{"line":1326,"column":72}},"1326":{"start":{"line":1327,"column":0},"end":{"line":1327,"column":24}},"1327":{"start":{"line":1328,"column":0},"end":{"line":1328,"column":84}},"1328":{"start":{"line":1329,"column":0},"end":{"line":1329,"column":9}},"1329":{"start":{"line":1330,"column":0},"end":{"line":1330,"column":19}},"1330":{"start":{"line":1331,"column":0},"end":{"line":1331,"column":34}},"1331":{"start":{"line":1332,"column":0},"end":{"line":1332,"column":124}},"1332":{"start":{"line":1333,"column":0},"end":{"line":1333,"column":114}},"1333":{"start":{"line":1334,"column":0},"end":{"line":1334,"column":7}},"1334":{"start":{"line":1335,"column":0},"end":{"line":1335,"column":112}},"1335":{"start":{"line":1336,"column":0},"end":{"line":1336,"column":5}},"1336":{"start":{"line":1337,"column":0},"end":{"line":1337,"column":65}},"1337":{"start":{"line":1338,"column":0},"end":{"line":1338,"column":3}},"1340":{"start":{"line":1341,"column":0},"end":{"line":1341,"column":137}},"1341":{"start":{"line":1342,"column":0},"end":{"line":1342,"column":108}},"1342":{"start":{"line":1343,"column":0},"end":{"line":1343,"column":107}},"1343":{"start":{"line":1344,"column":0},"end":{"line":1344,"column":18}},"1344":{"start":{"line":1345,"column":0},"end":{"line":1345,"column":3}},"1346":{"start":{"line":1347,"column":0},"end":{"line":1347,"column":95}},"1347":{"start":{"line":1348,"column":0},"end":{"line":1348,"column":95}},"1348":{"start":{"line":1349,"column":0},"end":{"line":1349,"column":54}},"1349":{"start":{"line":1350,"column":0},"end":{"line":1350,"column":29}},"1350":{"start":{"line":1351,"column":0},"end":{"line":1351,"column":3}},"1353":{"start":{"line":1354,"column":0},"end":{"line":1354,"column":75}},"1354":{"start":{"line":1355,"column":0},"end":{"line":1355,"column":66}},"1355":{"start":{"line":1356,"column":0},"end":{"line":1356,"column":9}},"1356":{"start":{"line":1357,"column":0},"end":{"line":1357,"column":42}},"1357":{"start":{"line":1358,"column":0},"end":{"line":1358,"column":32}},"1358":{"start":{"line":1359,"column":0},"end":{"line":1359,"column":13}},"1359":{"start":{"line":1360,"column":0},"end":{"line":1360,"column":38}},"1360":{"start":{"line":1361,"column":0},"end":{"line":1361,"column":5}},"1361":{"start":{"line":1362,"column":0},"end":{"line":1362,"column":16}},"1362":{"start":{"line":1363,"column":0},"end":{"line":1363,"column":3}},"1364":{"start":{"line":1365,"column":0},"end":{"line":1365,"column":56}},"1365":{"start":{"line":1366,"column":0},"end":{"line":1366,"column":42}},"1366":{"start":{"line":1367,"column":0},"end":{"line":1367,"column":60}},"1367":{"start":{"line":1368,"column":0},"end":{"line":1368,"column":40}},"1368":{"start":{"line":1369,"column":0},"end":{"line":1369,"column":45}},"1369":{"start":{"line":1370,"column":0},"end":{"line":1370,"column":45}},"1370":{"start":{"line":1371,"column":0},"end":{"line":1371,"column":78}},"1371":{"start":{"line":1372,"column":0},"end":{"line":1372,"column":78}},"1373":{"start":{"line":1374,"column":0},"end":{"line":1374,"column":85}},"1374":{"start":{"line":1375,"column":0},"end":{"line":1375,"column":52}},"1375":{"start":{"line":1376,"column":0},"end":{"line":1376,"column":27}},"1376":{"start":{"line":1377,"column":0},"end":{"line":1377,"column":12}},"1377":{"start":{"line":1378,"column":0},"end":{"line":1378,"column":60}},"1378":{"start":{"line":1379,"column":0},"end":{"line":1379,"column":30}},"1379":{"start":{"line":1380,"column":0},"end":{"line":1380,"column":17}},"1380":{"start":{"line":1381,"column":0},"end":{"line":1381,"column":25}},"1381":{"start":{"line":1382,"column":0},"end":{"line":1382,"column":23}},"1382":{"start":{"line":1383,"column":0},"end":{"line":1383,"column":21}},"1383":{"start":{"line":1384,"column":0},"end":{"line":1384,"column":49}},"1384":{"start":{"line":1385,"column":0},"end":{"line":1385,"column":31}},"1385":{"start":{"line":1386,"column":0},"end":{"line":1386,"column":38}},"1386":{"start":{"line":1387,"column":0},"end":{"line":1387,"column":21}},"1387":{"start":{"line":1388,"column":0},"end":{"line":1388,"column":27}},"1388":{"start":{"line":1389,"column":0},"end":{"line":1389,"column":32}},"1389":{"start":{"line":1390,"column":0},"end":{"line":1390,"column":23}},"1390":{"start":{"line":1391,"column":0},"end":{"line":1391,"column":24}},"1391":{"start":{"line":1392,"column":0},"end":{"line":1392,"column":20}},"1392":{"start":{"line":1393,"column":0},"end":{"line":1393,"column":27}},"1393":{"start":{"line":1394,"column":0},"end":{"line":1394,"column":27}},"1394":{"start":{"line":1395,"column":0},"end":{"line":1395,"column":9}},"1395":{"start":{"line":1396,"column":0},"end":{"line":1396,"column":6}},"1396":{"start":{"line":1397,"column":0},"end":{"line":1397,"column":13}},"1397":{"start":{"line":1398,"column":0},"end":{"line":1398,"column":3}},"1399":{"start":{"line":1400,"column":0},"end":{"line":1400,"column":42}},"1400":{"start":{"line":1401,"column":0},"end":{"line":1401,"column":42}},"1401":{"start":{"line":1402,"column":0},"end":{"line":1402,"column":64}},"1402":{"start":{"line":1403,"column":0},"end":{"line":1403,"column":3}},"1404":{"start":{"line":1405,"column":0},"end":{"line":1405,"column":46}},"1405":{"start":{"line":1406,"column":0},"end":{"line":1406,"column":46}},"1406":{"start":{"line":1407,"column":0},"end":{"line":1407,"column":109}},"1407":{"start":{"line":1408,"column":0},"end":{"line":1408,"column":3}},"1409":{"start":{"line":1410,"column":0},"end":{"line":1410,"column":58}},"1410":{"start":{"line":1411,"column":0},"end":{"line":1411,"column":37}},"1411":{"start":{"line":1412,"column":0},"end":{"line":1412,"column":53}},"1412":{"start":{"line":1413,"column":0},"end":{"line":1413,"column":50}},"1413":{"start":{"line":1414,"column":0},"end":{"line":1414,"column":14}},"1414":{"start":{"line":1415,"column":0},"end":{"line":1415,"column":16}},"1415":{"start":{"line":1416,"column":0},"end":{"line":1416,"column":19}},"1416":{"start":{"line":1417,"column":0},"end":{"line":1417,"column":114}},"1417":{"start":{"line":1418,"column":0},"end":{"line":1418,"column":19}},"1418":{"start":{"line":1419,"column":0},"end":{"line":1419,"column":8}},"1419":{"start":{"line":1420,"column":0},"end":{"line":1420,"column":18}},"1420":{"start":{"line":1421,"column":0},"end":{"line":1421,"column":83}},"1421":{"start":{"line":1422,"column":0},"end":{"line":1422,"column":142}},"1422":{"start":{"line":1423,"column":0},"end":{"line":1423,"column":7}},"1423":{"start":{"line":1424,"column":0},"end":{"line":1424,"column":5}},"1424":{"start":{"line":1425,"column":0},"end":{"line":1425,"column":3}},"1428":{"start":{"line":1429,"column":0},"end":{"line":1429,"column":55}},"1429":{"start":{"line":1430,"column":0},"end":{"line":1430,"column":42}},"1430":{"start":{"line":1431,"column":0},"end":{"line":1431,"column":49}},"1431":{"start":{"line":1432,"column":0},"end":{"line":1432,"column":54}},"1438":{"start":{"line":1439,"column":0},"end":{"line":1439,"column":50}},"1439":{"start":{"line":1440,"column":0},"end":{"line":1440,"column":81}},"1440":{"start":{"line":1441,"column":0},"end":{"line":1441,"column":33}},"1441":{"start":{"line":1442,"column":0},"end":{"line":1442,"column":29}},"1442":{"start":{"line":1443,"column":0},"end":{"line":1443,"column":226}},"1443":{"start":{"line":1444,"column":0},"end":{"line":1444,"column":10}},"1444":{"start":{"line":1445,"column":0},"end":{"line":1445,"column":112}},"1445":{"start":{"line":1446,"column":0},"end":{"line":1446,"column":7}},"1446":{"start":{"line":1447,"column":0},"end":{"line":1447,"column":5}},"1453":{"start":{"line":1454,"column":0},"end":{"line":1454,"column":59}},"1454":{"start":{"line":1455,"column":0},"end":{"line":1455,"column":90}},"1455":{"start":{"line":1456,"column":0},"end":{"line":1456,"column":54}},"1456":{"start":{"line":1457,"column":0},"end":{"line":1457,"column":49}},"1475":{"start":{"line":1476,"column":0},"end":{"line":1476,"column":95}},"1477":{"start":{"line":1478,"column":0},"end":{"line":1478,"column":14}},"1481":{"start":{"line":1482,"column":0},"end":{"line":1482,"column":46}},"1482":{"start":{"line":1483,"column":0},"end":{"line":1483,"column":50}},"1483":{"start":{"line":1484,"column":0},"end":{"line":1484,"column":68}},"1484":{"start":{"line":1485,"column":0},"end":{"line":1485,"column":26}},"1485":{"start":{"line":1486,"column":0},"end":{"line":1486,"column":91}},"1486":{"start":{"line":1487,"column":0},"end":{"line":1487,"column":28}},"1487":{"start":{"line":1488,"column":0},"end":{"line":1488,"column":54}},"1488":{"start":{"line":1489,"column":0},"end":{"line":1489,"column":25}},"1493":{"start":{"line":1494,"column":0},"end":{"line":1494,"column":46}},"1494":{"start":{"line":1495,"column":0},"end":{"line":1495,"column":43}},"1495":{"start":{"line":1496,"column":0},"end":{"line":1496,"column":21}},"1496":{"start":{"line":1497,"column":0},"end":{"line":1497,"column":13}},"1497":{"start":{"line":1498,"column":0},"end":{"line":1498,"column":53}},"1498":{"start":{"line":1499,"column":0},"end":{"line":1499,"column":95}},"1499":{"start":{"line":1500,"column":0},"end":{"line":1500,"column":74}},"1500":{"start":{"line":1501,"column":0},"end":{"line":1501,"column":13}},"1501":{"start":{"line":1502,"column":0},"end":{"line":1502,"column":12}},"1502":{"start":{"line":1503,"column":0},"end":{"line":1503,"column":26}},"1503":{"start":{"line":1504,"column":0},"end":{"line":1504,"column":32}},"1507":{"start":{"line":1508,"column":0},"end":{"line":1508,"column":43}},"1508":{"start":{"line":1509,"column":0},"end":{"line":1509,"column":13}},"1509":{"start":{"line":1510,"column":0},"end":{"line":1510,"column":33}},"1510":{"start":{"line":1511,"column":0},"end":{"line":1511,"column":7}},"1512":{"start":{"line":1513,"column":0},"end":{"line":1513,"column":26}},"1519":{"start":{"line":1520,"column":0},"end":{"line":1520,"column":76}},"1520":{"start":{"line":1521,"column":0},"end":{"line":1521,"column":17}},"1521":{"start":{"line":1522,"column":0},"end":{"line":1522,"column":7}},"1525":{"start":{"line":1526,"column":0},"end":{"line":1526,"column":27}},"1526":{"start":{"line":1527,"column":0},"end":{"line":1527,"column":39}},"1528":{"start":{"line":1529,"column":0},"end":{"line":1529,"column":48}},"1529":{"start":{"line":1530,"column":0},"end":{"line":1530,"column":55}},"1532":{"start":{"line":1533,"column":0},"end":{"line":1533,"column":30}},"1533":{"start":{"line":1534,"column":0},"end":{"line":1534,"column":33}},"1534":{"start":{"line":1535,"column":0},"end":{"line":1535,"column":98}},"1535":{"start":{"line":1536,"column":0},"end":{"line":1536,"column":43}},"1536":{"start":{"line":1537,"column":0},"end":{"line":1537,"column":9}},"1537":{"start":{"line":1538,"column":0},"end":{"line":1538,"column":7}},"1538":{"start":{"line":1539,"column":0},"end":{"line":1539,"column":12}},"1539":{"start":{"line":1540,"column":0},"end":{"line":1540,"column":5}},"1540":{"start":{"line":1541,"column":0},"end":{"line":1541,"column":25}},"1541":{"start":{"line":1542,"column":0},"end":{"line":1542,"column":3}},"1548":{"start":{"line":1549,"column":0},"end":{"line":1549,"column":111}},"1549":{"start":{"line":1550,"column":0},"end":{"line":1550,"column":59}},"1550":{"start":{"line":1551,"column":0},"end":{"line":1551,"column":38}},"1551":{"start":{"line":1552,"column":0},"end":{"line":1552,"column":36}},"1552":{"start":{"line":1553,"column":0},"end":{"line":1553,"column":37}},"1553":{"start":{"line":1554,"column":0},"end":{"line":1554,"column":97}},"1554":{"start":{"line":1555,"column":0},"end":{"line":1555,"column":6}},"1557":{"start":{"line":1558,"column":0},"end":{"line":1558,"column":65}},"1558":{"start":{"line":1559,"column":0},"end":{"line":1559,"column":45}},"1562":{"start":{"line":1563,"column":0},"end":{"line":1563,"column":100}},"1563":{"start":{"line":1564,"column":0},"end":{"line":1564,"column":26}},"1564":{"start":{"line":1565,"column":0},"end":{"line":1565,"column":11}},"1565":{"start":{"line":1566,"column":0},"end":{"line":1566,"column":56}},"1566":{"start":{"line":1567,"column":0},"end":{"line":1567,"column":15}},"1567":{"start":{"line":1568,"column":0},"end":{"line":1568,"column":93}},"1568":{"start":{"line":1569,"column":0},"end":{"line":1569,"column":7}},"1569":{"start":{"line":1570,"column":0},"end":{"line":1570,"column":29}},"1570":{"start":{"line":1571,"column":0},"end":{"line":1571,"column":49}},"1571":{"start":{"line":1572,"column":0},"end":{"line":1572,"column":5}},"1572":{"start":{"line":1573,"column":0},"end":{"line":1573,"column":18}},"1573":{"start":{"line":1574,"column":0},"end":{"line":1574,"column":3}},"1583":{"start":{"line":1584,"column":0},"end":{"line":1584,"column":37}},"1584":{"start":{"line":1585,"column":0},"end":{"line":1585,"column":42}},"1585":{"start":{"line":1586,"column":0},"end":{"line":1586,"column":104}},"1586":{"start":{"line":1587,"column":0},"end":{"line":1587,"column":3}},"1600":{"start":{"line":1601,"column":0},"end":{"line":1601,"column":67}},"1601":{"start":{"line":1602,"column":0},"end":{"line":1602,"column":42}},"1602":{"start":{"line":1603,"column":0},"end":{"line":1603,"column":58}},"1603":{"start":{"line":1604,"column":0},"end":{"line":1604,"column":61}},"1604":{"start":{"line":1605,"column":0},"end":{"line":1605,"column":53}},"1605":{"start":{"line":1606,"column":0},"end":{"line":1606,"column":27}},"1606":{"start":{"line":1607,"column":0},"end":{"line":1607,"column":34}},"1607":{"start":{"line":1608,"column":0},"end":{"line":1608,"column":43}},"1608":{"start":{"line":1609,"column":0},"end":{"line":1609,"column":20}},"1609":{"start":{"line":1610,"column":0},"end":{"line":1610,"column":24}},"1610":{"start":{"line":1611,"column":0},"end":{"line":1611,"column":61}},"1613":{"start":{"line":1614,"column":0},"end":{"line":1614,"column":41}},"1614":{"start":{"line":1615,"column":0},"end":{"line":1615,"column":94}},"1615":{"start":{"line":1616,"column":0},"end":{"line":1616,"column":27}},"1616":{"start":{"line":1617,"column":0},"end":{"line":1617,"column":30}},"1617":{"start":{"line":1618,"column":0},"end":{"line":1618,"column":32}},"1618":{"start":{"line":1619,"column":0},"end":{"line":1619,"column":20}},"1619":{"start":{"line":1620,"column":0},"end":{"line":1620,"column":31}},"1620":{"start":{"line":1621,"column":0},"end":{"line":1621,"column":135}},"1621":{"start":{"line":1622,"column":0},"end":{"line":1622,"column":29}},"1622":{"start":{"line":1623,"column":0},"end":{"line":1623,"column":15}},"1623":{"start":{"line":1624,"column":0},"end":{"line":1624,"column":11}},"1624":{"start":{"line":1625,"column":0},"end":{"line":1625,"column":24}},"1625":{"start":{"line":1626,"column":0},"end":{"line":1626,"column":10}},"1626":{"start":{"line":1627,"column":0},"end":{"line":1627,"column":28}},"1627":{"start":{"line":1628,"column":0},"end":{"line":1628,"column":40}},"1628":{"start":{"line":1629,"column":0},"end":{"line":1629,"column":5}},"1629":{"start":{"line":1630,"column":0},"end":{"line":1630,"column":20}},"1630":{"start":{"line":1631,"column":0},"end":{"line":1631,"column":3}},"1639":{"start":{"line":1640,"column":0},"end":{"line":1640,"column":117}},"1640":{"start":{"line":1641,"column":0},"end":{"line":1641,"column":60}},"1643":{"start":{"line":1644,"column":0},"end":{"line":1644,"column":65}},"1644":{"start":{"line":1645,"column":0},"end":{"line":1645,"column":66}},"1645":{"start":{"line":1646,"column":0},"end":{"line":1646,"column":73}},"1646":{"start":{"line":1647,"column":0},"end":{"line":1647,"column":27}},"1647":{"start":{"line":1648,"column":0},"end":{"line":1648,"column":38}},"1648":{"start":{"line":1649,"column":0},"end":{"line":1649,"column":49}},"1649":{"start":{"line":1650,"column":0},"end":{"line":1650,"column":54}},"1650":{"start":{"line":1651,"column":0},"end":{"line":1651,"column":73}},"1651":{"start":{"line":1652,"column":0},"end":{"line":1652,"column":5}},"1652":{"start":{"line":1653,"column":0},"end":{"line":1653,"column":22}},"1653":{"start":{"line":1654,"column":0},"end":{"line":1654,"column":34}},"1654":{"start":{"line":1655,"column":0},"end":{"line":1655,"column":105}},"1655":{"start":{"line":1656,"column":0},"end":{"line":1656,"column":28}},"1656":{"start":{"line":1657,"column":0},"end":{"line":1657,"column":114}},"1657":{"start":{"line":1658,"column":0},"end":{"line":1658,"column":7}},"1658":{"start":{"line":1659,"column":0},"end":{"line":1659,"column":3}},"1660":{"start":{"line":1661,"column":0},"end":{"line":1661,"column":95}},"1661":{"start":{"line":1662,"column":0},"end":{"line":1662,"column":42}},"1662":{"start":{"line":1663,"column":0},"end":{"line":1663,"column":59}},"1663":{"start":{"line":1664,"column":0},"end":{"line":1664,"column":87}},"1664":{"start":{"line":1665,"column":0},"end":{"line":1665,"column":120}},"1665":{"start":{"line":1666,"column":0},"end":{"line":1666,"column":21}},"1668":{"start":{"line":1669,"column":0},"end":{"line":1669,"column":61}},"1669":{"start":{"line":1670,"column":0},"end":{"line":1670,"column":97}},"1670":{"start":{"line":1671,"column":0},"end":{"line":1671,"column":7}},"1671":{"start":{"line":1672,"column":0},"end":{"line":1672,"column":5}},"1673":{"start":{"line":1674,"column":0},"end":{"line":1674,"column":50}},"1677":{"start":{"line":1678,"column":0},"end":{"line":1678,"column":51}},"1678":{"start":{"line":1679,"column":0},"end":{"line":1679,"column":83}},"1679":{"start":{"line":1680,"column":0},"end":{"line":1680,"column":75}},"1680":{"start":{"line":1681,"column":0},"end":{"line":1681,"column":175}},"1681":{"start":{"line":1682,"column":0},"end":{"line":1682,"column":42}},"1682":{"start":{"line":1683,"column":0},"end":{"line":1683,"column":23}},"1683":{"start":{"line":1684,"column":0},"end":{"line":1684,"column":78}},"1684":{"start":{"line":1685,"column":0},"end":{"line":1685,"column":70}},"1685":{"start":{"line":1686,"column":0},"end":{"line":1686,"column":8}},"1686":{"start":{"line":1687,"column":0},"end":{"line":1687,"column":7}},"1687":{"start":{"line":1688,"column":0},"end":{"line":1688,"column":91}},"1688":{"start":{"line":1689,"column":0},"end":{"line":1689,"column":28}},"1689":{"start":{"line":1690,"column":0},"end":{"line":1690,"column":119}},"1690":{"start":{"line":1691,"column":0},"end":{"line":1691,"column":7}},"1691":{"start":{"line":1692,"column":0},"end":{"line":1692,"column":5}},"1693":{"start":{"line":1694,"column":0},"end":{"line":1694,"column":52}},"1698":{"start":{"line":1699,"column":0},"end":{"line":1699,"column":45}},"1700":{"start":{"line":1701,"column":0},"end":{"line":1701,"column":108}},"1701":{"start":{"line":1702,"column":0},"end":{"line":1702,"column":27}},"1703":{"start":{"line":1704,"column":0},"end":{"line":1704,"column":88}},"1704":{"start":{"line":1705,"column":0},"end":{"line":1705,"column":54}},"1706":{"start":{"line":1707,"column":0},"end":{"line":1707,"column":56}},"1711":{"start":{"line":1712,"column":0},"end":{"line":1712,"column":42}},"1714":{"start":{"line":1715,"column":0},"end":{"line":1715,"column":40}},"1718":{"start":{"line":1719,"column":0},"end":{"line":1719,"column":48}},"1720":{"start":{"line":1721,"column":0},"end":{"line":1721,"column":26}},"1733":{"start":{"line":1734,"column":0},"end":{"line":1734,"column":27}},"1734":{"start":{"line":1735,"column":0},"end":{"line":1735,"column":31}},"1744":{"start":{"line":1745,"column":0},"end":{"line":1745,"column":64}},"1745":{"start":{"line":1746,"column":0},"end":{"line":1746,"column":38}},"1746":{"start":{"line":1747,"column":0},"end":{"line":1747,"column":64}},"1747":{"start":{"line":1748,"column":0},"end":{"line":1748,"column":45}},"1748":{"start":{"line":1749,"column":0},"end":{"line":1749,"column":22}},"1749":{"start":{"line":1750,"column":0},"end":{"line":1750,"column":6}},"1750":{"start":{"line":1751,"column":0},"end":{"line":1751,"column":14}},"1751":{"start":{"line":1752,"column":0},"end":{"line":1752,"column":48}},"1755":{"start":{"line":1756,"column":0},"end":{"line":1756,"column":78}},"1756":{"start":{"line":1757,"column":0},"end":{"line":1757,"column":35}},"1757":{"start":{"line":1758,"column":0},"end":{"line":1758,"column":139}},"1758":{"start":{"line":1759,"column":0},"end":{"line":1759,"column":96}},"1759":{"start":{"line":1760,"column":0},"end":{"line":1760,"column":10}},"1760":{"start":{"line":1761,"column":0},"end":{"line":1761,"column":38}},"1761":{"start":{"line":1762,"column":0},"end":{"line":1762,"column":31}},"1762":{"start":{"line":1763,"column":0},"end":{"line":1763,"column":20}},"1763":{"start":{"line":1764,"column":0},"end":{"line":1764,"column":136}},"1764":{"start":{"line":1765,"column":0},"end":{"line":1765,"column":115}},"1765":{"start":{"line":1766,"column":0},"end":{"line":1766,"column":7}},"1769":{"start":{"line":1770,"column":0},"end":{"line":1770,"column":52}},"1772":{"start":{"line":1773,"column":0},"end":{"line":1773,"column":69}},"1773":{"start":{"line":1774,"column":0},"end":{"line":1774,"column":27}},"1774":{"start":{"line":1775,"column":0},"end":{"line":1775,"column":20}},"1775":{"start":{"line":1776,"column":0},"end":{"line":1776,"column":51}},"1776":{"start":{"line":1777,"column":0},"end":{"line":1777,"column":118}},"1777":{"start":{"line":1778,"column":0},"end":{"line":1778,"column":7}},"1778":{"start":{"line":1779,"column":0},"end":{"line":1779,"column":11}},"1779":{"start":{"line":1780,"column":0},"end":{"line":1780,"column":44}},"1780":{"start":{"line":1781,"column":0},"end":{"line":1781,"column":16}},"1781":{"start":{"line":1782,"column":0},"end":{"line":1782,"column":17}},"1782":{"start":{"line":1783,"column":0},"end":{"line":1783,"column":25}},"1783":{"start":{"line":1784,"column":0},"end":{"line":1784,"column":42}},"1784":{"start":{"line":1785,"column":0},"end":{"line":1785,"column":93}},"1785":{"start":{"line":1786,"column":0},"end":{"line":1786,"column":116}},"1786":{"start":{"line":1787,"column":0},"end":{"line":1787,"column":32}},"1787":{"start":{"line":1788,"column":0},"end":{"line":1788,"column":23}},"1788":{"start":{"line":1789,"column":0},"end":{"line":1789,"column":41}},"1789":{"start":{"line":1790,"column":0},"end":{"line":1790,"column":32}},"1790":{"start":{"line":1791,"column":0},"end":{"line":1791,"column":33}},"1791":{"start":{"line":1792,"column":0},"end":{"line":1792,"column":26}},"1792":{"start":{"line":1793,"column":0},"end":{"line":1793,"column":61}},"1793":{"start":{"line":1794,"column":0},"end":{"line":1794,"column":11}},"1794":{"start":{"line":1795,"column":0},"end":{"line":1795,"column":42}},"1795":{"start":{"line":1796,"column":0},"end":{"line":1796,"column":61}},"1796":{"start":{"line":1797,"column":0},"end":{"line":1797,"column":92}},"1797":{"start":{"line":1798,"column":0},"end":{"line":1798,"column":68}},"1798":{"start":{"line":1799,"column":0},"end":{"line":1799,"column":195}},"1799":{"start":{"line":1800,"column":0},"end":{"line":1800,"column":48}},"1806":{"start":{"line":1807,"column":0},"end":{"line":1807,"column":83}},"1807":{"start":{"line":1808,"column":0},"end":{"line":1808,"column":9}},"1808":{"start":{"line":1809,"column":0},"end":{"line":1809,"column":19}},"1809":{"start":{"line":1810,"column":0},"end":{"line":1810,
[...]
nch","line":2220,"loc":{"start":{"line":2220,"column":4},"end":{"line":2222,"column":5}},"locations":[{"start":{"line":2220,"column":4},"end":{"line":2222,"column":5}}]}},"b":{"0":[130],"1":[127],"2":[105],"3":[105],"4":[95],"5":[0],"6":[71],"7":[5],"8":[8],"9":[0],"10":[6],"11":[13],"12":[12],"13":[2],"14":[2],"15":[2],"16":[1],"17":[1],"18":[0],"19":[10],"20":[13],"21":[6],"22":[3],"23":[18],"24":[18],"25":[7],"26":[6],"27":[6],"28":[3],"29":[5],"30":[1],"31":[4],"32":[1],"33":[4],"34":[1],"35":[2],"36":[1],"37":[0],"38":[4],"39":[2],"40":[3],"41":[1],"42":[2],"43":[0],"44":[0],"45":[1],"46":[4],"47":[7],"48":[4],"49":[3],"50":[2],"51":[1],"52":[2],"53":[4],"54":[7],"55":[1],"56":[100],"57":[0],"58":[95],"59":[5],"60":[0],"61":[0],"62":[79],"63":[95],"64":[74],"65":[0],"66":[74],"67":[79],"68":[78],"69":[75],"70":[76],"71":[0],"72":[76],"73":[1],"74":[1],"75":[76],"76":[74],"77":[19],"78":[57],"79":[67],"80":[1],"81":[56],"82":[0],"83":[67],"84":[56],"85":[5],"86":[0],"87":[85],"88":[68],"89":[4],"90":[64],"91":[76],"92":[74],"93":[19],"94":[0],"95":[58],"96":[57],"97":[53],"98":[51],"99":[2],"100":[4],"101":[0],"102":[3],"103":[1],"104":[76],"105":[4],"106":[72],"107":[24],"108":[4],"109":[0],"110":[4],"111":[24],"112":[4],"113":[1],"114":[3],"115":[1],"116":[2],"117":[0],"118":[2],"119":[3],"120":[0],"121":[2],"122":[0],"123":[2],"124":[2],"125":[2],"126":[29],"127":[21],"128":[21],"129":[20],"130":[15],"131":[15],"132":[5],"133":[4],"134":[11],"135":[4],"136":[0],"137":[4],"138":[4],"139":[76],"140":[51],"141":[30],"142":[25],"143":[8],"144":[24],"145":[17],"146":[9],"147":[8],"148":[1],"149":[21],"150":[12],"151":[9],"152":[55],"153":[33],"154":[27],"155":[22],"156":[0],"157":[22],"158":[0],"159":[22],"160":[21],"161":[2],"162":[1],"163":[1],"164":[0],"165":[21],"166":[20],"167":[1],"168":[0],"169":[0],"170":[0],"171":[1],"172":[20],"173":[21],"174":[0],"175":[21],"176":[0],"177":[2],"178":[21],"179":[20],"180":[4],"181":[16],"182":[0],"183":[1],"184":[21],"185":[1],"186":[16],"187":[22],"188":[21],"189":[21],"190":[21],"191":[0],"192":[1],"193":[1],"194":[1],"195":[2],"196":[0],"197":[0],"198":[0],"199":[0],"200":[0],"201":[2],"202":[0],"203":[158],"204":[21],"205":[0],"206":[137],"207":[44],"208":[0],"209":[17],"210":[15],"211":[2],"212":[10],"213":[9],"214":[8],"215":[1],"216":[0],"217":[0],"218":[110],"219":[107],"220":[3],"221":[0],"222":[0],"223":[2],"224":[2],"225":[0],"226":[2],"227":[1],"228":[1],"229":[0],"230":[0],"231":[200],"232":[21],"233":[0],"234":[21],"235":[0],"236":[21],"237":[316],"238":[400],"239":[200],"240":[44],"241":[1],"242":[21],"243":[25],"244":[21],"245":[4],"246":[27],"247":[10],"248":[24],"249":[17],"250":[6],"251":[12],"252":[24],"253":[17],"254":[12],"255":[17],"256":[0],"257":[10],"258":[14],"259":[7],"260":[5],"261":[2],"262":[0],"263":[100],"264":[0],"265":[0],"266":[103],"267":[92],"268":[92],"269":[36],"270":[17],"271":[11],"272":[1],"273":[10],"274":[2],"275":[1],"276":[8],"277":[1],"278":[7],"279":[6],"280":[1],"281":[6],"282":[1],"283":[5],"284":[6],"285":[5],"286":[3],"287":[2],"288":[6],"289":[1],"290":[5],"291":[2],"292":[3],"293":[103],"294":[2],"295":[101],"296":[9],"297":[2],"298":[0],"299":[9],"300":[2],"301":[1],"302":[1],"303":[0],"304":[0],"305":[3],"306":[1],"307":[2],"308":[1],"309":[0],"310":[44],"311":[59],"312":[98],"313":[23],"314":[16],"315":[16],"316":[95],"317":[92],"318":[74],"319":[95],"320":[98],"321":[0],"322":[3],"323":[95],"324":[92],"325":[92],"326":[6],"327":[6],"328":[2],"329":[4],"330":[6],"331":[7],"332":[92],"333":[126],"334":[34],"335":[32],"336":[94],"337":[0],"338":[124],"339":[77],"340":[74],"341":[3],"342":[0],"343":[52],"344":[47],"345":[6],"346":[41],"347":[0],"348":[50],"349":[50],"350":[17],"351":[56],"352":[3],"353":[3],"354":[19],"355":[222],"356":[0],"357":[74],"358":[74],"359":[89],"360":[153],"361":[0],"362":[74],"363":[89],"364":[82],"365":[74],"366":[50],"367":[24],"368":[1],"369":[24],"370":[78],"371":[76],"372":[95],"373":[94],"374":[1],"375":[179],"376":[264],"377":[252],"378":[251],"379":[239],"380":[166],"381":[86],"382":[118],"383":[83],"384":[86],"385":[178],"386":[120],"387":[103],"388":[76],"389":[1],"390":[177],"391":[85],"392":[75],"393":[69],"394":[20],"395":[6],"396":[12],"397":[6],"398":[6],"399":[75],"400":[106],"401":[264],"402":[122],"403":[1],"404":[0],"405":[0],"406":[0],"407":[86],"408":[94],"409":[398],"410":[174],"411":[224],"412":[3980],"413":[796],"414":[796],"415":[624],"416":[3356],"417":[0],"418":[3446],"419":[3356],"420":[3326],"421":[600],"422":[30],"423":[56],"424":[30],"425":[652],"426":[280],"427":[84],"428":[84],"429":[84],"430":[70],"431":[224],"432":[2],"433":[0],"434":[0],"435":[2],"436":[2],"437":[398],"438":[0],"439":[128],"440":[6],"441":[122],"442":[92],"443":[55],"444":[55],"445":[99],"446":[92],"447":[71],"448":[71],"449":[21],"450":[86],"451":[83],"452":[0],"453":[172],"454":[24],"455":[104],"456":[1],"457":[0],"458":[0],"459":[0],"460":[103],"461":[3],"462":[1],"463":[2],"464":[103],"465":[1],"466":[1],"467":[102],"468":[102],"469":[100],"470":[0],"471":[103],"472":[0],"473":[102],"474":[0],"475":[1],"476":[0],"477":[102],"478":[100],"479":[2],"480":[103],"481":[1],"482":[102],"483":[1],"484":[0],"485":[0],"486":[101],"487":[103],"488":[98],"489":[3],"490":[0],"491":[103],"492":[6],"493":[0],"494":[3],"495":[2],"496":[0],"497":[4],"498":[95],"499":[3],"500":[2],"501":[102],"502":[95],"503":[69],"504":[1],"505":[68],"506":[64],"507":[9],"508":[4],"509":[1],"510":[0],"511":[3],"512":[0],"513":[3],"514":[77],"515":[69],"516":[26],"517":[20],"518":[16],"519":[4],"520":[6],"521":[128],"522":[86],"523":[42],"524":[27],"525":[37],"526":[25],"527":[1],"528":[1],"529":[1],"530":[1],"531":[1],"532":[1],"533":[1],"534":[1],"535":[6],"536":[6],"537":[68],"538":[4],"539":[0],"540":[64],"541":[0],"542":[92],"543":[68],"544":[24],"545":[24],"546":[1],"547":[24],"548":[23],"549":[1],"550":[0],"551":[0],"552":[0],"553":[0],"554":[1],"555":[4],"556":[0],"557":[0],"558":[0],"559":[3],"560":[0],"561":[3],"562":[96],"563":[0],"564":[23],"565":[25],"566":[22],"567":[0],"568":[25],"569":[18],"570":[7],"571":[4],"572":[7],"573":[7],"574":[25],"575":[0],"576":[7],"577":[0],"578":[0],"579":[0],"580":[6],"581":[1],"582":[6],"583":[1],"584":[5],"585":[5],"586":[4],"587":[3],"588":[4],"589":[3],"590":[3],"591":[4],"592":[0],"593":[0],"594":[86],"595":[0]},"fnMap":{"0":{"name":"outputTruncated","decl":{"start":{"line":120,"column":0},"end":{"line":122,"column":1}},"loc":{"start":{"line":120,"column":0},"end":{"line":122,"column":1}},"line":120},"1":{"name":"RunController","decl":{"start":{"line":181,"column":2},"end":{"line":193,"column":3}},"loc":{"start":{"line":181,"column":2},"end":{"line":193,"column":3}},"line":181},"2":{"name":"<instance_members_initializer>","decl":{"start":{"line":193,"column":2},"end":{"line":2151,"column":57}},"loc":{"start":{"line":193,"column":2},"end":{"line":2151,"column":57}},"line":193},"3":{"name":"startRun","decl":{"start":{"line":200,"column":2},"end":{"line":218,"column":3}},"loc":{"start":{"line":200,"column":2},"end":{"line":218,"column":3}},"line":200},"4":{"name":"intake","decl":{"start":{"line":221,"column":2},"end":{"line":240,"column":3}},"loc":{"start":{"line":221,"column":2},"end":{"line":240,"column":3}},"line":221},"5":{"name":"resume","decl":{"start":{"line":242,"column":2},"end":{"line":246,"column":3}},"loc":{"start":{"line":242,"column":2},"end":{"line":246,"column":3}},"line":242},"6":{"name":"hasRecoverableWork","decl":{"start":{"line":249,"column":2},"end":{"line":259,"column":3}},"loc":{"start":{"line":249,"column":2},"end":{"line":259,"column":3}},"line":249},"7":{"name":"awaitingVerification","decl":{"start":{"line":270,"column":2},"end":{"line":276,"column":3}},"loc":{"start":{"line":270,"column":2},"end":{"line":276,"column":3}},"line":270},"8":{"name":"revivableCancelled","decl":{"start":{"line":286,"column":10},"end":{"line":307,"column":3}},"loc":{"start":{"line":286,"column":10},"end":{"line":307,"column":3}},"line":286},"9":{"name":"reopen","decl":{"start":{"line":319,"column":2},"end":{"line":355,"column":3}},"loc":{"start":{"line":319,"column":2},"end":{"line":355,"column":3}},"line":319},"10":{"name":"drive","decl":{"start":{"line":358,"column":2},"end":{"line":416,"column":3}},"loc":{"start":{"line":358,"column":2},"end":{"line":416,"column":3}},"line":358},"11":{"name":"validateIntent","decl":{"start":{"line":424,"column":2},"end":{"line":456,"column":3}},"loc":{"start":{"line":424,"column":2},"end":{"line":456,"column":3}},"line":424},"12":{"name":"budgetCheck","decl":{"start":{"line":447,"column":21},"end":{"line":447,"column":51}},"loc":{"start":{"line":447,"column":21},"end":{"line":447,"column":51}},"line":447},"13":{"name":"openPrs","decl":{"start":{"line":464,"column":2},"end":{"line":512,"column":3}},"loc":{"start":{"line":464,"column":2},"end":{"line":512,"column":3}},"line":464},"14":{"name":"verify","decl":{"start":{"line":530,"column":2},"end":{"line":561,"column":3}},"loc":{"start":{"line":530,"column":2},"end":{"line":561,"column":3}},"line":530},"15":{"name":"validateProd","decl":{"start":{"line":570,"column":2},"end":{"line":614,"column":3}},"loc":{"start":{"line":570,"column":2},"end":{"line":614,"column":3}},"line":570},"16":{"name":"budgetCheck","decl":{"start":{"line":596,"column":21},"end":{"line":596,"column":51}},"loc":{"start":{"line":596,"column":21},"end":{"line":596,"column":51}},"line":596},"17":{"name":"rollupPr","decl":{"start":{"line":617,"column":10},"end":{"line":621,"column":3}},"loc":{"start":{"line":617,"column":10},"end":{"line":621,"column":3}},"line":617},"18":{"name":"settleChecks","decl":{"start":{"line":630,"column":2},"end":{"line":652,"column":3}},"loc":{"start":{"line":630,"column":2},"end":{"line":652,"column":3}},"line":630},"19":{"name":"awaitChecks","decl":{"start":{"line":666,"column":2},"end":{"line":683,"column":3}},"loc":{"start":{"line":666,"column":2},"end":{"line":683,"column":3}},"line":666},"20":{"name":"openRunPr","decl":{"start":{"line":692,"column":2},"end":{"line":761,"column":3}},"loc":{"start":{"line":692,"column":2},"end":{"line":761,"column":3}},"line":692},"21":{"name":"regroupPrs","decl":{"start":{"line":770,"column":2},"end":{"line":792,"column":3}},"loc":{"start":{"line":770,"column":2},"end":{"line":792,"column":3}},"line":770},"22":{"name":"outcome","decl":{"start":{"line":802,"column":2},"end":{"line":890,"column":3}},"loc":{"start":{"line":802,"column":2},"end":{"line":890,"column":3}},"line":802},"23":{"name":"count","decl":{"start":{"line":826,"column":18},"end":{"line":826,"column":78}},"loc":{"start":{"line":826,"column":18},"end":{"line":826,"column":78}},"line":826},"24":{"name":"park","decl":{"start":{"line":900,"column":10},"end":{"line":903,"column":3}},"loc":{"start":{"line":900,"column":10},"end":{"line":903,"column":3}},"line":900},"25":{"name":"askOrPark","decl":{"start":{"line":918,"column":2},"end":{"line":928,"column":3}},"loc":{"start":{"line":918,"column":2},"end":{"line":928,"column":3}},"line":918},"26":{"name":"askOperator","decl":{"start":{"line":937,"column":2},"end":{"line":970,"column":3}},"loc":{"start":{"line":937,"column":2},"end":{"line":970,"column":3}},"line":937},"27":{"name":"adviseOperator","decl":{"start":{"line":983,"column":2},"end":{"line":1011,"column":3}},"loc":{"start":{"line":983,"column":2},"end":{"line":1011,"column":3}},"line":983},"28":{"name":"sweepOrphans","decl":{"start":{"line":1026,"column":2},"end":{"line":1039,"column":3}},"loc":{"start":{"line":1026,"column":2},"end":{"line":1039,"column":3}},"line":1026},"29":{"name":"schedulerChanged","decl":{"start":{"line":1059,"column":10},"end":{"line":1068,"column":3}},"loc":{"start":{"line":1059,"column":10},"end":{"line":1068,"column":3}},"line":1059},"30":{"name":"wakeScheduler","decl":{"start":{"line":1071,"column":10},"end":{"line":1075,"column":3}},"loc":{"start":{"line":1071,"column":10},"end":{"line":1075,"column":3}},"line":1071},"31":{"name":"sendFeedback","decl":{"start":{"line":1100,"column":2},"end":{"line":1132,"column":3}},"loc":{"start":{"line":1100,"column":2},"end":{"line":1132,"column":3}},"line":1100},"32":{"name":"ingestIssueComments","decl":{"start":{"line":1146,"column":2},"end":{"line":1171,"column":3}},"loc":{"start":{"line":1146,"column":2},"end":{"line":1171,"column":3}},"line":1146},"33":{"name":"reaskVerdict","decl":{"start":{"line":1183,"column":2},"end":{"line":1205,"column":3}},"loc":{"start":{"line":1183,"column":2},"end":{"line":1205,"column":3}},"line":1183},"34":{"name":"budgetCheck","decl":{"start":{"line":1198,"column":21},"end":{"line":1198,"column":59}},"loc":{"start":{"line":1198,"column":21},"end":{"line":1198,"column":59}},"line":1198},"35":{"name":"dependents","decl":{"start":{"line":1208,"column":10},"end":{"line":1223,"column":3}},"loc":{"start":{"line":1208,"column":10},"end":{"line":1223,"column":3}},"line":1208},"36":{"name":"plan","decl":{"start":{"line":1234,"column":2},"end":{"line":1238,"column":3}},"loc":{"start":{"line":1234,"column":2},"end":{"line":1238,"column":3}},"line":1234},"37":{"name":"planDocs","decl":{"start":{"line":1241,"column":2},"end":{"line":1278,"column":3}},"loc":{"start":{"line":1241,"column":2},"end":{"line":1278,"column":3}},"line":1241},"38":{"name":"budgetCheck","decl":{"start":{"line":1263,"column":21},"end":{"line":1263,"column":51}},"loc":{"start":{"line":1263,"column":21},"end":{"line":1263,"column":51}},"line":1263},"39":{"name":"planBreakdown","decl":{"start":{"line":1281,"column":2},"end":{"line":1338,"column":3}},"loc":{"start":{"line":1281,"column":2},"end":{"line":1338,"column":3}},"line":1281},"40":{"name":"budgetCheck","decl":{"start":{"line":1307,"column":21},"end":{"line":1307,"column":51}},"loc":{"start":{"line":1307,"column":21},"end":{"line":1307,"column":51}},"line":1307},"41":{"name":"failedAttempt","decl":{"start":{"line":1341,"column":10},"end":{"line":1345,"column":3}},"loc":{"start":{"line":1341,"column":10},"end":{"line":1345,"column":3}},"line":1341},"42":{"name":"planFailed","decl":{"start":{"line":1347,"column":10},"end":{"line":1351,"column":3}},"loc":{"start":{"line":1347,"column":10},"end":{"line":1351,"column":3}},"line":1347},"43":{"name":"saveAttempt","decl":{"start":{"line":1354,"column":10},"end":{"line":1363,"column":3}},"loc":{"start":{"line":1354,"column":10},"end":{"line":1363,"column":3}},"line":1354},"44":{"name":"persistPlan","decl":{"start":{"line":1365,"column":10},"end":{"line":1398,"column":3}},"loc":{"start":{"line":1365,"column":10},"end":{"line":1398,"column":3}},"line":1365},"45":{"name":"planPrd","decl":{"start":{"line":1400,"column":10},"end":{"line":1403,"column":3}},"loc":{"start":{"line":1400,"column":10},"end":{"line":1403,"column":3}},"line":1400},"46":{"name":"planSummary","decl":{"start":{"line":1405,"column":10},"end":{"line":1408,"column":3}},"loc":{"start":{"line":1405,"column":10},"end":{"line":1408,"column":3}},"line":1405},"47":{"name":"fileIssues","decl":{"start":{"line":1410,"column":2},"end":{"line":1425,"column":3}},"loc":{"start":{"line":1410,"column":2},"end":{"line":1425,"column":3}},"line":1410},"48":{"name":"execute","decl":{"start":{"line":1429,"column":2},"end":{"line":1542,"column":3}},"loc":{"start":{"line":1429,"column":2},"end":{"line":1542,"column":3}},"line":1429},"49":{"name":"terminal","decl":{"start":{"line":1455,"column":21},"end":{"line":1455,"column":90}},"loc":{"start":{"line":1455,"column":21},"end":{"line":1455,"column":90}},"line":1455},"50":{"name":"working","decl":{"start":{"line":1476,"column":20},"end":{"line":1476,"column":95}},"loc":{"start":{"line":1476,"column":20},"end":{"line":1476,"column":95}},"line":1476},"51":{"name":"routedSkills","decl":{"start":{"line":1549,"column":10},"end":{"line":1574,"column":3}},"loc":{"start":{"line":1549,"column":10},"end":{"line":1574,"column":3}},"line":1549},"52":{"name":"take","decl":{"start":{"line":1552,"column":17},"end":{"line":1555,"column":6}},"loc":{"start":{"line":1552,"column":17},"end":{"line":1555,"column":6}},"line":1552},"53":{"name":"planSkills","decl":{"start":{"line":1584,"column":10},"end":{"line":1587,"column":3}},"loc":{"start":{"line":1584,"column":10},"end":{"line":1587,"column":3}},"line":1584},"54":{"name":"baseFailures","decl":{"start":{"line":1601,"column":2},"end":{"line":1631,"column":3}},"loc":{"start":{"line":1601,"column":2},"end":{"line":1631,"column":3}},"line":1601},"55":{"name":"selectSkills","decl":{"start":{"line":1640,"column":10},"end":{"line":1659,"column":3}},"loc":{"start":{"line":1640,"column":10},"end":{"line":1659,"column":3}},"line":1640},"56":{"name":"runTask","decl":{"start":{"line":1661,"column":2},"end":{"line":1985,"column":3}},"loc":{"start":{"line":1661,"column":2},"end":{"line":1985,"column":3}},"line":1661},"57":{"name":"meta","decl":{"start":{"line":1681,"column":17},"end":{"line":1681,"column":175}},"loc":{"start":{"line":1681,"column":17},"end":{"line":1681,"column":175}},"line":1681},"58":{"name":"ask","decl":{"start":{"line":1745,"column":16},"end":{"line":1750,"column":6}},"loc":{"start":{"line":1745,"column":16},"end":{"line":1750,"column":6}},"line":1745},"59":{"name":"budgetCheck","decl":{"start":{"line":1793,"column":23},"end":{"line":1793,"column":61}},"loc":{"start":{"line":1793,"column":23},"end":{"line":1793,"column":61}},"line":1793},"60":{"name":"budgetCheck","decl":{"start":{"line":1885,"column":23},"end":{"line":1885,"column":61}},"loc":{"start":{"line":1885,"column":23},"end":{"line":1885,"column":61}},"line":1885},"61":{"name":"integrate","decl":{"start":{"line":1992,"column":2},"end":{"line":2008,"column":3}},"loc":{"start":{"line":1992,"column":2},"end":{"line":2008,"column":3}},"line":1992},"62":{"name":"queueIssueSync","decl":{"start":{"line":2022,"column":10},"end":{"line":2036,"column":3}},"loc":{"start":{"line":2022,"column":10},"end":{"line":2036,"column":3}},"line":2022},"63":{"name":"syncIssue","decl":{"start":{"line":2053,"column":2},"end":{"line":2089,"column":3}},"loc":{"start":{"line":2053,"column":2},"end":{"line":2089,"column":3}},"line":2053},"64":{"name":"openTaskPr","decl":{"start":{"line":2091,"column":2},"end":{"line":2128,"column":3}},"loc":{"start":{"line":2091,"column":2},"end":{"line":2128,"column":3}},"line":2091},"65":{"name":"currentBranch","decl":{"start":{"line":2131,"column":2},"end":{"line":2134,"column":3}},"loc":{"start":{"line":2131,"column":2},"end":{"line":2134,"column":3}},"line":2131},"66":{"name":"checkBudget","decl":{"start":{"line":2138,"column":2},"end":{"line":2141,"column":3}},"loc":{"start":{"line":2138,"column":2},"end":{"line":2141,"column":3}},"line":2138},"67":{"name":"enforce","decl":{"start":{"line":2160,"column":2},"end":{"line":2173,"column":3}},"loc":{"start":{"line":2160,"column":2},"end":{"line":2173,"column":3}},"line":2160},"68":{"name":"capFor","decl":{"start":{"line":2175,"column":10},"end":{"line":2178,"column":3}},"loc":{"start":{"line":2175,"column":10},"end":{"line":2178,"column":3}},"line":2175},"69":{"name":"enforceNow","decl":{"start":{"line":2180,"column":2},"end":{"line":2215,"column":3}},"loc":{"start":{"line":2180,"column":2},"end":{"line":2215,"column":3}},"line":2180},"70":{"name":"readConventions","decl":{"start":{"line":2217,"column":10},"end":{"line":2223,"column":3}},"loc":{"start":{"line":2217,"column":10},"end":{"line":2223,"column":3}},"line":2217}},"f":{"0":130,"1":105,"2":105,"3":95,"4":0,"5":5,"6":8,"7":2,"8":10,"9":5,"10":100,"11":76,"12":0,"13":76,"14":76,"15":2,"16":0,"17":29,"18":20,"19":76,"20":55,"21":2,"22":158,"23":316,"24":21,"25":25,"26":27,"27":17,"28":100,"29":103,"30":36,"31":11,"32":103,"33":3,"34":0,"35":44,"36":95,"37":95,"38":7,"39":92,"40":17,"41":56,"42":19,"43":222,"44":74,"45":153,"46":74,"47":74,"48":78,"49":106,"50":264,"51":398,"52":280,"53":224,"54":2,"55":398,"56":86,"57":128,"58":25,"59":1,"60":0,"61":68,"62":92,"63":24,"64":4,"65":96,"66":25,"67":25,"68":25,"69":7,"70":86}}
}
