{"total": {"lines":{"total":142,"covered":142,"skipped":0,"pct":100},"statements":{"total":142,"covered":142,"skipped":0,"pct":100},"functions":{"total":19,"covered":19,"skipped":0,"pct":100},"branches":{"total":52,"covered":52,"skipped":0,"pct":100},"branchesTrue":{"total":0,"covered":0,"skipped":0,"pct":"Unknown"}}
,"/Users/dev/Documents/projects/harness/packages/core/src/git.ts": {"lines":{"total":142,"covered":142,"skipped":0,"pct":100},"functions":{"total":19,"covered":19,"skipped":0,"pct":100},"statements":{"total":142,"covered":142,"skipped":0,"pct":100},"branches":{"total":52,"covered":52,"skipped":0,"pct":100}}
}
