{"/Users/dev/Documents/projects/harness/packages/core/src/runController.ts": {"path":"/Users/dev/Documents/projects/harness/packages/core/src/runController.ts","all":false,"statementMap":{"0":{"start":{"line":1,"column":0},"end":{"line":1,"column":53}},"1":{"start":{"line":2,"column":0},"end":{"line":2,"column":65}},"2":{"start":{"line":3,"column":0},"end":{"line":3,"column":29}},"3":{"start":{"line":4,"column":0},"end":{"line":4,"column":24}},"4":{"start":{"line":5,"column":0},"end":{"line":5,"column":123}},"5":{"start":{"line":6,"column":0},"end":{"line":6,"column":94}},"7":{"start":{"line":8,"column":0},"end":{"line":8,"column":45}},"8":{"start":{"line":9,"column":0},"end":{"line":9,"column":45}},"9":{"start":{"line":10,"column":0},"end":{"line":10,"column":50}},"10":{"start":{"line":11,"column":0},"end":{"line":11,"column":48}},"12":{"start":{"line":13,"column":0},"end":{"line":13,"column":55}},"13":{"start":{"line":14,"column":0},"end":{"line":14,"column":77}},"14":{"start":{"line":15,"column":0},"end":{"line":15,"column":40}},"16":{"start":{"line":17,"column":0},"end":{"line":17,"column":8}},"39":{"start":{"line":40,"column":0},"end":{"line":40,"column":91}},"40":{"start":{"line":41,"column":0},"end":{"line":41,"column":62}},"43":{"start":{"line":44,"column":0},"end":{"line":44,"column":51}},"44":{"start":{"line":45,"column":0},"end":{"line":45,"column":31}},"54":{"start":{"line":55,"column":0},"end":{"line":55,"column":49}},"55":{"start":{"line":56,"column":0},"end":{"line":56,"column":13}},"59":{"start":{"line":60,"column":0},"end":{"line":60,"column":103}},"60":{"start":{"line":61,"column":0},"end":{"line":61,"column":122}},"61":{"start":{"line":62,"column":0},"end":{"line":62,"column":113}},"64":{"start":{"line":65,"column":0},"end":{"line":65,"column":144}},"65":{"start":{"line":66,"column":0},"end":{"line":66,"column":2}},"82":{"start":{"line":83,"column":0},"end":{"line":83,"column":28}},"84":{"start":{"line":85,"column":0},"end":{"line":85,"column":30}},"91":{"start":{"line":92,"column":0},"end":{"line":92,"column":32}},"94":{"start":{"line":95,"column":0},"end":{"line":95,"column":32}},"95":{"start":{"line":96,"column":0},"end":{"line":96,"column":36}},"96":{"start":{"line":97,"column":0},"end":{"line":97,"column":34}},"97":{"start":{"line":98,"column":0},"end":{"line":98,"column":40}},"98":{"start":{"line":99,"column":0},"end":{"line":99,"column":3}},"100":{"start":{"line":101,"column":0},"end":{"line":101,"column":30}},"101":{"start":{"line":102,"column":0},"end":{"line":102,"column":36}},"102":{"start":{"line":103,"column":0},"end":{"line":103,"column":34}},"103":{"start":{"line":104,"column":0},"end":{"line":104,"column":44}},"104":{"start":{"line":105,"column":0},"end":{"line":105,"column":3}},"112":{"start":{"line":113,"column":0},"end":{"line":113,"column":41}},"119":{"start":{"line":120,"column":0},"end":{"line":120,"column":77}},"120":{"start":{"line":121,"column":0},"end":{"line":121,"column":98}},"121":{"start":{"line":122,"column":0},"end":{"line":122,"column":1}},"177":{"start":{"line":178,"column":0},"end":{"line":178,"column":28}},"178":{"start":{"line":179,"column":0},"end":{"line":179,"column":30}},"180":{"start":{"line":181,"column":0},"end":{"line":181,"column":14}},"181":{"start":{"line":182,"column":0},"end":{"line":182,"column":25}},"182":{"start":{"line":183,"column":0},"end":{"line":183,"column":21}},"183":{"start":{"line":184,"column":0},"end":{"line":184,"column":28}},"184":{"start":{"line":185,"column":0},"end":{"line":185,"column":34}},"185":{"start":{"line":186,"column":0},"end":{"line":186,"column":31}},"186":{"start":{"line":187,"column":0},"end":{"line":187,"column":28}},"187":{"start":{"line":188,"column":0},"end":{"line":188,"column":5}},"188":{"start":{"line":189,"column":0},"end":{"line":189,"column":44}},"191":{"start":{"line":192,"column":0},"end":{"line":192,"column":35}},"192":{"start":{"line":193,"column":0},"end":{"line":193,"column":3}},"199":{"start":{"line":200,"column":0},"end":{"line":200,"column":93}},"200":{"start":{"line":201,"column":0},"end":{"line":201,"column":43}},"201":{"start":{"line":202,"column":0},"end":{"line":202,"column":26}},"202":{"start":{"line":203,"column":0},"end":{"line":203,"column":16}},"203":{"start":{"line":204,"column":0},"end":{"line":204,"column":30}},"204":{"start":{"line":205,"column":0},"end":{"line":205,"column":17}},"205":{"start":{"line":206,"column":0},"end":{"line":206,"column":23}},"206":{"start":{"line":207,"column":0},"end":{"line":207,"column":20}},"207":{"start":{"line":208,"column":0},"end":{"line":208,"column":21}},"208":{"start":{"line":209,"column":0},"end":{"line":209,"column":58}},"212":{"start":{"line":213,"column":0},"end":{"line":213,"column":91}},"213":{"start":{"line":214,"column":0},"end":{"line":214,"column":7}},"214":{"start":{"line":215,"column":0},"end":{"line":215,"column":61}},"215":{"start":{"line":216,"column":0},"end":{"line":216,"column":28}},"216":{"start":{"line":217,"column":0},"end":{"line":217,"column":17}},"217":{"start":{"line":218,"column":0},"end":{"line":218,"column":3}},"220":{"start":{"line":221,"column":0},"end":{"line":221,"column":82}},"221":{"start":{"line":222,"column":0},"end":{"line":222,"column":46}},"222":{"start":{"line":223,"column":0},"end":{"line":223,"column":42}},"223":{"start":{"line":224,"column":0},"end":{"line":224,"column":56}},"224":{"start":{"line":225,"column":0},"end":{"line":225,"column":12}},"225":{"start":{"line":226,"column":0},"end":{"line":226,"column":11}},"226":{"start":{"line":227,"column":0},"end":{"line":227,"column":30}},"227":{"start":{"line":228,"column":0},"end":{"line":228,"column":25}},"228":{"start":{"line":229,"column":0},"end":{"line":229,"column":9}},"229":{"start":{"line":230,"column":0},"end":{"line":230,"column":49}},"231":{"start":{"line":232,"column":0},"end":{"line":232,"column":114}},"232":{"start":{"line":233,"column":0},"end":{"line":233,"column":7}},"233":{"start":{"line":234,"column":0},"end":{"line":234,"column":48}},"234":{"start":{"line":235,"column":0},"end":{"line":235,"column":60}},"235":{"start":{"line":236,"column":0},"end":{"line":236,"column":40}},"236":{"start":{"line":237,"column":0},"end":{"line":237,"column":65}},"237":{"start":{"line":238,"column":0},"end":{"line":238,"column":51}},"238":{"start":{"line":239,"column":0},"end":{"line":239,"column":64}},"239":{"start":{"line":240,"column":0},"end":{"line":240,"column":3}},"241":{"start":{"line":242,"column":0},"end":{"line":242,"column":46}},"242":{"start":{"line":243,"column":0},"end":{"line":243,"column":38}},"243":{"start":{"line":244,"column":0},"end":{"line":244,"column":29}},"244":{"start":{"line":245,"column":0},"end":{"line":245,"column":28}},"245":{"start":{"line":246,"column":0},"end":{"line":246,"column":3}},"248":{"start":{"line":249,"column":0},"end":{"line":249,"column":46}},"249":{"start":{"line":250,"column":0},"end":{"line":250,"column":41}},"250":{"start":{"line":251,"column":0},"end":{"line":251,"column":56}},"253":{"start":{"line":254,"column":0},"end":{"line":254,"column":46}},"254":{"start":{"line":255,"column":0},"end":{"line":255,"column":12}},"255":{"start":{"line":256,"column":0},"end":{"line":256,"column":125}},"256":{"start":{"line":257,"column":0},"end":{"line":257,"column":52}},"258":{"start":{"line":259,"column":0},"end":{"line":259,"column":3}},"269":{"start":{"line":270,"column":0},"end":{"line":270,"column":48}},"270":{"start":{"line":271,"column":0},"end":{"line":271,"column":41}},"271":{"start":{"line":272,"column":0},"end":{"line":272,"column":74}},"272":{"start":{"line":273,"column":0},"end":{"line":273,"column":47}},"273":{"start":{"line":274,"column":0},"end":{"line":274,"column":48}},"274":{"start":{"line":275,"column":0},"end":{"line":275,"column":46}},"275":{"start":{"line":276,"column":0},"end":{"line":276,"column":3}},"285":{"start":{"line":286,"column":0},"end":{"line":286,"column":76}},"286":{"start":{"line":287,"column":0},"end":{"line":287,"column":54}},"287":{"start":{"line":288,"column":0},"end":{"line":288,"column":24}},"288":{"start":{"line":289,"column":0},"end":{"line":289,"column":11}},"289":{"start":{"line":290,"column":0},"end":{"line":290,"column":116}},"290":{"start":{"line":291,"column":0},"end":{"line":291,"column":25}},"291":{"start":{"line":292,"column":0},"end":{"line":292,"column":6}},"294":{"start":{"line":295,"column":0},"end":{"line":295,"column":23}},"295":{"start":{"line":296,"column":0},"end":{"line":296,"column":21}},"296":{"start":{"line":297,"column":0},"end":{"line":297,"column":22}},"297":{"start":{"line":298,"column":0},"end":{"line":298,"column":29}},"298":{"start":{"line":299,"column":0},"end":{"line":299,"column":103}},"299":{"start":{"line":300,"column":0},"end":{"line":300,"column":18}},"300":{"start":{"line":301,"column":0},"end":{"line":301,"column":25}},"301":{"start":{"line":302,"column":0},"end":{"line":302,"column":25}},"302":{"start":{"line":303,"column":0},"end":{"line":303,"column":9}},"303":{"start":{"line":304,"column":0},"end":{"line":304,"column":7}},"304":{"start":{"line":305,"column":0},"end":{"line":305,"column":5}},"305":{"start":{"line":306,"column":0},"end":{"line":306,"column":15}},"306":{"start":{"line":307,"column":0},"end":{"line":307,"column":3}},"318":{"start":{"line":319,"column":0},"end":{"line":319,"column":54}},"319":{"start":{"line":320,"column":0},"end":{"line":320,"column":41}},"320":{"start":{"line":321,"column":0},"end":{"line":321,"column":50}},"321":{"start":{"line":322,"column":0},"end":{"line":322,"column":33}},"322":{"start":{"line":323,"column":0},"end":{"line":323,"column":48}},"323":{"start":{"line":324,"column":0},"end":{"line":324,"column":75}},"324":{"start":{"line":325,"column":0},"end":{"line":325,"column":5}},"325":{"start":{"line":326,"column":0},"end":{"line":326,"column":46}},"326":{"start":{"line":327,"column":0},"end":{"line":327,"column":66}},"327":{"start":{"line":328,"column":0},"end":{"line":328,"column":60}},"328":{"start":{"line":329,"column":0},"end":{"line":329,"column":105}},"329":{"start":{"line":330,"column":0},"end":{"line":330,"column":111}},"333":{"start":{"line":334,"column":0},"end":{"line":334,"column":127}},"335":{"start":{"line":336,"column":0},"end":{"line":336,"column":20}},"336":{"start":{"line":337,"column":0},"end":{"line":337,"column":29}},"341":{"start":{"line":342,"column":0},"end":{"line":342,"column":64}},"342":{"start":{"line":343,"column":0},"end":{"line":343,"column":76}},"343":{"start":{"line":344,"column":0},"end":{"line":344,"column":95}},"344":{"start":{"line":345,"column":0},"end":{"line":345,"column":306}},"345":{"start":{"line":346,"column":0},"end":{"line":346,"column":112}},"346":{"start":{"line":347,"column":0},"end":{"line":347,"column":16}},"347":{"start":{"line":348,"column":0},"end":{"line":348,"column":5}},"348":{"start":{"line":349,"column":0},"end":{"line":349,"column":28}},"349":{"start":{"line":350,"column":0},"end":{"line":350,"column":44}},"353":{"start":{"line":354,"column":0},"end":{"line":354,"column":114}},"354":{"start":{"line":355,"column":0},"end":{"line":355,"column":83}},"355":{"start":{"line":356,"column":0},"end":{"line":356,"column":7}},"356":{"start":{"line":357,"column":0},"end":{"line":357,"column":5}},"357":{"start":{"line":358,"column":0},"end":{"line":358,"column":3}},"360":{"start":{"line":361,"column":0},"end":{"line":361,"column":53}},"361":{"start":{"line":362,"column":0},"end":{"line":362,"column":39}},"362":{"start":{"line":363,"column":0},"end":{"line":363,"column":54}},"363":{"start":{"line":364,"column":0},"end":{"line":364,"column":35}},"364":{"start":{"line":365,"column":0},"end":{"line":365,"column":34}},"365":{"start":{"line":366,"column":0},"end":{"line":366,"column":50}},"366":{"start":{"line":367,"column":0},"end":{"line":367,"column":38}},"367":{"start":{"line":368,"column":0},"end":{"line":368,"column":40}},"370":{"start":{"line":371,"column":0},"end":{"line":371,"column":72}},"371":{"start":{"line":372,"column":0},"end":{"line":372,"column":38}},"372":{"start":{"line":373,"column":0},"end":{"line":373,"column":45}},"375":{"start":{"line":376,"column":0},"end":{"line":376,"column":79}},"376":{"start":{"line":377,"column":0},"end":{"line":377,"column":38}},"377":{"start":{"line":378,"column":0},"end":{"line":378,"column":5}},"378":{"start":{"line":379,"column":0},"end":{"line":379,"column":26}},"379":{"start":{"line":380,"column":0},"end":{"line":380,"column":69}},"380":{"start":{"line":381,"column":0},"end":{"line":381,"column":37}},"381":{"start":{"line":382,"column":0},"end":{"line":382,"column":58}},"382":{"start":{"line":383,"column":0},"end":{"line":383,"column":38}},"383":{"start":{"line":384,"column":0},"end":{"line":384,"column":55}},"384":{"start":{"line":385,"column":0},"end":{"line":385,"column":7}},"385":{"start":{"line":386,"column":0},"end":{"line":386,"column":98}},"386":{"start":{"line":387,"column":0},"end":{"line":387,"column":26}},"387":{"start":{"line":388,"column":0},"end":{"line":388,"column":37}},"388":{"start":{"line":389,"column":0},"end":{"line":389,"column":70}},"389":{"start":{"line":390,"column":0},"end":{"line":390,"column":14}},"390":{"start":{"line":391,"column":0},"end":{"line":391,"column":37}},"391":{"start":{"line":392,"column":0},"end":{"line":392,"column":69}},"392":{"start":{"line":393,"column":0},"end":{"line":393,"column":7}},"393":{"start":{"line":394,"column":0},"end":{"line":394,"column":38}},"394":{"start":{"line":395,"column":0},"end":{"line":395,"column":5}},"395":{"start":{"line":396,"column":0},"end":{"line":396,"column":36}},"396":{"start":{"line":397,"column":0},"end":{"line":397,"column":32}},"397":{"start":{"line":398,"column":0},"end":{"line":398,"column":75}},"398":{"start":{"line":399,"column":0},"end":{"line":399,"column":38}},"399":{"start":{"line":400,"column":0},"end":{"line":400,"column":5}},"400":{"start":{"line":401,"column":0},"end":{"line":401,"column":38}},"405":{"start":{"line":406,"column":0},"end":{"line":406,"column":39}},"406":{"start":{"line":407,"column":0},"end":{"line":407,"column":32}},"407":{"start":{"line":408,"column":0},"end":{"line":408,"column":36}},"408":{"start":{"line":409,"column":0},"end":{"line":409,"column":77}},"409":{"start":{"line":410,"column":0},"end":{"line":410,"column":38}},"410":{"start":{"line":411,"column":0},"end":{"line":411,"column":5}},"413":{"start":{"line":414,"column":0},"end":{"line":414,"column":65}},"414":{"start":{"line":415,"column":0},"end":{"line":415,"column":46}},"415":{"start":{"line":416,"column":0},"end":{"line":416,"column":44}},"416":{"start":{"line":417,"column":0},"end":{"line":417,"column":113}},"417":{"start":{"line":418,"column":0},"end":{"line":418,"column":5}},"418":{"start":{"line":419,"column":0},"end":{"line":419,"column":3}},"426":{"start":{"line":427,"column":0},"end":{"line":427,"column":62}},"427":{"start":{"line":428,"column":0},"end":{"line":428,"column":42}},"428":{"start":{"line":429,"column":0},"end":{"line":429,"column":46}},"429":{"start":{"line":430,"column":0},"end":{"line":430,"column":93}},"432":{"start":{"line":433,"column":0},"end":{"line":433,"column":116}},"433":{"start":{"line":434,"column":0},"end":{"line":434,"column":9}},"434":{"start":{"line":435,"column":0},"end":{"line":435,"column":68}},"435":{"start":{"line":436,"column":0},"end":{"line":436,"column":41}},"436":{"start":{"line":437,"column":0},"end":{"line":437,"column":27}},"437":{"start":{"line":438,"column":0},"end":{"line":438,"column":92}},"438":{"start":{"line":439,"column":0},"end":{"line":439,"column":24}},"439":{"start":{"line":440,"column":0},"end":{"line":440,"column":151}},"440":{"start":{"line":441,"column":0},"end":{"line":441,"column":42}},"441":{"start":{"line":442,"column":0},"end":{"line":442,"column":14}},"442":{"start":{"line":443,"column":0},"end":{"line":443,"column":26}},"443":{"start":{"line":444,"column":0},"end":{"line":444,"column":36}},"444":{"start":{"line":445,"column":0},"end":{"line":445,"column":101}},"445":{"start":{"line":446,"column":0},"end":{"line":446,"column":137}},"446":{"start":{"line":447,"column":0},"end":{"line":447,"column":20}},"447":{"start":{"line":448,"column":0},"end":{"line":448,"column":39}},"448":{"start":{"line":449,"column":0},"end":{"line":449,"column":21}},"449":{"start":{"line":450,"column":0},"end":{"line":450,"column":51}},"450":{"start":{"line":451,"column":0},"end":{"line":451,"column":9}},"451":{"start":{"line":452,"column":0},"end":{"line":452,"column":74}},"452":{"start":{"line":453,"column":0},"end":{"line":453,"column":150}},"453":{"start":{"line":454,"column":0},"end":{"line":454,"column":17}},"454":{"start":{"line":455,"column":0},"end":{"line":455,"column":47}},"456":{"start":{"line":457,"column":0},"end":{"line":457,"column":165}},"457":{"start":{"line":458,"column":0},"end":{"line":458,"column":5}},"458":{"start":{"line":459,"column":0},"end":{"line":459,"column":3}},"466":{"start":{"line":467,"column":0},"end":{"line":467,"column":55}},"467":{"start":{"line":468,"column":0},"end":{"line":468,"column":42}},"474":{"start":{"line":475,"column":0},"end":{"line":475,"column":40}},"475":{"start":{"line":476,"column":0},"end":{"line":476,"column":26}},"476":{"start":{"line":477,"column":0},"end":{"line":477,"column":24}},"477":{"start":{"line":478,"column":0},"end":{"line":478,"column":26}},"478":{"start":{"line":479,"column":0},"end":{"line":479,"column":14}},"479":{"start":{"line":480,"column":0},"end":{"line":480,"column":32}},"480":{"start":{"line":481,"column":0},"end":{"line":481,"column":214}},"481":{"start":{"line":482,"column":0},"end":{"line":482,"column":23}},"482":{"start":{"line":483,"column":0},"end":{"line":483,"column":9}},"483":{"start":{"line":484,"column":0},"end":{"line":484,"column":13}},"484":{"start":{"line":485,"column":0},"end":{"line":485,"column":5}},"485":{"start":{"line":486,"column":0},"end":{"line":486,"column":41}},"486":{"start":{"line":487,"column":0},"end":{"line":487,"column":11}},"487":{"start":{"line":488,"column":0},"end":{"line":488,"column":36}},"488":{"start":{"line":489,"column":0},"end":{"line":489,"column":19}},"489":{"start":{"line":490,"column":0},"end":{"line":490,"column":26}},"490":{"start":{"line":491,"column":0},"end":{"line":491,"column":28}},"491":{"start":{"line":492,"column":0},"end":{"line":492,"column":16}},"492":{"start":{"line":493,"column":0},"end":{"line":493,"column":34}},"493":{"start":{"line":494,"column":0},"end":{"line":494,"column":103}},"494":{"start":{"line":495,"column":0},"end":{"line":495,"column":25}},"495":{"start":{"line":496,"column":0},"end":{"line":496,"column":11}},"496":{"start":{"line":497,"column":0},"end":{"line":497,"column":7}},"497":{"start":{"line":498,"column":0},"end":{"line":498,"column":13}},"498":{"start":{"line":499,"column":0},"end":{"line":499,"column":5}},"499":{"start":{"line":500,"column":0},"end":{"line":500,"column":53}},"500":{"start":{"line":501,"column":0},"end":{"line":501,"column":70}},"501":{"start":{"line":502,"column":0},"end":{"line":502,"column":11}},"502":{"start":{"line":503,"column":0},"end":{"line":503,"column":46}},"503":{"start":{"line":504,"column":0},"end":{"line":504,"column":19}},"504":{"start":{"line":505,"column":0},"end":{"line":505,"column":26}},"505":{"start":{"line":506,"column":0},"end":{"line":506,"column":28}},"506":{"start":{"line":507,"column":0},"end":{"line":507,"column":16}},"507":{"start":{"line":508,"column":0},"end":{"line":508,"column":34}},"508":{"start":{"line":509,"column":0},"end":{"line":509,"column":26}},"509":{"start":{"line":510,"column":0},"end":{"line":510,"column":103}},"510":{"start":{"line":511,"column":0},"end":{"line":511,"column":25}},"511":{"start":{"line":512,"column":0},"end":{"line":512,"column":11}},"512":{"start":{"line":513,"column":0},"end":{"line":513,"column":7}},"513":{"start":{"line":514,"column":0},"end":{"line":514,"column":5}},"514":{"start":{"line":515,"column":0},"end":{"line":515,"column":3}},"532":{"start":{"line":533,"column":0},"end":{"line":533,"column":57}},"533":{"start":{"line":534,"column":0},"end":{"line":534,"column":42}},"534":{"start":{"line":535,"column":0},"end":{"line":535,"column":66}},"535":{"start":{"line":536,"column":0},"end":{"line":536,"column":42}},"536":{"start":{"line":537,"column":0},"end":{"line":537,"column":45}},"541":{"start":{"line":542,"column":0},"end":{"line":542,"column":74}},"542":{"start":{"line":543,"column":0},"end":{"line":543,"column":27}},"543":{"start":{"line":544,"column":0},"end":{"line":544,"column":126}},"545":{"start":{"line":546,"column":0},"end":{"line":546,"column":155}},"546":{"start":{"line":547,"column":0},"end":{"line":547,"column":17}},"547":{"start":{"line":548,"column":0},"end":{"line":548,"column":149}},"548":{"start":{"line":549,"column":0},"end":{"line":549,"column":39}},"549":{"start":{"line":550,"column":0},"end":{"line":550,"column":26}},"550":{"start":{"line":551,"column":0},"end":{"line":551,"column":28}},"551":{"start":{"line":552,"column":0},"end":{"line":552,"column":16}},"552":{"start":{"line":553,"column":0},"end":{"line":553,"column":34}},"553":{"start":{"line":554,"column":0},"end":{"line":554,"column":107}},"554":{"start":{"line":555,"column":0},"end":{"line":555,"column":25}},"555":{"start":{"line":556,"column":0},"end":{"line":556,"column":11}},"556":{"start":{"line":557,"column":0},"end":{"line":557,"column":21}},"557":{"start":{"line":558,"column":0},"end":{"line":558,"column":7}},"560":{"start":{"line":561,"column":0},"end":{"line":561,"column":51}},"561":{"start":{"line":562,"column":0},"end":{"line":562,"column":5}},"562":{"start":{"line":563,"column":0},"end":{"line":563,"column":62}},"563":{"start":{"line":564,"column":0},"end":{"line":564,"column":3}},"572":{"start":{"line":573,"column":0},"end":{"line":573,"column":76}},"573":{"start":{"line":574,"column":0},"end":{"line":574,"column":42}},"574":{"start":{"line":575,"column":0},"end":{"line":575,"column":46}},"575":{"start":{"line":576,"column":0},"end":{"line":576,"column":27}},"576":{"start":{"line":577,"column":0},"end":{"line":577,"column":42}},"577":{"start":{"line":578,"column":0},"end":{"line":578,"column":98}},"578":{"start":{"line":579,"column":0},"end":{"line":579,"column":18}},"579":{"start":{"line":580,"column":0},"end":{"line":580,"column":9}},"580":{"start":{"line":581,"column":0},"end":{"line":581,"column":39}},"581":{"start":{"line":582,"column":0},"end":{"line":582,"column":43}},"582":{"start":{"line":583,"column":0},"end":{"line":583,"column":15}},"583":{"start":{"line":584,"column":0},"end":{"line":584,"column":72}},"584":{"start":{"line":585,"column":0},"end":{"line":585,"column":18}},"585":{"start":{"line":586,"column":0},"end":{"line":586,"column":8}},"586":{"start":{"line":587,"column":0},"end":{"line":587,"column":42}},"587":{"start":{"line":588,"column":0},"end":{"line":588,"column":14}},"588":{"start":{"line":589,"column":0},"end":{"line":589,"column":21}},"589":{"start":{"line":590,"column":0},"end":{"line":590,"column":38}},"590":{"start":{"line":591,"column":0},"end":{"line":591,"column":126}},"591":{"start":{"line":592,"column":0},"end":{"line":592,"column":89}},"592":{"start":{"line":593,"column":0},"end":{"line":593,"column":27}},"596":{"start":{"line":597,"column":0},"end":{"line":597,"column":67}},"597":{"start":{"line":598,"column":0},"end":{"line":598,"column":21}},"598":{"start":{"line":599,"column":0},"end":{"line":599,"column":51}},"599":{"start":{"line":600,"column":0},"end":{"line":600,"column":9}},"600":{"start":{"line":601,"column":0},"end":{"line":601,"column":72}},"601":{"start":{"line":602,"column":0},"end":{"line":602,"column":161}},"602":{"start":{"line":603,"column":0},"end":{"line":603,"column":40}},"603":{"start":{"line":604,"column":0},"end":{"line":604,"column":17}},"604":{"start":{"line":605,"column":0},"end":{"line":605,"column":47}},"607":{"start":{"line":608,"column":0},"end":{"line":608,"column":24}},"608":{"start":{"line":609,"column":0},"end":{"line":609,"column":26}},"609":{"start":{"line":610,"column":0},"end":{"line":610,"column":14}},"610":{"start":{"line":611,"column":0},"end":{"line":611,"column":32}},"611":{"start":{"line":612,"column":0},"end":{"line":612,"column":83}},"612":{"start":{"line":613,"column":0},"end":{"line":613,"column":23}},"613":{"start":{"line":614,"column":0},"end":{"line":614,"column":9}},"614":{"start":{"line":615,"column":0},"end":{"line":615,"column":19}},"615":{"start":{"line":616,"column":0},"end":{"line":616,"column":5}},"616":{"start":{"line":617,"column":0},"end":{"line":617,"column":3}},"619":{"start":{"line":620,"column":0},"end":{"line":620,"column":55}},"620":{"start":{"line":621,"column":0},"end":{"line":621,"column":45}},"621":{"start":{"line":622,"column":0},"end":{"line":622,"column":132}},"622":{"start":{"line":623,"column":0},"end":{"line":623,"column":84}},"623":{"start":{"line":624,"column":0},"end":{"line":624,"column":3}},"632":{"start":{"line":633,"column":0},"end":{"line":633,"column":32}},"633":{"start":{"line":634,"column":0},"end":{"line":634,"column":19}},"634":{"start":{"line":635,"column":0},"end":{"line":635,"column":126}},"635":{"start":{"line":636,"column":0},"end":{"line":636,"column":11}},"636":{"start":{"line":637,"column":0},"end":{"line":637,"column":26}},"637":{"start":{"line":638,"column":0},"end":{"line":638,"column":110}},"638":{"start":{"line":639,"column":0},"end":{"line":639,"column":45}},"639":{"start":{"line":640,"column":0},"end":{"line":640,"column":43}},"640":{"start":{"line":641,"column":0},"end":{"line":641,"column":78}},"643":{"start":{"line":644,"column":0},"end":{"line":644,"column":22}},"644":{"start":{"line":645,"column":0},"end":{"line":645,"column":51}},"645":{"start":{"line":646,"column":0},"end":{"line":646,"column":45}},"646":{"start":{"line":647,"column":0},"end":{"line":647,"column":64}},"647":{"start":{"line":648,"column":0},"end":{"line":648,"column":49}},"648":{"start":{"line":649,"column":0},"end":{"line":649,"column":54}},"649":{"start":{"line":650,"column":0},"end":{"line":650,"column":53}},"650":{"start":{"line":651,"column":0},"end":{"line":651,"column":23}},"651":{"start":{"line":652,"column":0},"end":{"line":652,"column":20}},"652":{"start":{"line":653,"column":0},"end":{"line":653,"column":5}},"653":{"start":{"line":654,"column":0},"end":{"line":654,"column":18}},"654":{"start":{"line":655,"column":0},"end":{"line":655,"column":3}},"668":{"start":{"line":669,"column":0},"end":{"line":669,"column":59}},"669":{"start":{"line":670,"column":0},"end":{"line":670,"column":42}},"670":{"start":{"line":671,"column":0},"end":{"line":671,"column":66}},"671":{"start":{"line":672,"column":0},"end":{"line":672,"column":42}},"672":{"start":{"line":673,"column":0},"end":{"line":673,"column":39}},"673":{"start":{"line":674,"column":0},"end":{"line":674,"column":159}},"674":{"start":{"line":675,"column":0},"end":{"line":675,"column":24}},"675":{"start":{"line":676,"column":0},"end":{"line":676,"column":148}},"676":{"start":{"line":677,"column":0},"end":{"line":677,"column":37}},"677":{"start":{"line":678,"column":0},"end":{"line":678,"column":24}},"678":{"start":{"line":679,"column":0},"end":{"line":679,"column":26}},"679":{"start":{"line":680,"column":0},"end":{"line":680,"column":14}},"680":{"start":{"line":681,"column":0},"end":{"line":681,"column":32}},"681":{"start":{"line":682,"column":0},"end":{"line":682,"column":128}},"682":{"start":{"line":683,"column":0},"end":{"line":683,"column":23}},"683":{"start":{"line":684,"column":0},"end":{"line":684,"column":9}},"684":{"start":{"line":685,"column":0},"end":{"line":685,"column":5}},"685":{"start":{"line":686,"column":0},"end":{"line":686,"column":3}},"694":{"start":{"line":695,"column":0},"end":{"line":695,"column":65}},"695":{"start":{"line":696,"column":0},"end":{"line":696,"column":42}},"696":{"start":{"line":697,"column":0},"end":{"line":697,"column":39}},"697":{"start":{"line":698,"column":0},"end":{"line":698,"column":42}},"698":{"start":{"line":699,"column":0},"end":{"line":699,"column":83}},"699":{"start":{"line":700,"column":0},"end":{"line":700,"column":36}},"700":{"start":{"line":701,"column":0},"end":{"line":701,"column":108}},"703":{"start":{"line":704,"column":0},"end":{"line":704,"column":104}},"708":{"start":{"line":709,"column":0},"end":{"line":709,"column":102}},"709":{"start":{"line":710,"column":0},"end":{"line":710,"column":33}},"710":{"start":{"line":711,"column":0},"end":{"line":711,"column":95}},"712":{"start":{"line":713,"column":0},"end":{"line":713,"column":51}},"713":{"start":{"line":714,"column":0},"end":{"line":714,"column":18}},"714":{"start":{"line":715,"column":0},"end":{"line":715,"column":181}},"715":{"start":{"line":716,"column":0},"end":{"line":716,"column":9}},"716":{"start":{"line":717,"column":0},"end":{"line":717,"column":142}},"718":{"start":{"line":719,"column":0},"end":{"line":719,"column":16}},"719":{"start":{"line":720,"column":0},"end":{"line":720,"column":228}},"720":{"start":{"line":721,"column":0},"end":{"line":721,"column":14}},"721":{"start":{"line":722,"column":0},"end":{"line":722,"column":24}},"722":{"start":{"line":723,"column":0},"end":{"line":723,"column":148}},"723":{"start":{"line":724,"column":0},"end":{"line":724,"column":14}},"724":{"start":{"line":725,"column":0},"end":{"line":725,"column":17}},"727":{"start":{"line":728,"column":0},"end":{"line":728,"column":93}},"728":{"start":{"line":729,"column":0},"end":{"line":729,"column":65}},"729":{"start":{"line":730,"column":0},"end":{"line":730,"column":89}},"734":{"start":{"line":735,"column":0},"end":{"line":735,"column":82}},"735":{"start":{"line":736,"column":0},"end":{"line":736,"column":134}},"736":{"start":{"line":737,"column":0},"end":{"line":737,"column":14}},"737":{"start":{"line":738,"column":0},"end":{"line":738,"column":24}},"738":{"start":{"line":739,"column":0},"end":{"line":739,"column":26}},"739":{"start":{"line":740,"column":0},"end":{"line":740,"column":14}},"740":{"start":{"line":741,"column":0},"end":{"line":741,"column":32}},"741":{"start":{"line":742,"column":0},"end":{"line":742,"column":126}},"742":{"start":{"line":743,"column":0},"end":{"line":743,"column":23}},"743":{"start":{"line":744,"column":0},"end":{"line":744,"column":9}},"744":{"start":{"line":745,"column":0},"end":{"line":745,"column":18}},"745":{"start":{"line":746,"column":0},"end":{"line":746,"column":5}},"746":{"start":{"line":747,"column":0},"end":{"line":747,"column":93}},"747":{"start":{"line":748,"column":0},"end":{"line":748,"column":37}},"748":{"start":{"line":749,"column":0},"end":{"line":749,"column":24}},"749":{"start":{"line":750,"column":0},"end":{"line":750,"column":26}},"750":{"start":{"line":751,"column":0},"end":{"line":751,"column":14}},"751":{"start":{"line":752,"column":0},"end":{"line":752,"column":32}},"752":{"start":{"line":753,"column":0},"end":{"line":753,"column":158}},"753":{"start":{"line":754,"column":0},"end":{"line":754,"column":23}},"754":{"start":{"line":755,"column":0},"end":{"line":755,"column":9}},"755":{"start":{"line":756,"column":0},"end":{"line":756,"column":5}},"758":{"start":{"line":759,"column":0},"end":{"line":759,"column":29}},"759":{"start":{"line":760,"column":0},"end":{"line":760,"column":96}},"760":{"start":{"line":761,"column":0},"end":{"line":761,"column":5}},"761":{"start":{"line":762,"column":0},"end":{"line":762,"column":123}},"762":{"start":{"line":763,"column":0},"end":{"line":763,"column":14}},"763":{"start":{"line":764,"column":0},"end":{"line":764,"column":3}},"772":{"start":{"line":773,"column":0},"end":{"line":773,"column":84}},"773":{"start":{"line":774,"column":0},"end":{"line":774,"column":41}},"774":{"start":{"line":775,"column":0},"end":{"line":775,"column":54}},"775":{"start":{"line":776,"column":0},"end":{"line":776,"column":114}},"776":{"start":{"line":777,"column":0},"end":{"line":777,"column":33}},"777":{"start":{"line":778,"column":0},"end":{"line":778,"column":48}},"778":{"start":{"line":779,"column":0},"end":{"line":779,"column":75}},"779":{"start":{"line":780,"column":0},"end":{"line":780,"column":5}},"780":{"start":{"line":781,"column":0},"end":{"line":781,"column":123}},"781":{"start":{"line":782,"column":0},"end":{"line":782,"column":98}},"782":{"start":{"line":783,"column":0},"end":{"line":783,"column":43}},"783":{"start":{"line":784,"column":0},"end":{"line":784,"column":25}},"784":{"start":{"line":785,"column":0},"end":{"line":785,"column":32}},"785":{"start":{"line":786,"column":0},"end":{"line":786,"column":33}},"786":{"start":{"line":787,"column":0},"end":{"line":787,"column":36}},"787":{"start":{"line":788,"column":0},"end":{"line":788,"column":49}},"788":{"start":{"line":789,"column":0},"end":{"line":789,"column":10}},"789":{"start":{"line":790,"column":0},"end":{"line":790,"column":204}},"790":{"start":{"line":791,"column":0},"end":{"line":791,"column":8}},"791":{"start":{"line":792,"column":0},"end":{"line":792,"column":35}},"792":{"start":{"line":793,"column":0},"end":{"line":793,"column":5}},"793":{"start":{"line":794,"column":0},"end":{"line":794,"column":26}},"794":{"start":{"line":795,"column":0},"end":{"line":795,"column":3}},"804":{"start":{"line":805,"column":0},"end":{"line":805,"column":27}},"815":{"start":{"line":816,"column":0},"end":{"line":816,"column":5}},"816":{"start":{"line":817,"column":0},"end":{"line":817,"column":46}},"818":{"start":{"line":819,"column":0},"end":{"line":819,"column":98}},"819":{"start":{"line":820,"column":0},"end":{"line":820,"column":35}},"820":{"start":{"line":821,"column":0},"end":{"line":821,"column":22}},"821":{"start":{"line":822,"column":0},"end":{"line":822,"column":83}},"822":{"start":{"line":823,"column":0},"end":{"line":823,"column":19}},"823":{"start":{"line":824,"column":0},"end":{"line":824,"column":78}},"824":{"start":{"line":825,"column":0},"end":{"line":825,"column":25}},"825":{"start":{"line":826,"column":0},"end":{"line":826,"column":84}},"826":{"start":{"line":827,"column":0},"end":{"line":827,"column":65}},"827":{"start":{"line":828,"column":0},"end":{"line":828,"column":9}},"828":{"start":{"line":829,"column":0},"end":{"line":829,"column":78}},"833":{"start":{"line":834,"column":0},"end":{"line":834,"column":24}},"834":{"start":{"line":835,"column":0},"end":{"line":835,"column":47}},"835":{"start":{"line":836,"column":0},"end":{"line":836,"column":20}},"836":{"start":{"line":837,"column":0},"end":{"line":837,"column":21}},"837":{"start":{"line":838,"column":0},"end":{"line":838,"column":23}},"838":{"start":{"line":839,"column":0},"end":{"line":839,"column":35}},"839":{"start":{"line":840,"column":0},"end":{"line":840,"column":25}},"840":{"start":{"line":841,"column":0},"end":{"line":841,"column":71}},"841":{"start":{"line":842,"column":0},"end":{"line":842,"column":47}},"842":{"start":{"line":843,"column":0},"end":{"line":843,"column":10}},"844":{"start":{"line":845,"column":0},"end":{"line":845,"column":41}},"845":{"start":{"line":846,"column":0},"end":{"line":846,"column":19}},"846":{"start":{"line":847,"column":0},"end":{"line":847,"column":16}},"847":{"start":{"line":848,"column":0},"end":{"line":848,"column":84}},"848":{"start":{"line":849,"column":0},"end":{"line":849,"column":36}},"849":{"start":{"line":850,"column":0},"end":{"line":850,"column":6}},"850":{"start":{"line":851,"column":0},"end":{"line":851,"column":112}},"851":{"start":{"line":852,"column":0},"end":{"line":852,"column":20}},"852":{"start":{"line":853,"column":0},"end":{"line":853,"column":115}},"853":{"start":{"line":854,"column":0},"end":{"line":854,"column":5}},"857":{"start":{"line":858,"column":0},"end":{"line":858,"column":42}},"858":{"start":{"line":859,"column":0},"end":{"line":859,"column":36}},"859":{"start":{"line":860,"column":0},"end":{"line":860,"column":17}},"860":{"start":{"line":861,"column":0},"end":{"line":861,"column":30}},"861":{"start":{"line":862,"column":0},"end":{"line":862,"column":22}},"862":{"start":{"line":863,"column":0},"end":{"line":863,"column":34}},"863":{"start":{"line":864,"column":0},"end":{"line":864,"column":127}},"864":{"start":{"line":865,"column":0},"end":{"line":865,"column":32}},"865":{"start":{"line":866,"column":0},"end":{"line":866,"column":8}},"866":{"start":{"line":867,"column":0},"end":{"line":867,"column":5}},"868":{"start":{"line":869,"column":0},"end":{"line":869,"column":51}},"869":{"start":{"line":870,"column":0},"end":{"line":870,"column":179}},"873":{"start":{"line":874,"column":0},"end":{"line":874,"column":50}},"874":{"start":{"line":875,"column":0},"end":{"line":875,"column":44}},"875":{"start":{"line":876,"column":0},"end":{"line":876,"column":17}},"876":{"start":{"line":877,"column":0},"end":{"line":877,"column":34}},"877":{"start":{"line":878,"column":0},"end":{"line":878,"column":22}},"878":{"start":{"line":879,"column":0},"end":{"line":879,"column":38}},"879":{"start":{"line":880,"column":0},"end":{"line":880,"column":69}},"880":{"start":{"line":881,"column":0},"end":{"line":881,"column":36}},"881":{"start":{"line":882,"column":0},"end":{"line":882,"column":8}},"882":{"start":{"line":883,"column":0},"end":{"line":883,"column":5}},"883":{"start":{"line":884,"column":0},"end":{"line":884,"column":47}},"884":{"start":{"line":885,"column":0},"end":{"line":885,"column":15}},"885":{"start":{"line":886,"column":0},"end":{"line":886,"column":17}},"886":{"start":{"line":887,"column":0},"end":{"line":887,"column":31}},"887":{"start":{"line":888,"column":0},"end":{"line":888,"column":36}},"888":{"start":{"line":889,"column":0},"end":{"line":889,"column":122}},"889":{"start":{"line":890,"column":0},"end":{"line":890,"column":8}},"890":{"start":{"line":891,"column":0},"end":{"line":891,"column":5}},"891":{"start":{"line":892,"column":0},"end":{"line":892,"column":134}},"892":{"start":{"line":893,"column":0},"end":{"line":893,"column":3}},"902":{"start":{"line":903,"column":0},"end":{"line":903,"column":66}},"903":{"start":{"line":904,"column":0},"end":{"line":904,"column":78}},"904":{"start":{"line":905,"column":0},"end":{"line":905,"column":65}},"905":{"start":{"line":906,"column":0},"end":{"line":906,"column":3}},"920":{"start":{"line":921,"column":0},"end":{"line":921,"column":95}},"921":{"start":{"line":922,"column":0},"end":{"line":922,"column":64}},"922":{"start":{"line":923,"column":0},"end":{"line":923,"column":28}},"923":{"start":{"line":924,"column":0},"end":{"line":924,"column":36}},"924":{"start":{"line":925,"column":0},"end":{"line":925,"column":18}},"925":{"start":{"line":926,"column":0},"end":{"line":926,"column":5}},"928":{"start":{"line":929,"column":0},"end":{"line":929,"column":95}},"929":{"start":{"line":930,"column":0},"end":{"line":930,"column":20}},"930":{"start":{"line":931,"column":0},"end":{"line":931,"column":3}},"939":{"start":{"line":940,"column":0},"end":{"line":940,"column":97}},"940":{"start":{"line":941,"column":0},"end":{"line":941,"column":49}},"941":{"start":{"line":942,"column":0},"end":{"line":942,"column":52}},"945":{"start":{"line":946,"column":0},"end":{"line":946,"column":73}},"946":{"start":{"line":947,"column":0},"end":{"line":947,"column":134}},"950":{"start":{"line":951,"column":0},"end":{"line":951,"column":32}},"951":{"start":{"line":952,"column":0},"end":{"line":952,"column":25}},"952":{"start":{"line":953,"column":0},"end":{"line":953,"column":32}},"953":{"start":{"line":954,"column":0},"end":{"line":954,"column":9}},"954":{"start":{"line":955,"column":0},"end":{"line":955,"column":52}},"955":{"start":{"line":956,"column":0},"end":{"line":956,"column":14}},"956":{"start":{"line":957,"column":0},"end":{"line":957,"column":15}},"957":{"start":{"line":958,"column":0},"end":{"line":958,"column":26}},"958":{"start":{"line":959,"column":0},"end":{"line":959,"column":12}},"959":{"start":{"line":960,"column":0},"end":{"line":960,"column":23}},"960":{"start":{"line":961,"column":0},"end":{"line":961,"column":38}},"961":{"start":{"line":962,"column":0},"end":{"line":962,"column":28}},"962":{"start":{"line":963,"column":0},"end":{"line":963,"column":40}},"963":{"start":{"line":964,"column":0},"end":{"line":964,"column":26}},"964":{"start":{"line":965,"column":0},"end":{"line":965,"column":15}},"967":{"start":{"line":968,"column":0},"end":{"line":968,"column":37}},"968":{"start":{"line":969,"column":0},"end":{"line":969,"column":27}},"969":{"start":{"line":970,"column":0},"end":{"line":970,"column":5}},"970":{"start":{"line":971,"column":0},"end":{"line":971,"column":137}},"971":{"start":{"line":972,"column":0},"end":{"line":972,"column":20}},"972":{"start":{"line":973,"column":0},"end":{"line":973,"column":3}},"985":{"start":{"line":986,"column":0},"end":{"line":986,"column":93}},"986":{"start":{"line":987,"column":0},"end":{"line":987,"column":42}},"987":{"start":{"line":988,"column":0},"end":{"line":988,"column":52}},"988":{"start":{"line":989,"column":0},"end":{"line":989,"column":9}},"989":{"start":{"line":990,"column":0},"end":{"line":990,"column":42}},"990":{"start":{"line":991,"column":0},"end":{"line":991,"column":14}},"991":{"start":{"line":992,"column":0},"end":{"line":992,"column":15}},"992":{"start":{"line":993,"column":0},"end":{"line":993,"column":24}},"993":{"start":{"line":994,"column":0},"end":{"line":994,"column":41}},"994":{"start":{"line":995,"column":0},"end":{"line":995,"column":44}},"995":{"start":{"line":996,"column":0},"end":{"line":996,"column":41}},"996":{"start":{"line":997,"column":0},"end":{"line":997,"column":48}},"997":{"start":{"line":998,"column":0},"end":{"line":998,"column":72}},"998":{"start":{"line":999,"column":0},"end":{"line":999,"column":21}},"999":{"start":{"line":1000,"column":0},"end":{"line":1000,"column":56}},"1003":{"start":{"line":1004,"column":0},"end":{"line":1004,"column":46}},"1004":{"start":{"line":1005,"column":0},"end":{"line":1005,"column":9}},"1005":{"start":{"line":1006,"column":0},"end":{"line":1006,"column":103}},"1006":{"start":{"line":1007,"column":0},"end":{"line":1007,"column":64}},"1007":{"start":{"line":1008,"column":0},"end":{"line":1008,"column":94}},"1009":{"start":{"line":1010,"column":0},"end":{"line":1010,"column":66}},"1010":{"start":{"line":1011,"column":0},"end":{"line":1011,"column":13}},"1011":{"start":{"line":1012,"column":0},"end":{"line":1012,"column":16}},"1012":{"start":{"line":1013,"column":0},"end":{"line":1013,"column":5}},"1013":{"start":{"line":1014,"column":0},"end":{"line":1014,"column":3}},"1028":{"start":{"line":1029,"column":0},"end":{"line":1029,"column":60}},"1029":{"start":{"line":1030,"column":0},"end":{"line":1030,"column":58}},"1030":{"start":{"line":1031,"column":0},"end":{"line":1031,"column":57}},"1031":{"start":{"line":1032,"column":0},"end":{"line":1032,"column":31}},"1032":{"start":{"line":1033,"column":0},"end":{"line":1033,"column":22}},"1033":{"start":{"line":1034,"column":0},"end":{"line":1034,"column":24}},"1034":{"start":{"line":1035,"column":0},"end":{"line":1035,"column":12}},"1035":{"start":{"line":1036,"column":0},"end":{"line":1036,"column":30}},"1036":{"start":{"line":1037,"column":0},"end":{"line":1037,"column":11}},"1037":{"start":{"line":1038,"column":0},"end":{"line":1038,"column":142}},"1038":{"start":{"line":1039,"column":0},"end":{"line":1039,"column":75}},"1039":{"start":{"line":1040,"column":0},"end":{"line":1040,"column":21}},"1040":{"start":{"line":1041,"column":0},"end":{"line":1041,"column":7}},"1041":{"start":{"line":1042,"column":0},"end":{"line":1042,"column":3}},"1047":{"start":{"line":1048,"column":0},"end":{"line":1048,"column":41}},"1059":{"start":{"line":1060,"column":0},"end":{"line":1060,"column":78}},"1061":{"start":{"line":1062,"column":0},"end":{"line":1062,"column":45}},"1062":{"start":{"line":1063,"column":0},"end":{"line":1063,"column":21}},"1063":{"start":{"line":1064,"column":0},"end":{"line":1064,"column":31}},"1064":{"start":{"line":1065,"column":0},"end":{"line":1065,"column":48}},"1065":{"start":{"line":1066,"column":0},"end":{"line":1066,"column":20}},"1066":{"start":{"line":1067,"column":0},"end":{"line":1067,"column":9}},"1067":{"start":{"line":1068,"column":0},"end":{"line":1068,"column":39}},"1068":{"start":{"line":1069,"column":0},"end":{"line":1069,"column":5}},"1069":{"start":{"line":1070,"column":0},"end":{"line":1070,"column":29}},"1070":{"start":{"line":1071,"column":0},"end":{"line":1071,"column":3}},"1073":{"start":{"line":1074,"column":0},"end":{"line":1074,"column":33}},"1074":{"start":{"line":1075,"column":0},"end":{"line":1075,"column":30}},"1075":{"start":{"line":1076,"column":0},"end":{"line":1076,"column":21}},"1076":{"start":{"line":1077,"column":0},"end":{"line":1077,"column":23}},"1077":{"start":{"line":1078,"column":0},"end":{"line":1078,"column":3}},"1080":{"start":{"line":1081,"column":0},"end":{"line":1081,"column":54}},"1083":{"start":{"line":1084,"column":0},"end":{"line":1084,"column":62}},"1102":{"start":{"line":1103,"column":0},"end":{"line":1103,"column":92}},"1103":{"start":{"line":1104,"column":0},"end":{"line":1104,"column":47}},"1104":{"start":{"line":1105,"column":0},"end":{"line":1105,"column":55}},"1105":{"start":{"line":1106,"column":0},"end":{"line":1106,"column":33}},"1106":{"start":{"line":1107,"column":0},"end":{"line":1107,"column":86}},"1107":{"start":{"line":1108,"column":0},"end":{"line":1108,"column":124}},"1108":{"start":{"line":1109,"column":0},"end":{"line":1109,"column":122}},"1109":{"start":{"line":1110,"column":0},"end":{"line":1110,"column":20}},"1110":{"start":{"line":1111,"column":0},"end":{"line":1111,"column":5}},"1111":{"start":{"line":1112,"column":0},"end":{"line":1112,"column":51}},"1112":{"start":{"line":1113,"column":0},"end":{"line":1113,"column":68}},"1113":{"start":{"line":1114,"column":0},"end":{"line":1114,"column":64}},"1114":{"start":{"line":1115,"column":0},"end":{"line":1115,"column":109}},"1115":{"start":{"line":1116,"column":0},"end":{"line":1116,"column":5}},"1117":{"start":{"line":1118,"column":0},"end":{"line":1118,"column":84}},"1118":{"start":{"line":1119,"column":0},"end":{"line":1119,"column":63}},"1123":{"start":{"line":1124,"column":0},"end":{"line":1124,"column":108}},"1124":{"start":{"line":1125,"column":0},"end":{"line":1125,"column":18}},"1125":{"start":{"line":1126,"column":0},"end":{"line":1126,"column":97}},"1126":{"start":{"line":1127,"column":0},"end":{"line":1127,"column":95}},"1129":{"start":{"line":1130,"column":0},"end":{"line":1130,"column":27}},"1130":{"start":{"line":1131,"column":0},"end":{"line":1131,"column":5}},"1131":{"start":{"line":1132,"column":0},"end":{"line":1132,"column":100}},"1132":{"start":{"line":1133,"column":0},"end":{"line":1133,"column":112}},"1133":{"start":{"line":1134,"column":0},"end":{"line":1134,"column":20}},"1134":{"start":{"line":1135,"column":0},"end":{"line":1135,"column":3}},"1148":{"start":{"line":1149,"column":0},"end":{"line":1149,"column":83}},"1149":{"start":{"line":1150,"column":0},"end":{"line":1150,"column":51}},"1150":{"start":{"line":1151,"column":0},"end":{"line":1151,"column":65}},"1151":{"start":{"line":1152,"column":0},"end":{"line":1152,"column":9}},"1154":{"start":{"line":1155,"column":0},"end":{"line":1155,"column":89}},"1155":{"start":{"line":1156,"column":0},"end":{"line":1156,"column":21}},"1156":{"start":{"line":1157,"column":0},"end":{"line":1157,"column":33}},"1157":{"start":{"line":1158,"column":0},"end":{"line":1158,"column":108}},"1158":{"start":{"line":1159,"column":0},"end":{"line":1159,"column":91}},"1159":{"start":{"line":1160,"column":0},"end":{"line":1160,"column":7}},"1160":{"start":{"line":1161,"column":0},"end":{"line":1161,"column":19}},"1161":{"start":{"line":1162,"column":0},"end":{"line":1162,"column":26}},"1162":{"start":{"line":1163,"column":0},"end":{"line":1163,"column":32}},"1163":{"start":{"line":1164,"column":0},"end":{"line":1164,"column":16}},"1164":{"start":{"line":1165,"column":0},"end":{"line":1165,"column":17}},"1165":{"start":{"line":1166,"column":0},"end":{"line":1166,"column":102}},"1166":{"start":{"line":1167,"column":0},"end":{"line":1167,"column":29}},"1167":{"start":{"line":1168,"column":0},"end":{"line":1168,"column":25}},"1168":{"start":{"line":1169,"column":0},"end":{"line":1169,"column":11}},"1169":{"start":{"line":1170,"column":0},"end":{"line":1170,"column":7}},"1170":{"start":{"line":1171,"column":0},"end":{"line":1171,"column":13}},"1172":{"start":{"line":1173,"column":0},"end":{"line":1173,"column":5}},"1173":{"start":{"line":1174,"column":0},"end":{"line":1174,"column":3}},"1185":{"start":{"line":1186,"column":0},"end":{"line":1186,"column":131}},"1186":{"start":{"line":1187,"column":0},"end":{"line":1187,"column":38}},"1187":{"start":{"line":1188,"column":0},"end":{"line":1188,"column":9}},"1188":{"start":{"line":1189,"column":0},"end":{"line":1189,"column":41}},"1189":{"start":{"line":1190,"column":0},"end":{"line":1190,"column":14}},"1190":{"start":{"line":1191,"column":0},"end":{"line":1191,"column":15}},"1191":{"start":{"line":1192,"column":0},"end":{"line":1192,"column":19}},"1192":{"start":{"line":1193,"column":0},"end":{"line":1193,"column":36}},"1193":{"start":{"line":1194,"column":0},"end":{"line":1194,"column":115}},"1194":{"start":{"line":1195,"column":0},"end":{"line":1195,"column":15}},"1195":{"start":{"line":1196,"column":0},"end":{"line":1196,"column":258}},"1197":{"start":{"line":1198,"column":0},"end":{"line":1198,"column":12}},"1198":{"start":{"line":1199,"column":0},"end":{"line":1199,"column":32}},"1199":{"start":{"line":1200,"column":0},"end":{"line":1200,"column":20}},"1200":{"start":{"line":1201,"column":0},"end":{"line":1201,"column":59}},"1201":{"start":{"line":1202,"column":0},"end":{"line":1202,"column":9}},"1202":{"start":{"line":1203,"column":0},"end":{"line":1203,"column":60}},"1203":{"start":{"line":1204,"column":0},"end":{"line":1204,"column":17}},"1204":{"start":{"line":1205,"column":0},"end":{"line":1205,"column":47}},"1205":{"start":{"line":1206,"column":0},"end":{"line":1206,"column":18}},"1206":{"start":{"line":1207,"column":0},"end":{"line":1207,"column":5}},"1207":{"start":{"line":1208,"column":0},"end":{"line":1208,"column":3}},"1210":{"start":{"line":1211,"column":0},"end":{"line":1211,"column":94}},"1211":{"start":{"line":1212,"column":0},"end":{"line":1212,"column":38}},"1214":{"start":{"line":1215,"column":0},"end":{"line":1215,"column":41}},"1215":{"start":{"line":1216,"column":0},"end":{"line":1216,"column":22}},"1216":{"start":{"line":1217,"column":0},"end":{"line":1217,"column":30}},"1217":{"start":{"line":1218,"column":0},"end":{"line":1218,"column":76}},"1218":{"start":{"line":1219,"column":0},"end":{"line":1219,"column":28}},"1219":{"start":{"line":1220,"column":0},"end":{"line":1220,"column":25}},"1220":{"start":{"line":1221,"column":0},"end":{"line":1221,"column":9}},"1221":{"start":{"line":1222,"column":0},"end":{"line":1222,"column":7}},"1222":{"start":{"line":1223,"column":0},"end":{"line":1223,"column":5}},"1223":{"start":{"line":1224,"column":0},"end":{"line":1224,"column":27}},"1224":{"start":{"line":1225,"column":0},"end":{"line":1225,"column":24}},"1225":{"start":{"line":1226,"column":0},"end":{"line":1226,"column":3}},"1236":{"start":{"line":1237,"column":0},"end":{"line":1237,"column":70}},"1237":{"start":{"line":1238,"column":0},"end":{"line":1238,"column":54}},"1238":{"start":{"line":1239,"column":0},"end":{"line":1239,"column":70}},"1239":{"start":{"line":1240,"column":0},"end":{"line":1240,"column":37}},"1240":{"start":{"line":1241,"column":0},"end":{"line":1241,"column":3}},"1243":{"start":{"line":1244,"column":0},"end":{"line":1244,"column":119}},"1244":{"start":{"line":1245,"column":0},"end":{"line":1245,"column":42}},"1245":{"start":{"line":1246,"column":0},"end":{"line":1246,"column":23}},"1246":{"start":{"line":1247,"column":0},"end":{"line":1247,"column":54}},"1247":{"start":{"line":1248,"column":0},"end":{"line":1248,"column":22}},"1249":{"start":{"line":1250,"column":0},"end":{"line":1250,"column":59}},"1250":{"start":{"line":1251,"column":0},"end":{"line":1251,"column":42}},"1251":{"start":{"line":1252,"column":0},"end":{"line":1252,"column":14}},"1252":{"start":{"line":1253,"column":0},"end":{"line":1253,"column":24}},"1253":{"start":{"line":1254,"column":0},"end":{"line":1254,"column":41}},"1254":{"start":{"line":1255,"column":0},"end":{"line":1255,"column":83}},"1255":{"start":{"line":1256,"column":0},"end":{"line":1256,"column":15}},"1256":{"start":{"line":1257,"column":0},"end":{"line":1257,"column":46}},"1257":{"start":{"line":1258,"column":0},"end":{"line":1258,"column":88}},"1258":{"start":{"line":1259,"column":0},"end":{"line":1259,"column":88}},"1259":{"start":{"line":1260,"column":0},"end":{"line":1260,"column":109}},"1260":{"start":{"line":1261,"column":0},"end":{"line":1261,"column":27}},"1261":{"start":{"line":1262,"column":0},"end":{"line":1262,"column":65}},"1262":{"start":{"line":1263,"column":0},"end":{"line":1263,"column":47}},"1263":{"start":{"line":1264,"column":0},"end":{"line":1264,"column":21}},"1264":{"start":{"line":1265,"column":0},"end":{"line":1265,"column":51}},"1265":{"start":{"line":1266,"column":0},"end":{"line":1266,"column":51}},"1266":{"start":{"line":1267,"column":0},"end":{"line":1267,"column":9}},"1267":{"start":{"line":1268,"column":0},"end":{"line":1268,"column":117}},"1269":{"start":{"line":1270,"column":0},"end":{"line":1270,"column":67}},"1270":{"start":{"line":1271,"column":0},"end":{"line":1271,"column":83}},"1271":{"start":{"line":1272,"column":0},"end":{"line":1272,"column":90}},"1273":{"start":{"line":1274,"column":0},"end":{"line":1274,"column":119}},"1274":{"start":{"line":1275,"column":0},"end":{"line":1275,"column":73}},"1275":{"start":{"line":1276,"column":0},"end":{"line":1276,"column":113}},"1276":{"start":{"line":1277,"column":0},"end":{"line":1277,"column":48}},"1277":{"start":{"line":1278,"column":0},"end":{"line":1278,"column":112}},"1278":{"start":{"line":1279,"column":0},"end":{"line":1279,"column":5}},"1279":{"start":{"line":1280,"column":0},"end":{"line":1280,"column":65}},"1280":{"start":{"line":1281,"column":0},"end":{"line":1281,"column":3}},"1283":{"start":{"line":1284,"column":0},"end":{"line":1284,"column":145}},"1284":{"start":{"line":1285,"column":0},"end":{"line":1285,"column":42}},"1285":{"start":{"line":1286,"column":0},"end":{"line":1286,"column":23}},"1286":{"start":{"line":1287,"column":0},"end":{"line":1287,"column":54}},"1287":{"start":{"line":1288,"column":0},"end":{"line":1288,"column":22}},"1288":{"start":{"line":1289,"column":0},"end":{"line":1289,"column":24}},"1289":{"start":{"line":1290,"column":0},"end":{"line":1290,"column":30}},"1291":{"start":{"line":1292,"column":0},"end":{"line":1292,"column":59}},"1295":{"start":{"line":1296,"column":0},"end":{"line":1296,"column":58}},"1296":{"start":{"line":1297,"column":0},"end":{"line":1297,"column":42}},"1297":{"start":{"line":1298,"column":0},"end":{"line":1298,"column":14}},"1298":{"start":{"line":1299,"column":0},"end":{"line":1299,"column":24}},"1299":{"start":{"line":1300,"column":0},"end":{"line":1300,"column":41}},"1300":{"start":{"line":1301,"column":0},"end":{"line":1301,"column":88}},"1301":{"start":{"line":1302,"column":0},"end":{"line":1302,"column":22}},"1302":{"start":{"line":1303,"column":0},"end":{"line":1303,"column":70}},"1303":{"start":{"line":1304,"column":0},"end":{"line":1304,"column":354}},"1304":{"start":{"line":1305,"column":0},"end":{"line":1305,"column":27}},"1305":{"start":{"line":1306,"column":0},"end":{"line":1306,"column":18}},"1306":{"start":{"line":1307,"column":0},"end":{"line":1307,"column":25}},"1307":{"start":{"line":1308,"column":0},"end":{"line":1308,"column":20}},"1308":{"start":{"line":1309,"column":0},"end":{"line":1309,"column":51}},"1309":{"start":{"line":1310,"column":0},"end":{"line":1310,"column":51}},"1310":{"start":{"line":1311,"column":0},"end":{"line":1311,"column":9}},"1311":{"start":{"line":1312,"column":0},"end":{"line":1312,"column":37}},"1312":{"start":{"line":1313,"column":0},"end":{"line":1313,"column":77}},"1315":{"start":{"line":1316,"column":0},"end":{"line":1316,"column":116}},"1319":{"start":{"line":1320,"column":0},"end":{"line":1320,"column":11}},"1320":{"start":{"line":1321,"column":0},"end":{"line":1321,"column":79}},"1321":{"start":{"line":1322,"column":0},"end":{"line":1322,"column":29}},"1322":{"start":{"line":1323,"column":0},"end":{"line":1323,"column":70}},"1323":{"start":{"line":1324,"column":0},"end":{"line":1324,"column":54}},"1324":{"start":{"line":1325,"column":0},"end":{"line":1325,"column":75}},"1325":{"start":{"line":1326,"column":0},"end":{"line":1326,"column":16}},"1326":{"start":{"line":1327,"column":0},"end":{"line":1327,"column":44}},"1327":{"start":{"line":1328,"column":0},"end":{"line":1328,"column":24}},"1332":{"start":{"line":1333,"column":0},"end":{"line":1333,"column":24}},"1333":{"start":{"line":1334,"column":0},"end":{"line":1334,"column":84}},"1334":{"start":{"line":1335,"column":0},"end":{"line":1335,"column":9}},"1335":{"start":{"line":1336,"column":0},"end":{"line":1336,"column":19}},"1336":{"start":{"line":1337,"column":0},"end":{"line":1337,"column":34}},"1337":{"start":{"line":1338,"column":0},"end":{"line":1338,"column":124}},"1338":{"start":{"line":1339,"column":0},"end":{"line":1339,"column":114}},"1339":{"start":{"line":1340,"column":0},"end":{"line":1340,"column":7}},"1340":{"start":{"line":1341,"column":0},"end":{"line":1341,"column":112}},"1341":{"start":{"line":1342,"column":0},"end":{"line":1342,"column":5}},"1342":{"start":{"line":1343,"column":0},"end":{"line":1343,"column":65}},"1343":{"start":{"line":1344,"column":0},"end":{"line":1344,"column":3}},"1346":{"start":{"line":1347,"column":0},"end":{"line":1347,"column":137}},"1347":{"start":{"line":1348,"column":0},"end":{"line":1348,"column":108}},"1348":{"start":{"line":1349,"column":0},"end":{"line":1349,"column":107}},"1349":{"start":{"line":1350,"column":0},"end":{"line":1350,"column":18}},"1350":{"start":{"line":1351,"column":0},"end":{"line":1351,"column":3}},"1352":{"start":{"line":1353,"column":0},"end":{"line":1353,"column":95}},"1353":{"start":{"line":1354,"column":0},"end":{"line":1354,"column":95}},"1354":{"start":{"line":1355,"column":0},"end":{"line":1355,"column":54}},"1355":{"start":{"line":1356,"column":0},"end":{"line":1356,"column":29}},"1356":{"start":{"line":1357,"column":0},"end":{"line":1357,"column":3}},"1359":{"start":{"line":1360,"column":0},"end":{"line":1360,"column":75}},"1360":{"start":{"line":1361,"column":0},"end":{"line":1361,"column":66}},"1361":{"start":{"line":1362,"column":0},"end":{"line":1362,"column":9}},"1362":{"start":{"line":1363,"column":0},"end":{"line":1363,"column":42}},"1363":{"start":{"line":1364,"column":0},"end":{"line":1364,"column":32}},"1364":{"start":{"line":1365,"column":0},"end":{"line":1365,"column":13}},"1365":{"start":{"line":1366,"column":0},"end":{"line":1366,"column":38}},"1366":{"start":{"line":1367,"column":0},"end":{"line":1367,"column":5}},"1367":{"start":{"line":1368,"column":0},"end":{"line":1368,"column":16}},"1368":{"start":{"line":1369,"column":0},"end":{"line":1369,"column":3}},"1370":{"start":{"line":1371,"column":0},"end":{"line":1371,"column":56}},"1371":{"start":{"line":1372,"column":0},"end":{"line":1372,"column":42}},"1372":{"start":{"line":1373,"column":0},"end":{"line":1373,"column":60}},"1373":{"start":{"line":1374,"column":0},"end":{"line":1374,"column":40}},"1374":{"start":{"line":1375,"column":0},"end":{"line":1375,"column":45}},"1375":{"start":{"line":1376,"column":0},"end":{"line":1376,"column":45}},"1376":{"start":{"line":1377,"column":0},"end":{"line":1377,"column":78}},"1377":{"start":{"line":1378,"column":0},"end":{"line":1378,"column":78}},"1379":{"start":{"line":1380,"column":0},"end":{"line":1380,"column":85}},"1380":{"start":{"line":1381,"column":0},"end":{"line":1381,"column":52}},"1381":{"start":{"line":1382,"column":0},"end":{"line":1382,"column":27}},"1382":{"start":{"line":1383,"column":0},"end":{"line":1383,"column":12}},"1383":{"start":{"line":1384,"column":0},"end":{"line":1384,"column":60}},"1384":{"start":{"line":1385,"column":0},"end":{"line":1385,"column":30}},"1385":{"start":{"line":1386,"column":0},"end":{"line":1386,"column":17}},"1386":{"start":{"line":1387,"column":0},"end":{"line":1387,"column":25}},"1387":{"start":{"line":1388,"column":0},"end":{"line":1388,"column":23}},"1388":{"start":{"line":1389,"column":0},"end":{"line":1389,"column":21}},"1389":{"start":{"line":1390,"column":0},"end":{"line":1390,"column":49}},"1390":{"start":{"line":1391,"column":0},"end":{"line":1391,"column":31}},"1391":{"start":{"line":1392,"column":0},"end":{"line":1392,"column":38}},"1392":{"start":{"line":1393,"column":0},"end":{"line":1393,"column":21}},"1393":{"start":{"line":1394,"column":0},"end":{"line":1394,"column":27}},"1394":{"start":{"line":1395,"column":0},"end":{"line":1395,"column":32}},"1395":{"start":{"line":1396,"column":0},"end":{"line":1396,"column":23}},"1396":{"start":{"line":1397,"column":0},"end":{"line":1397,"column":24}},"1397":{"start":{"line":1398,"column":0},"end":{"line":1398,"column":20}},"1398":{"start":{"line":1399,"column":0},"end":{"line":1399,"column":27}},"1399":{"start":{"line":1400,"column":0},"end":{"line":1400,"column":27}},"1400":{"start":{"line":1401,"column":0},"end":{"line":1401,"column":9}},"1401":{"start":{"line":1402,"column":0},"end":{"line":1402,"column":6}},"1402":{"start":{"line":1403,"column":0},"end":{"line":1403,"column":13}},"1403":{"start":{"line":1404,"column":0},"end":{"line":1404,"column":3}},"1405":{"start":{"line":1406,"column":0},"end":{"line":1406,"column":42}},"1406":{"start":{"line":1407,"column":0},"end":{"line":1407,"column":42}},"1407":{"start":{"line":1408,"column":0},"end":{"line":1408,"column":64}},"1408":{"start":{"line":1409,"column":0},"end":{"line":1409,"column":3}},"1410":{"start":{"line":1411,"column":0},"end":{"line":1411,"column":46}},"1411":{"start":{"line":1412,"column":0},"end":{"line":1412,"column":46}},"1412":{"start":{"line":1413,"column":0},"end":{"line":1413,"column":109}},"1413":{"start":{"line":1414,"column":0},"end":{"line":1414,"column":3}},"1415":{"start":{"line":1416,"column":0},"end":{"line":1416,"column":58}},"1416":{"start":{"line":1417,"column":0},"end":{"line":1417,"column":37}},"1417":{"start":{"line":1418,"column":0},"end":{"line":1418,"column":53}},"1418":{"start":{"line":1419,"column":0},"end":{"line":1419,"column":50}},"1419":{"start":{"line":1420,"column":0},"end":{"line":1420,"column":14}},"1420":{"start":{"line":1421,"column":0},"end":{"line":1421,"column":16}},"1421":{"start":{"line":1422,"column":0},"end":{"line":1422,"column":19}},"1422":{"start":{"line":1423,"column":0},"end":{"line":1423,"column":114}},"1423":{"start":{"line":1424,"column":0},"end":{"line":1424,"column":19}},"1424":{"start":{"line":1425,"column":0},"end":{"line":1425,"column":8}},"1425":{"start":{"line":1426,"column":0},"end":{"line":1426,"column":18}},"1426":{"start":{"line":1427,"column":0},"end":{"line":1427,"column":83}},"1427":{"start":{"line":1428,"column":0},"end":{"line":1428,"column":142}},"1428":{"start":{"line":1429,"column":0},"end":{"line":1429,"column":7}},"1429":{"start":{"line":1430,"column":0},"end":{"line":1430,"column":5}},"1430":{"start":{"line":1431,"column":0},"end":{"line":1431,"column":3}},"1434":{"start":{"line":1435,"column":0},"end":{"line":1435,"column":55}},"1435":{"start":{"line":1436,"column":0},"end":{"line":1436,"column":42}},"1436":{"start":{"line":1437,"column":0},"end":{"line":1437,"column":49}},"1437":{"start":{"line":1438,"column":0},"end":{"line":1438,"column":54}},"1444":{"start":{"line":1445,"column":0},"end":{"line":1445,"column":50}},"1445":{"start":{"line":1446,"column":0},"end":{"line":1446,"column":81}},"1446":{"start":{"line":1447,"column":0},"end":{"line":1447,"column":33}},"1447":{"start":{"line":1448,"column":0},"end":{"line":1448,"column":29}},"1448":{"start":{"line":1449,"column":0},"end":{"line":1449,"column":226}},"1449":{"start":{"line":1450,"column":0},"end":{"line":1450,"column":10}},"1450":{"start":{"line":1451,"column":0},"end":{"line":1451,"column":112}},"1451":{"start":{"line":1452,"column":0},"end":{"line":1452,"column":7}},"1452":{"start":{"line":1453,"column":0},"end":{"line":1453,"column":5}},"1459":{"start":{"line":1460,"column":0},"end":{"line":1460,"column":59}},"1460":{"start":{"line":1461,"column":0},"end":{"line":1461,"column":90}},"1461":{"start":{"line":1462,"column":0},"end":{"line":1462,"column":54}},"1462":{"start":{"line":1463,"column":0},"end":{"line":1463,"column":49}},"1481":{"start":{"line":1482,"column":0},"end":{"line":1482,"column":95}},"1483":{"start":{"line":1484,"column":0},"end":{"line":1484,"column":14}},"1487":{"start":{"line":1488,"column":0},"end":{"line":1488,"column":46}},"1488":{"start":{"line":1489,"column":0},"end":{"line":1489,"column":50}},"1489":{"start":{"line":1490,"column":0},"end":{"line":1490,"column":68}},"1490":{"start":{"line":1491,"column":0},"end":{"line":1491,"column":26}},"1491":{"start":{"line":1492,"column":0},"end":{"line":1492,"column":91}},"1492":{"start":{"line":1493,"column":0},"end":{"line":1493,"column":28}},"1493":{"start":{"line":1494,"column":0},"end":{"line":1494,"column":54}},"1494":{"start":{"line":1495,"column":0},"end":{"line":1495,"column":25}},"1499":{"start":{"line":1500,"column":0},"end":{"line":1500,"column":46}},"1500":{"start":{"line":1501,"column":0},"end":{"line":1501,"column":43}},"1501":{"start":{"line":1502,"column":0},"end":{"line":1502,"column":21}},"1502":{"start":{"line":1503,"column":0},"end":{"line":1503,"column":13}},"1503":{"start":{"line":1504,"column":0},"end":{"line":1504,"column":53}},"1504":{"start":{"line":1505,"column":0},"end":{"line":1505,"column":95}},"1505":{"start":{"line":1506,"column":0},"end":{"line":1506,"column":74}},"1506":{"start":{"line":1507,"column":0},"end":{"line":1507,"column":13}},"1507":{"start":{"line":1508,"column":0},"end":{"line":1508,"column":12}},"1508":{"start":{"line":1509,"column":0},"end":{"line":1509,"column":26}},"1509":{"start":{"line":1510,"column":0},"end":{"line":1510,"column":32}},"1513":{"start":{"line":1514,"column":0},"end":{"line":1514,"column":43}},"1514":{"start":{"line":1515,"column":0},"end":{"line":1515,"column":13}},"1515":{"start":{"line":1516,"column":0},"end":{"line":1516,"column":33}},"1516":{"start":{"line":1517,"column":0},"end":{"line":1517,"column":7}},"1518":{"start":{"line":1519,"column":0},"end":{"line":1519,"column":26}},"1525":{"start":{"line":1526,"column":0},"end":{"line":1526,"column":76}},"1526":{"start":{"line":1527,"column":0},"end":{"line":1527,"column":17}},"1527":{"start":{"line":1528,"column":0},"end":{"line":1528,"column":7}},"1531":{"start":{"line":1532,"column":0},"end":{"line":1532,"column":27}},"1532":{"start":{"line":1533,"column":0},"end":{"line":1533,"column":39}},"1534":{"start":{"line":1535,"column":0},"end":{"line":1535,"column":48}},"1535":{"start":{"line":1536,"column":0},"end":{"line":1536,"column":55}},"1538":{"start":{"line":1539,"column":0},"end":{"line":1539,"column":30}},"1539":{"start":{"line":1540,"column":0},"end":{"line":1540,"column":33}},"1540":{"start":{"line":1541,"column":0},"end":{"line":1541,"column":98}},"1541":{"start":{"line":1542,"column":0},"end":{"line":1542,"column":43}},"1542":{"start":{"line":1543,"column":0},"end":{"line":1543,"column":9}},"1543":{"start":{"line":1544,"column":0},"end":{"line":1544,"column":7}},"1544":{"start":{"line":1545,"column":0},"end":{"line":1545,"column":12}},"1545":{"start":{"line":1546,"column":0},"end":{"line":1546,"column":5}},"1546":{"start":{"line":1547,"column":0},"end":{"line":1547,"column":25}},"1547":{"start":{"line":1548,"column":0},"end":{"line":1548,"column":3}},"1554":{"start":{"line":1555,"column":0},"end":{"line":1555,"column":111}},"1555":{"start":{"line":1556,"column":0},"end":{"line":1556,"column":59}},"1556":{"start":{"line":1557,"column":0},"end":{"line":1557,"column":38}},"1557":{"start":{"line":1558,"column":0},"end":{"line":1558,"column":36}},"1558":{"start":{"line":1559,"column":0},"end":{"line":1559,"column":37}},"1559":{"start":{"line":1560,"column":0},"end":{"line":1560,"column":97}},"1560":{"start":{"line":1561,"column":0},"end":{"line":1561,"column":6}},"1563":{"start":{"line":1564,"column":0},"end":{"line":1564,"column":65}},"1564":{"start":{"line":1565,"column":0},"end":{"line":1565,"column":45}},"1568":{"start":{"line":1569,"column":0},"end":{"line":1569,"column":100}},"1569":{"start":{"line":1570,"column":0},"end":{"line":1570,"column":26}},"1570":{"start":{"line":1571,"column":0},"end":{"line":1571,"column":11}},"1571":{"start":{"line":1572,"column":0},"end":{"line":1572,"column":56}},"1572":{"start":{"line":1573,"column":0},"end":{"line":1573,"column":15}},"1573":{"start":{"line":1574,"column":0},"end":{"line":1574,"column":93}},"1574":{"start":{"line":1575,"column":0},"end":{"line":1575,"column":7}},"1575":{"start":{"line":1576,"column":0},"end":{"line":1576,"column":29}},"1576":{"start":{"line":1577,"column":0},"end":{"line":1577,"column":49}},"1577":{"start":{"line":1578,"column":0},"end":{"line":1578,"column":5}},"1578":{"start":{"line":1579,"column":0},"end":{"line":1579,"column":18}},"1579":{"start":{"line":1580,"column":0},"end":{"line":1580,"column":3}},"1589":{"start":{"line":1590,"column":0},"end":{"line":1590,"column":37}},"1590":{"start":{"line":1591,"column":0},"end":{"line":1591,"column":42}},"1591":{"start":{"line":1592,"column":0},"end":{"line":1592,"column":104}},"1592":{"start":{"line":1593,"column":0},"end":{"line":1593,"column":3}},"1606":{"start":{"line":1607,"column":0},"end":{"line":1607,"column":67}},"1607":{"start":{"line":1608,"column":0},"end":{"line":1608,"column":42}},"1608":{"start":{"line":1609,"column":0},"end":{"line":1609,"column":58}},"1609":{"start":{"line":1610,"column":0},"end":{"line":1610,"column":61}},"1610":{"start":{"line":1611,"column":0},"end":{"line":1611,"column":53}},"1611":{"start":{"line":1612,"column":0},"end":{"line":1612,"column":27}},"1612":{"start":{"line":1613,"column":0},"end":{"line":1613,"column":34}},"1613":{"start":{"line":1614,"column":0},"end":{"line":1614,"column":43}},"1614":{"start":{"line":1615,"column":0},"end":{"line":1615,"column":20}},"1615":{"start":{"line":1616,"column":0},"end":{"line":1616,"column":24}},"1616":{"start":{"line":1617,"column":0},"end":{"line":1617,"column":61}},"1619":{"start":{"line":1620,"column":0},"end":{"line":1620,"column":41}},"1620":{"start":{"line":1621,"column":0},"end":{"line":1621,"column":94}},"1621":{"start":{"line":1622,"column":0},"end":{"line":1622,"column":27}},"1622":{"start":{"line":1623,"column":0},"end":{"line":1623,"column":30}},"1623":{"start":{"line":1624,"column":0},"end":{"line":1624,"column":32}},"1624":{"start":{"line":1625,"column":0},"end":{"line":1625,"column":20}},"1625":{"start":{"line":1626,"column":0},"end":{"line":1626,"column":31}},"1626":{"start":{"line":1627,"column":0},"end":{"line":1627,"column":135}},"1627":{"start":{"line":1628,"column":0},"end":{"line":1628,"column":29}},"1628":{"start":{"line":1629,"column":0},"end":{"line":1629,"column":15}},"1629":{"start":{"line":1630,"column":0},"end":{"line":1630,"column":11}},"1630":{"start":{"line":1631,"column":0},"end":{"line":1631,"column":24}},"1631":{"start":{"line":1632,"column":0},"end":{"line":1632,"column":10}},"1632":{"start":{"line":1633,"column":0},"end":{"line":1633,"column":28}},"1633":{"start":{"line":1634,"column":0},"end":{"line":1634,"column":40}},"1634":{"start":{"line":1635,"column":0},"end":{"line":1635,"column":5}},"1635":{"start":{"line":1636,"column":0},"end":{"line":1636,"column":20}},"1636":{"start":{"line":1637,"column":0},"end":{"line":1637,"column":3}},"1645":{"start":{"line":1646,"column":0},"end":{"line":1646,"column":117}},"1646":{"start":{"line":1647,"column":0},"end":{"line":1647,"column":60}},"1649":{"start":{"line":1650,"column":0},"end":{"line":1650,"column":65}},"1650":{"start":{"line":1651,"column":0},"end":{"line":1651,"column":66}},"1651":{"start":{"line":1652,"column":0},"end":{"line":1652,"column":73}},"1652":{"start":{"line":1653,"column":0},"end":{"line":1653,"column":27}},"1653":{"start":{"line":1654,"column":0},"end":{"line":1654,"column":38}},"1654":{"start":{"line":1655,"column":0},"end":{"line":1655,"column":49}},"1655":{"start":{"line":1656,"column":0},"end":{"line":1656,"column":54}},"1656":{"start":{"line":1657,"column":0},"end":{"line":1657,"column":73}},"1657":{"start":{"line":1658,"column":0},"end":{"line":1658,"column":5}},"1658":{"start":{"line":1659,"column":0},"end":{"line":1659,"column":22}},"1659":{"start":{"line":1660,"column":0},"end":{"line":1660,"column":34}},"1660":{"start":{"line":1661,"column":0},"end":{"line":1661,"column":105}},"1661":{"start":{"line":1662,"column":0},"end":{"line":1662,"column":28}},"1662":{"start":{"line":1663,"column":0},"end":{"line":1663,"column":114}},"1663":{"start":{"line":1664,"column":0},"end":{"line":1664,"column":7}},"1664":{"start":{"line":1665,"column":0},"end":{"line":1665,"column":3}},"1666":{"start":{"line":1667,"column":0},"end":{"line":1667,"column":95}},"1667":{"start":{"line":1668,"column":0},"end":{"line":1668,"column":42}},"1668":{"start":{"line":1669,"column":0},"end":{"line":1669,"column":59}},"1669":{"start":{"line":1670,"column":0},"end":{"line":1670,"column":87}},"1670":{"start":{"line":1671,"column":0},"end":{"line":1671,"column":120}},"1671":{"start":{"line":1672,"column":0},"end":{"line":1672,"column":21}},"1674":{"start":{"line":1675,"column":0},"end":{"line":1675,"column":61}},"1675":{"start":{"line":1676,"column":0},"end":{"line":1676,"column":97}},"1676":{"start":{"line":1677,"column":0},"end":{"line":1677,"column":7}},"1677":{"start":{"line":1678,"column":0},"end":{"line":1678,"column":5}},"1679":{"start":{"line":1680,"column":0},"end":{"line":1680,"column":50}},"1683":{"start":{"line":1684,"column":0},"end":{"line":1684,"column":51}},"1684":{"start":{"line":1685,"column":0},"end":{"line":1685,"column":83}},"1685":{"start":{"line":1686,"column":0},"end":{"line":1686,"column":75}},"1686":{"start":{"line":1687,"column":0},"end":{"line":1687,"column":175}},"1687":{"start":{"line":1688,"column":0},"end":{"line":1688,"column":42}},"1688":{"start":{"line":1689,"column":0},"end":{"line":1689,"column":23}},"1689":{"start":{"line":1690,"column":0},"end":{"line":1690,"column":78}},"1690":{"start":{"line":1691,"column":0},"end":{"line":1691,"column":70}},"1691":{"start":{"line":1692,"column":0},"end":{"line":1692,"column":8}},"1692":{"start":{"line":1693,"column":0},"end":{"line":1693,"column":7}},"1693":{"start":{"line":1694,"column":0},"end":{"line":1694,"column":91}},"1694":{"start":{"line":1695,"column":0},"end":{"line":1695,"column":28}},"1695":{"start":{"line":1696,"column":0},"end":{"line":1696,"column":119}},"1696":{"start":{"line":1697,"column":0},"end":{"line":1697,"column":7}},"1697":{"start":{"line":1698,"column":0},"end":{"line":1698,"column":5}},"1699":{"start":{"line":1700,"column":0},"end":{"line":1700,"column":52}},"1704":{"start":{"line":1705,"column":0},"end":{"line":1705,"column":45}},"1706":{"start":{"line":1707,"column":0},"end":{"line":1707,"column":108}},"1707":{"start":{"line":1708,"column":0},"end":{"line":1708,"column":27}},"1709":{"start":{"line":1710,"column":0},"end":{"line":1710,"column":88}},"1710":{"start":{"line":1711,"column":0},"end":{"line":1711,"column":54}},"1712":{"start":{"line":1713,"column":0},"end":{"line":1713,"column":56}},"1717":{"start":{"line":1718,"column":0},"end":{"line":1718,"column":42}},"1720":{"start":{"line":1721,"column":0},"end":{"line":1721,"column":40}},"1724":{"start":{"line":1725,"column":0},"end":{"line":1725,"column":48}},"1726":{"start":{"line":1727,"column":0},"end":{"line":1727,"column":26}},"1739":{"start":{"line":1740,"column":0},"end":{"line":1740,"column":27}},"1740":{"start":{"line":1741,"column":0},"end":{"line":1741,"column":31}},"1750":{"start":{"line":1751,"column":0},"end":{"line":1751,"column":64}},"1751":{"start":{"line":1752,"column":0},"end":{"line":1752,"column":38}},"1752":{"start":{"line":1753,"column":0},"end":{"line":1753,"column":64}},"1753":{"start":{"line":1754,"column":0},"end":{"line":1754,"column":45}},"1754":{"start":{"line":1755,"column":0},"end":{"line":1755,"column":22}},"1755":{"start":{"line":1756,"column":0},"end":{"line":1756,"column":6}},"1756":{"start":{"line":1757,"column":0},"end":{"line":1757,"column":14}},"1757":{"start":{"line":1758,"column":0},"end":{"line":1758,"column":48}},"1761":{"start":{"line":1762,"column":0},"end":{"line":1762,"column":78}},"1762":{"start":{"line":1763,"column":0},"end":{"line":1763,"column":35}},"1763":{"start":{"line":1764,"column":0},"end":{"line":1764,"column":139}},"1764":{"start":{"line":1765,"column":0},"end":{"line":1765,"column":96}},"1765":{"start":{"line":1766,"column":0},"end":{"line":1766,"column":10}},"1766":{"start":{"line":1767,"column":0},"end":{"line":1767,"column":38}},"1767":{"start":{"line":1768,"column":0},"end":{"line":1768,"column":31}},"1768":{"start":{"line":1769,"column":0},"end":{"line":1769,"column":20}},"1769":{"start":{"line":1770,"column":0},"end":{"line":1770,"column":136}},"1770":{"start":{"line":1771,"column":0},"end":{"line":1771,"column":115}},"1771":{"start":{"line":1772,"column":0},"end":{"line":1772,"column":7}},"1775":{"start":{"line":1776,"column":0},"end":{"line":1776,"column":52}},"1778":{"start":{"line":1779,"column":0},"end":{"line":1779,"column":69}},"1779":{"start":{"line":1780,"column":0},"end":{"line":1780,"column":27}},"1780":{"start":{"line":1781,"column":0},"end":{"line":1781,"column":20}},"1781":{"start":{"line":1782,"column":0},"end":{"line":1782,"column":51}},"1782":{"start":{"line":1783,"column":0},"end":{"line":1783,"column":118}},"1783":{"start":{"line":1784,"column":0},"end":{"line":1784,"column":7}},"1784":{"start":{"line":1785,"column":0},"end":{"line":1785,"column":11}},"1785":{"start":{"line":1786,"column":0},"end":{"line":1786,"column":44}},"1786":{"start":{"line":1787,"column":0},"end":{"line":1787,"column":16}},"1787":{"start":{"line":1788,"column":0},"end":{"line":1788,"column":17}},"1788":{"start":{"line":1789,"column":0},"end":{"line":1789,"column":25}},"1789":{"start":{"line":1790,"column":0},"end":{"line":1790,"column":42}},"1790":{"start":{"line":1791,"column":0},"end":{"line":1791,"column":93}},"1791":{"start":{"line":1792,"column":0},"end":{"line":1792,"column":116}},"1792":{"start":{"line":1793,"column":0},"end":{"line":1793,"column":32}},"1793":{"start":{"line":1794,"column":0},"end":{"line":1794,"column":23}},"1794":{"start":{"line":1795,"column":0},"end":{"line":1795,"column":41}},"1795":{"start":{"line":1796,"column":0},"end":{"line":1796,"column":32}},"1796":{"start":{"line":1797,"column":0},"end":{"line":1797,"column":33}},"1797":{"start":{"line":1798,"column":0},"end":{"line":1798,"column":26}},"1798":{"start":{"line":1799,"column":0},"end":{"line":1799,"column":61}},"1799":{"start":{"line":1800,"column":0},"end":{"line":1800,"column":11}},"1800":{"start":{"line":1801,"column":0},"end":{"line":1801,"column":42}},"1801":{"start":{"line":1802,"column":0},"end":{"line":1802,"column":61}},"1802":{"start":{"line":1803,"column":0},"end":{"line":1803,"column":92}},"1803":{"start":{"line":1804,"column":0},"end":{"line":1804,"column":68}},"1804":{"start":{"line":1805,"column":0},"end":{"line":1805,"column":195}},"1805":{"start":{"line":1806,"column":0},"end":{"line":1806,"column":48}},"1812":{"start":{"line":1813,"column":0},"end":{"line":1813,"column":83}},"1813":{"start":{"line":1814,"column":0},"end":{"line":1814,"column":9}},"1814":{"start":{"line":1815,"column":0},"end":{"line":1815,"column":19}},"1815":{"start":{"line":1816,"column":0},"end":{"line":1816,"column":49}},"1816":{"start":{"line":1817,"column":0},"end":{"line":1817,"column":34}},"1817":{"start":{"line":1818,"column":0},"end":{"line":
[...]
],"184":[18],"185":[8],"186":[23],"187":[0],"188":[8],"189":[8],"190":[165],"191":[123],"192":[140],"193":[30],"194":[25],"195":[8],"196":[24],"197":[17],"198":[9],"199":[8],"200":[1],"201":[21],"202":[12],"203":[9],"204":[125],"205":[77],"206":[78],"207":[48],"208":[0],"209":[48],"210":[1],"211":[72],"212":[52],"213":[47],"214":[46],"215":[5],"216":[4],"217":[1],"218":[51],"219":[46],"220":[44],"221":[2],"222":[38],"223":[34],"224":[4],"225":[2],"226":[2],"227":[2],"228":[8],"229":[1],"230":[45],"231":[45],"232":[1],"233":[45],"234":[1],"235":[5],"236":[72],"237":[45],"238":[5],"239":[45],"240":[40],"241":[24],"242":[25],"243":[72],"244":[1],"245":[46],"246":[40],"247":[42],"248":[40],"249":[51],"250":[48],"251":[48],"252":[48],"253":[27],"254":[21],"255":[2],"256":[1],"257":[1],"258":[7],"259":[1],"260":[6],"261":[5],"262":[1],"263":[1],"264":[6],"265":[1],"266":[4],"267":[5],"268":[0],"269":[4],"270":[6],"271":[1],"272":[5],"273":[359],"274":[54],"275":[52],"276":[2],"277":[305],"278":[84],"279":[81],"280":[3],"281":[19],"282":[17],"283":[2],"284":[14],"285":[12],"286":[9],"287":[3],"288":[2],"289":[1],"290":[1],"291":[1],"292":[200],"293":[182],"294":[18],"295":[6],"296":[8],"297":[10],"298":[10],"299":[9],"300":[7],"301":[2],"302":[1],"303":[1],"304":[7],"305":[3],"306":[4],"307":[1],"308":[2],"309":[2],"310":[429],"311":[58],"312":[2],"313":[56],"314":[56],"315":[2],"316":[54],"317":[62],"318":[718],"319":[858],"320":[429],"321":[87],"322":[1],"323":[38],"324":[46],"325":[36],"326":[10],"327":[52],"328":[13],"329":[48],"330":[39],"331":[13],"332":[27],"333":[46],"334":[39],"335":[27],"336":[39],"337":[1],"338":[18],"339":[25],"340":[11],"341":[14],"342":[7],"343":[5],"344":[2],"345":[21],"346":[202],"347":[200],"348":[23],"349":[2],"350":[1],"351":[1],"352":[3],"353":[221],"354":[197],"355":[197],"356":[80],"357":[36],"358":[11],"359":[1],"360":[10],"361":[2],"362":[1],"363":[8],"364":[1],"365":[7],"366":[6],"367":[1],"368":[6],"369":[1],"370":[5],"371":[6],"372":[5],"373":[3],"374":[2],"375":[6],"376":[1],"377":[5],"378":[2],"379":[3],"380":[224],"381":[42],"382":[182],"383":[92],"384":[52],"385":[42],"386":[41],"387":[1],"388":[92],"389":[74],"390":[11],"391":[5],"392":[41],"393":[4],"394":[3],"395":[1],"396":[1],"397":[10],"398":[4],"399":[6],"400":[4],"401":[0],"402":[4],"403":[87],"404":[104],"405":[168],"406":[46],"407":[18],"408":[18],"409":[174],"410":[172],"411":[169],"412":[147],"413":[174],"414":[177],"415":[1],"416":[176],"417":[3],"418":[174],"419":[175],"420":[169],"421":[169],"422":[6],"423":[6],"424":[2],"425":[4],"426":[6],"427":[86],"428":[169],"429":[209],"430":[40],"431":[38],"432":[171],"433":[1],"434":[170],"435":[208],"436":[206],"437":[152],"438":[147],"439":[5],"440":[2],"441":[81],"442":[52],"443":[6],"444":[46],"445":[0],"446":[59],"447":[59],"448":[100],"449":[1],"450":[1],"451":[65],"452":[3],"453":[3],"454":[22],"455":[381],"456":[4],"457":[377],"458":[147],"459":[147],"460":[175],"461":[333],"462":[323],"463":[10],"464":[147],"465":[175],"466":[167],"467":[146],"468":[89],"469":[63],"470":[57],"471":[62],"472":[39],"473":[57],"474":[62],"475":[172],"476":[170],"477":[202],"478":[201],"479":[1],"480":[391],"481":[573],"482":[545],"483":[544],"484":[532],"485":[359],"486":[186],"487":[233],"488":[182],"489":[186],"490":[390],"491":[332],"492":[221],"493":[170],"494":[3],"495":[389],"496":[194],"497":[167],"498":[160],"499":[51],"500":[7],"501":[14],"502":[7],"503":[7],"504":[167],"505":[212],"506":[573],"507":[260],"508":[6],"509":[4],"510":[3],"511":[2],"512":[2],"513":[2],"514":[186],"515":[198],"516":[763],"517":[376],"518":[387],"519":[7594],"520":[1518],"521":[1518],"522":[1152],"523":[6442],"524":[4],"525":[6528],"526":[6438],"527":[6408],"528":[600],"529":[30],"530":[56],"531":[30],"532":[652],"533":[443],"534":[84],"535":[84],"536":[84],"537":[70],"538":[386],"539":[6],"540":[0],"541":[0],"542":[4],"543":[4],"544":[3],"545":[3],"546":[763],"547":[0],"548":[128],"549":[6],"550":[122],"551":[92],"552":[55],"553":[55],"554":[99],"555":[92],"556":[71],"557":[71],"558":[21],"559":[186],"560":[184],"561":[180],"562":[1],"563":[368],"564":[24],"565":[184],"566":[226],"567":[3],"568":[2],"569":[1],"570":[2],"571":[1],"572":[0],"573":[224],"574":[6],"575":[1],"576":[5],"577":[224],"578":[5],"579":[5],"580":[219],"581":[224],"582":[208],"583":[144],"584":[8],"585":[7],"586":[225],"587":[1],"588":[207],"589":[7],"590":[1],"591":[23],"592":[3],"593":[22],"594":[20],"595":[13],"596":[12],"597":[1],"598":[7],"599":[207],"600":[201],"601":[195],"602":[6],"603":[225],"604":[3],"605":[201],"606":[4],"607":[1],"608":[3],"609":[2],"610":[1],"611":[3],"612":[197],"613":[225],"614":[190],"615":[4],"616":[1],"617":[225],"618":[11],"619":[1],"620":[10],"621":[3],"622":[3],"623":[2],"624":[1],"625":[8],"626":[7],"627":[186],"628":[10],"629":[8],"630":[210],"631":[186],"632":[153],"633":[1],"634":[152],"635":[144],"636":[34],"637":[8],"638":[3],"639":[2],"640":[1],"641":[5],"642":[0],"643":[5],"644":[142],"645":[134],"646":[33],"647":[22],"648":[18],"649":[4],"650":[11],"651":[128],"652":[86],"653":[42],"654":[27],"655":[37],"656":[46],"657":[122],"658":[3],"659":[4],"660":[1],"661":[4],"662":[4],"663":[2],"664":[2],"665":[2],"666":[96],"667":[11],"668":[11],"669":[152],"670":[8],"671":[1],"672":[144],"673":[1],"674":[193],"675":[185],"676":[131],"677":[62],"678":[62],"679":[1],"680":[62],"681":[23],"682":[39],"683":[38],"684":[34],"685":[0],"686":[33],"687":[1],"688":[1],"689":[33],"690":[24],"691":[14],"692":[5],"693":[4],"694":[1],"695":[1],"696":[1],"697":[1],"698":[0],"699":[34],"700":[12],"701":[1],"702":[1],"703":[11],"704":[7],"705":[4],"706":[10],"707":[2],"708":[8],"709":[174],"710":[3],"711":[171],"712":[23],"713":[491],"714":[480],"715":[218],"716":[709],"717":[692],"718":[270],"719":[17],"720":[6],"721":[17],"722":[17],"723":[709],"724":[491],"725":[218],"726":[17],"727":[16],"728":[1],"729":[0],"730":[1],"731":[16],"732":[12],"733":[7],"734":[9],"735":[16],"736":[7],"737":[8],"738":[8],"739":[6],"740":[10],"741":[6],"742":[10],"743":[15],"744":[10],"745":[6],"746":[5],"747":[1],"748":[1],"749":[184],"750":[14]},"fnMap":{"0":{"name":"outputTruncated","decl":{"start":{"line":120,"column":0},"end":{"line":122,"column":1}},"loc":{"start":{"line":120,"column":0},"end":{"line":122,"column":1}},"line":120},"1":{"name":"RunController","decl":{"start":{"line":181,"column":2},"end":{"line":193,"column":3}},"loc":{"start":{"line":181,"column":2},"end":{"line":193,"column":3}},"line":181},"2":{"name":"<instance_members_initializer>","decl":{"start":{"line":193,"column":2},"end":{"line":2168,"column":57}},"loc":{"start":{"line":193,"column":2},"end":{"line":2168,"column":57}},"line":193},"3":{"name":"startRun","decl":{"start":{"line":200,"column":2},"end":{"line":218,"column":3}},"loc":{"start":{"line":200,"column":2},"end":{"line":218,"column":3}},"line":200},"4":{"name":"intake","decl":{"start":{"line":221,"column":2},"end":{"line":240,"column":3}},"loc":{"start":{"line":221,"column":2},"end":{"line":240,"column":3}},"line":221},"5":{"name":"budgetCheck","decl":{"start":{"line":230,"column":19},"end":{"line":230,"column":49}},"loc":{"start":{"line":230,"column":19},"end":{"line":230,"column":49}},"line":230},"6":{"name":"resume","decl":{"start":{"line":242,"column":2},"end":{"line":246,"column":3}},"loc":{"start":{"line":242,"column":2},"end":{"line":246,"column":3}},"line":242},"7":{"name":"hasRecoverableWork","decl":{"start":{"line":249,"column":2},"end":{"line":259,"column":3}},"loc":{"start":{"line":249,"column":2},"end":{"line":259,"column":3}},"line":249},"8":{"name":"awaitingVerification","decl":{"start":{"line":270,"column":2},"end":{"line":276,"column":3}},"loc":{"start":{"line":270,"column":2},"end":{"line":276,"column":3}},"line":270},"9":{"name":"revivableCancelled","decl":{"start":{"line":286,"column":10},"end":{"line":307,"column":3}},"loc":{"start":{"line":286,"column":10},"end":{"line":307,"column":3}},"line":286},"10":{"name":"reopen","decl":{"start":{"line":319,"column":2},"end":{"line":358,"column":3}},"loc":{"start":{"line":319,"column":2},"end":{"line":358,"column":3}},"line":319},"11":{"name":"drive","decl":{"start":{"line":361,"column":2},"end":{"line":419,"column":3}},"loc":{"start":{"line":361,"column":2},"end":{"line":419,"column":3}},"line":361},"12":{"name":"validateIntent","decl":{"start":{"line":427,"column":2},"end":{"line":459,"column":3}},"loc":{"start":{"line":427,"column":2},"end":{"line":459,"column":3}},"line":427},"13":{"name":"budgetCheck","decl":{"start":{"line":450,"column":21},"end":{"line":450,"column":51}},"loc":{"start":{"line":450,"column":21},"end":{"line":450,"column":51}},"line":450},"14":{"name":"openPrs","decl":{"start":{"line":467,"column":2},"end":{"line":515,"column":3}},"loc":{"start":{"line":467,"column":2},"end":{"line":515,"column":3}},"line":467},"15":{"name":"verify","decl":{"start":{"line":533,"column":2},"end":{"line":564,"column":3}},"loc":{"start":{"line":533,"column":2},"end":{"line":564,"column":3}},"line":533},"16":{"name":"validateProd","decl":{"start":{"line":573,"column":2},"end":{"line":617,"column":3}},"loc":{"start":{"line":573,"column":2},"end":{"line":617,"column":3}},"line":573},"17":{"name":"budgetCheck","decl":{"start":{"line":599,"column":21},"end":{"line":599,"column":51}},"loc":{"start":{"line":599,"column":21},"end":{"line":599,"column":51}},"line":599},"18":{"name":"rollupPr","decl":{"start":{"line":620,"column":10},"end":{"line":624,"column":3}},"loc":{"start":{"line":620,"column":10},"end":{"line":624,"column":3}},"line":620},"19":{"name":"settleChecks","decl":{"start":{"line":633,"column":2},"end":{"line":655,"column":3}},"loc":{"start":{"line":633,"column":2},"end":{"line":655,"column":3}},"line":633},"20":{"name":"awaitChecks","decl":{"start":{"line":669,"column":2},"end":{"line":686,"column":3}},"loc":{"start":{"line":669,"column":2},"end":{"line":686,"column":3}},"line":669},"21":{"name":"openRunPr","decl":{"start":{"line":695,"column":2},"end":{"line":764,"column":3}},"loc":{"start":{"line":695,"column":2},"end":{"line":764,"column":3}},"line":695},"22":{"name":"regroupPrs","decl":{"start":{"line":773,"column":2},"end":{"line":795,"column":3}},"loc":{"start":{"line":773,"column":2},"end":{"line":795,"column":3}},"line":773},"23":{"name":"outcome","decl":{"start":{"line":805,"column":2},"end":{"line":893,"column":3}},"loc":{"start":{"line":805,"column":2},"end":{"line":893,"column":3}},"line":805},"24":{"name":"count","decl":{"start":{"line":829,"column":18},"end":{"line":829,"column":78}},"loc":{"start":{"line":829,"column":18},"end":{"line":829,"column":78}},"line":829},"25":{"name":"park","decl":{"start":{"line":903,"column":10},"end":{"line":906,"column":3}},"loc":{"start":{"line":903,"column":10},"end":{"line":906,"column":3}},"line":903},"26":{"name":"askOrPark","decl":{"start":{"line":921,"column":2},"end":{"line":931,"column":3}},"loc":{"start":{"line":921,"column":2},"end":{"line":931,"column":3}},"line":921},"27":{"name":"askOperator","decl":{"start":{"line":940,"column":2},"end":{"line":973,"column":3}},"loc":{"start":{"line":940,"column":2},"end":{"line":973,"column":3}},"line":940},"28":{"name":"adviseOperator","decl":{"start":{"line":986,"column":2},"end":{"line":1014,"column":3}},"loc":{"start":{"line":986,"column":2},"end":{"line":1014,"column":3}},"line":986},"29":{"name":"sweepOrphans","decl":{"start":{"line":1029,"column":2},"end":{"line":1042,"column":3}},"loc":{"start":{"line":1029,"column":2},"end":{"line":1042,"column":3}},"line":1029},"30":{"name":"schedulerChanged","decl":{"start":{"line":1062,"column":10},"end":{"line":1071,"column":3}},"loc":{"start":{"line":1062,"column":10},"end":{"line":1071,"column":3}},"line":1062},"31":{"name":"wakeScheduler","decl":{"start":{"line":1074,"column":10},"end":{"line":1078,"column":3}},"loc":{"start":{"line":1074,"column":10},"end":{"line":1078,"column":3}},"line":1074},"32":{"name":"sendFeedback","decl":{"start":{"line":1103,"column":2},"end":{"line":1135,"column":3}},"loc":{"start":{"line":1103,"column":2},"end":{"line":1135,"column":3}},"line":1103},"33":{"name":"ingestIssueComments","decl":{"start":{"line":1149,"column":2},"end":{"line":1174,"column":3}},"loc":{"start":{"line":1149,"column":2},"end":{"line":1174,"column":3}},"line":1149},"34":{"name":"reaskVerdict","decl":{"start":{"line":1186,"column":2},"end":{"line":1208,"column":3}},"loc":{"start":{"line":1186,"column":2},"end":{"line":1208,"column":3}},"line":1186},"35":{"name":"budgetCheck","decl":{"start":{"line":1201,"column":21},"end":{"line":1201,"column":59}},"loc":{"start":{"line":1201,"column":21},"end":{"line":1201,"column":59}},"line":1201},"36":{"name":"dependents","decl":{"start":{"line":1211,"column":10},"end":{"line":1226,"column":3}},"loc":{"start":{"line":1211,"column":10},"end":{"line":1226,"column":3}},"line":1211},"37":{"name":"plan","decl":{"start":{"line":1237,"column":2},"end":{"line":1241,"column":3}},"loc":{"start":{"line":1237,"column":2},"end":{"line":1241,"column":3}},"line":1237},"38":{"name":"planDocs","decl":{"start":{"line":1244,"column":2},"end":{"line":1281,"column":3}},"loc":{"start":{"line":1244,"column":2},"end":{"line":1281,"column":3}},"line":1244},"39":{"name":"budgetCheck","decl":{"start":{"line":1266,"column":21},"end":{"line":1266,"column":51}},"loc":{"start":{"line":1266,"column":21},"end":{"line":1266,"column":51}},"line":1266},"40":{"name":"planBreakdown","decl":{"start":{"line":1284,"column":2},"end":{"line":1344,"column":3}},"loc":{"start":{"line":1284,"column":2},"end":{"line":1344,"column":3}},"line":1284},"41":{"name":"budgetCheck","decl":{"start":{"line":1310,"column":21},"end":{"line":1310,"column":51}},"loc":{"start":{"line":1310,"column":21},"end":{"line":1310,"column":51}},"line":1310},"42":{"name":"failedAttempt","decl":{"start":{"line":1347,"column":10},"end":{"line":1351,"column":3}},"loc":{"start":{"line":1347,"column":10},"end":{"line":1351,"column":3}},"line":1347},"43":{"name":"planFailed","decl":{"start":{"line":1353,"column":10},"end":{"line":1357,"column":3}},"loc":{"start":{"line":1353,"column":10},"end":{"line":1357,"column":3}},"line":1353},"44":{"name":"saveAttempt","decl":{"start":{"line":1360,"column":10},"end":{"line":1369,"column":3}},"loc":{"start":{"line":1360,"column":10},"end":{"line":1369,"column":3}},"line":1360},"45":{"name":"persistPlan","decl":{"start":{"line":1371,"column":10},"end":{"line":1404,"column":3}},"loc":{"start":{"line":1371,"column":10},"end":{"line":1404,"column":3}},"line":1371},"46":{"name":"planPrd","decl":{"start":{"line":1406,"column":10},"end":{"line":1409,"column":3}},"loc":{"start":{"line":1406,"column":10},"end":{"line":1409,"column":3}},"line":1406},"47":{"name":"planSummary","decl":{"start":{"line":1411,"column":10},"end":{"line":1414,"column":3}},"loc":{"start":{"line":1411,"column":10},"end":{"line":1414,"column":3}},"line":1411},"48":{"name":"fileIssues","decl":{"start":{"line":1416,"column":2},"end":{"line":1431,"column":3}},"loc":{"start":{"line":1416,"column":2},"end":{"line":1431,"column":3}},"line":1416},"49":{"name":"execute","decl":{"start":{"line":1435,"column":2},"end":{"line":1548,"column":3}},"loc":{"start":{"line":1435,"column":2},"end":{"line":1548,"column":3}},"line":1435},"50":{"name":"terminal","decl":{"start":{"line":1461,"column":21},"end":{"line":1461,"column":90}},"loc":{"start":{"line":1461,"column":21},"end":{"line":1461,"column":90}},"line":1461},"51":{"name":"working","decl":{"start":{"line":1482,"column":20},"end":{"line":1482,"column":95}},"loc":{"start":{"line":1482,"column":20},"end":{"line":1482,"column":95}},"line":1482},"52":{"name":"routedSkills","decl":{"start":{"line":1555,"column":10},"end":{"line":1580,"column":3}},"loc":{"start":{"line":1555,"column":10},"end":{"line":1580,"column":3}},"line":1555},"53":{"name":"take","decl":{"start":{"line":1558,"column":17},"end":{"line":1561,"column":6}},"loc":{"start":{"line":1558,"column":17},"end":{"line":1561,"column":6}},"line":1558},"54":{"name":"planSkills","decl":{"start":{"line":1590,"column":10},"end":{"line":1593,"column":3}},"loc":{"start":{"line":1590,"column":10},"end":{"line":1593,"column":3}},"line":1590},"55":{"name":"baseFailures","decl":{"start":{"line":1607,"column":2},"end":{"line":1637,"column":3}},"loc":{"start":{"line":1607,"column":2},"end":{"line":1637,"column":3}},"line":1607},"56":{"name":"selectSkills","decl":{"start":{"line":1646,"column":10},"end":{"line":1665,"column":3}},"loc":{"start":{"line":1646,"column":10},"end":{"line":1665,"column":3}},"line":1646},"57":{"name":"runTask","decl":{"start":{"line":1667,"column":2},"end":{"line":1991,"column":3}},"loc":{"start":{"line":1667,"column":2},"end":{"line":1991,"column":3}},"line":1667},"58":{"name":"meta","decl":{"start":{"line":1687,"column":17},"end":{"line":1687,"column":175}},"loc":{"start":{"line":1687,"column":17},"end":{"line":1687,"column":175}},"line":1687},"59":{"name":"ask","decl":{"start":{"line":1751,"column":16},"end":{"line":1756,"column":6}},"loc":{"start":{"line":1751,"column":16},"end":{"line":1756,"column":6}},"line":1751},"60":{"name":"budgetCheck","decl":{"start":{"line":1799,"column":23},"end":{"line":1799,"column":61}},"loc":{"start":{"line":1799,"column":23},"end":{"line":1799,"column":61}},"line":1799},"61":{"name":"budgetCheck","decl":{"start":{"line":1891,"column":23},"end":{"line":1891,"column":61}},"loc":{"start":{"line":1891,"column":23},"end":{"line":1891,"column":61}},"line":1891},"62":{"name":"integrate","decl":{"start":{"line":1998,"column":2},"end":{"line":2018,"column":3}},"loc":{"start":{"line":1998,"column":2},"end":{"line":2018,"column":3}},"line":1998},"63":{"name":"queueIssueSync","decl":{"start":{"line":2032,"column":10},"end":{"line":2046,"column":3}},"loc":{"start":{"line":2032,"column":10},"end":{"line":2046,"column":3}},"line":2032},"64":{"name":"syncIssue","decl":{"start":{"line":2063,"column":2},"end":{"line":2104,"column":3}},"loc":{"start":{"line":2063,"column":2},"end":{"line":2104,"column":3}},"line":2063},"65":{"name":"openTaskPr","decl":{"start":{"line":2106,"column":2},"end":{"line":2145,"column":3}},"loc":{"start":{"line":2106,"column":2},"end":{"line":2145,"column":3}},"line":2106},"66":{"name":"currentBranch","decl":{"start":{"line":2148,"column":2},"end":{"line":2151,"column":3}},"loc":{"start":{"line":2148,"column":2},"end":{"line":2151,"column":3}},"line":2148},"67":{"name":"checkBudget","decl":{"start":{"line":2155,"column":2},"end":{"line":2158,"column":3}},"loc":{"start":{"line":2155,"column":2},"end":{"line":2158,"column":3}},"line":2155},"68":{"name":"enforce","decl":{"start":{"line":2177,"column":2},"end":{"line":2190,"column":3}},"loc":{"start":{"line":2177,"column":2},"end":{"line":2190,"column":3}},"line":2177},"69":{"name":"capFor","decl":{"start":{"line":2192,"column":10},"end":{"line":2195,"column":3}},"loc":{"start":{"line":2192,"column":10},"end":{"line":2195,"column":3}},"line":2192},"70":{"name":"enforceNow","decl":{"start":{"line":2197,"column":2},"end":{"line":2232,"column":3}},"loc":{"start":{"line":2197,"column":2},"end":{"line":2232,"column":3}},"line":2197},"71":{"name":"readConventions","decl":{"start":{"line":2234,"column":10},"end":{"line":2240,"column":3}},"loc":{"start":{"line":2234,"column":10},"end":{"line":2240,"column":3}},"line":2234}},"f":{"0":212,"1":209,"2":209,"3":172,"4":1,"5":1,"6":31,"7":11,"8":6,"9":17,"10":31,"11":203,"12":168,"13":76,"14":165,"15":167,"16":8,"17":6,"18":40,"19":28,"20":165,"21":125,"22":7,"23":359,"24":718,"25":38,"26":46,"27":52,"28":39,"29":202,"30":221,"31":80,"32":11,"33":224,"34":10,"35":4,"36":87,"37":174,"38":174,"39":86,"40":169,"41":100,"42":65,"43":22,"44":381,"45":147,"46":333,"47":147,"48":146,"49":172,"50":212,"51":573,"52":763,"53":443,"54":386,"55":6,"56":763,"57":186,"58":128,"59":46,"60":122,"61":96,"62":152,"63":193,"64":62,"65":12,"66":174,"67":491,"68":709,"69":709,"70":17,"71":184}}
}
