{"total": {"lines":{"total":249,"covered":244,"skipped":0,"pct":97.99},"statements":{"total":249,"covered":244,"skipped":0,"pct":97.99},"functions":{"total":22,"covered":21,"skipped":0,"pct":95.45},"branches":{"total":139,"covered":138,"skipped":0,"pct":99.28},"branchesTrue":{"total":0,"covered":0,"skipped":0,"pct":"Unknown"}}
,"/Users/dev/Documents/projects/harness/packages/core/src/github.ts": {"lines":{"total":249,"covered":244,"skipped":0,"pct":97.99},"functions":{"total":22,"covered":21,"skipped":0,"pct":95.45},"statements":{"total":249,"covered":244,"skipped":0,"pct":97.99},"branches":{"total":139,"covered":138,"skipped":0,"pct":99.28}}
}
