TN:
SF:packages/dashboard/src/index.ts
FN:36,githubSlug
FN:71,Dashboard
FN:74,attach
FN:78,authed
FN:82,originOk
FN:90,start
FN:136,flushNow
FN:229,bind
FN:248,stop
FN:253,resolvePlanGate
FN:264,resolveBudgetGate
FN:275,resolveTaskGate
FNF:12
FNH:12
FNDA:5,githubSlug
FNDA:46,Dashboard
FNDA:5,attach
FNDA:56,authed
FNDA:31,originOk
FNDA:46,start
FNDA:6,flushNow
FNDA:46,bind
FNDA:42,stop
FNDA:3,resolvePlanGate
FNDA:5,resolveBudgetGate
FNDA:5,resolveTaskGate
DA:1,1
DA:2,1
DA:3,1
DA:4,1
DA:16,1
DA:18,1
DA:25,1
DA:36,5
DA:37,5
DA:38,5
DA:41,5
DA:42,5
DA:43,4
DA:44,4
DA:45,1
DA:54,1
DA:55,1
DA:56,1
DA:57,1
DA:58,1
DA:59,1
DA:60,1
DA:66,1
DA:69,1
DA:71,1
DA:74,1
DA:75,5
DA:76,5
DA:78,1
DA:79,56
DA:80,56
DA:82,1
DA:83,31
DA:84,31
DA:85,31
DA:86,31
DA:87,31
DA:88,31
DA:90,1
DA:91,46
DA:93,46
DA:95,46
DA:96,10
DA:97,9
DA:98,9
DA:99,5
DA:100,5
DA:105,5
DA:106,4
DA:107,2
DA:108,2
DA:109,5
DA:110,5
DA:111,5
DA:112,9
DA:113,9
DA:114,9
DA:115,9
DA:116,9
DA:117,9
DA:118,9
DA:119,9
DA:120,46
DA:122,46
DA:123,9
DA:124,8
DA:125,9
DA:126,9
DA:127,9
DA:128,9
DA:129,9
DA:130,9
DA:132,9
DA:133,4
DA:134,4
DA:135,8
DA:136,8
DA:137,6
DA:138,6
DA:139,6
DA:140,6
DA:141,6
DA:142,8
DA:143,8
DA:144,608
DA:145,608
DA:149,608
DA:150,8
DA:151,8
DA:152,8
DA:153,8
DA:154,8
DA:155,8
DA:156,46
DA:158,46
DA:159,11
DA:160,11
DA:161,8
DA:162,11
DA:163,3
DA:164,3
DA:165,3
DA:166,11
DA:167,11
DA:168,46
DA:170,46
DA:171,8
DA:172,6
DA:173,8
DA:174,4
DA:175,4
DA:176,4
DA:179,8
DA:180,1
DA:181,1
DA:182,3
DA:183,3
DA:184,3
DA:185,8
DA:186,8
DA:187,46
DA:189,46
DA:190,8
DA:191,6
DA:192,5
DA:193,5
DA:194,5
DA:195,6
DA:196,8
DA:198,8
DA:199,3
DA:200,8
DA:201,8
DA:202,46
DA:204,46
DA:205,10
DA:206,10
DA:207,10
DA:208,7
DA:209,10
DA:210,10
DA:211,3
DA:212,3
DA:213,6
DA:215,2
DA:216,2
DA:217,46
DA:219,46
DA:220,42
DA:221,46
DA:229,1
DA:230,46
DA:231,46
DA:232,46
DA:233,141
DA:234,141
DA:235,42
DA:236,141
DA:237,99
DA:238,99
DA:239,141
DA:240,3
DA:241,3
DA:242,2
DA:244,1
DA:245,46
DA:246,46
DA:248,1
DA:249,42
DA:250,42
DA:253,1
DA:254,3
DA:255,3
DA:256,3
DA:257,3
DA:258,3
DA:264,1
DA:265,5
DA:266,5
DA:267,5
DA:268,5
DA:269,5
DA:275,1
DA:276,5
DA:277,5
DA:278,5
DA:279,5
DA:280,1
LF:188
LH:188
BRDA:36,0,0,5
BRDA:37,1,0,4
BRDA:38,2,0,1
BRDA:38,3,0,1
BRDA:38,4,0,4
BRDA:42,5,0,3
BRDA:42,6,0,4
BRDA:71,7,0,46
BRDA:74,8,0,5
BRDA:78,9,0,56
BRDA:82,10,0,31
BRDA:83,11,0,1
BRDA:86,12,0,6
BRDA:87,13,0,30
BRDA:90,14,0,46
BRDA:219,15,0,42
BRDA:93,16,0,1
BRDA:95,17,0,10
BRDA:96,18,0,1
BRDA:96,19,0,9
BRDA:98,20,0,5
BRDA:105,21,0,4
BRDA:106,22,0,3
BRDA:106,23,0,2
BRDA:107,24,0,1
BRDA:107,25,0,2
BRDA:118,26,0,1
BRDA:122,27,0,9
BRDA:123,28,0,1
BRDA:123,29,0,8
BRDA:125,30,0,1
BRDA:132,31,0,4
BRDA:134,32,0,8
BRDA:136,33,0,6
BRDA:143,34,0,608
BRDA:144,35,0,1
BRDA:144,36,0,607
BRDA:145,37,0,507
BRDA:145,38,0,607
BRDA:149,39,0,3
BRDA:149,40,0,3
BRDA:151,41,0,8
BRDA:158,42,0,11
BRDA:159,43,0,1
BRDA:159,44,0,10
BRDA:160,45,0,2
BRDA:160,46,0,8
BRDA:162,47,0,5
BRDA:162,48,0,3
BRDA:166,49,0,2
BRDA:170,50,0,8
BRDA:171,51,0,2
BRDA:171,52,0,6
BRDA:172,53,0,1
BRDA:172,54,0,5
BRDA:173,55,0,1
BRDA:173,56,0,5
BRDA:173,57,0,4
BRDA:179,58,0,3
BRDA:179,59,0,5
BRDA:179,60,0,1
BRDA:181,61,0,3
BRDA:185,62,0,1
BRDA:185,63,0,2
BRDA:189,64,0,8
BRDA:190,65,0,2
BRDA:190,66,0,6
BRDA:191,67,0,1
BRDA:191,68,0,5
BRDA:195,69,0,1
BRDA:195,70,0,5
BRDA:195,71,0,4
BRDA:196,72,0,1
BRDA:198,73,0,3
BRDA:198,74,0,5
BRDA:198,75,0,1
BRDA:198,76,0,3
BRDA:200,77,0,1
BRDA:200,78,0,2
BRDA:204,79,0,10
BRDA:205,80,0,1
BRDA:205,81,0,9
BRDA:206,82,0,1
BRDA:206,83,0,8
BRDA:207,84,0,1
BRDA:207,85,0,8
BRDA:207,86,0,7
BRDA:209,87,0,6
BRDA:209,88,0,1
BRDA:209,89,0,6
BRDA:210,90,0,1
BRDA:210,91,0,3
BRDA:210,92,0,6
BRDA:210,93,0,3
BRDA:213,94,0,2
BRDA:215,95,0,1
BRDA:215,96,0,1
BRDA:229,97,0,46
BRDA:230,98,0,44
BRDA:231,99,0,44
BRDA:231,100,0,2
BRDA:232,101,0,141
BRDA:234,102,0,42
BRDA:236,103,0,99
BRDA:237,104,0,1
BRDA:239,105,0,26
BRDA:239,106,0,3
BRDA:241,107,0,2
BRDA:242,108,0,1
BRDA:248,109,0,42
BRDA:253,110,0,3
BRDA:255,111,0,3
BRDA:264,112,0,5
BRDA:266,113,0,5
BRDA:275,114,0,5
BRDA:276,115,0,5
BRF:116
BRH:116
end_of_record
