TN:
SF:packages/core/src/git.ts
FN:21,ensureIgnored
FN:49,git
FN:50,run
FN:83,WorktreeManager
FN:85,worktreeRoot
FN:89,branchName
FN:93,integrationBranch
FN:97,ensureIntegrationBranch
FN:105,ensureWorktree
FN:121,removeWorktree
FN:126,pruneAndReconcile
FN:131,integrationHead
FN:145,withBaselineWorktree
FN:147,run
FN:164,ensureIntegrationWorktree
FN:199,catchUpTaskBranch
FN:202,run
FN:225,mergeTaskBranch
FN:226,run
FNF:19
FNH:19
FNDA:13,ensureIgnored
FNDA:875,git
FNDA:875,run
FNDA:118,WorktreeManager
FNDA:271,worktreeRoot
FNDA:162,branchName
FNDA:495,integrationBranch
FNDA:90,ensureIntegrationBranch
FNDA:94,ensureWorktree
FNDA:2,removeWorktree
FNDA:6,pruneAndReconcile
FNDA:2,integrationHead
FNDA:10,withBaselineWorktree
FNDA:10,run
FNDA:124,ensureIntegrationWorktree
FNDA:6,catchUpTaskBranch
FNDA:6,run
FNDA:68,mergeTaskBranch
FNDA:68,run
DA:1,1
DA:2,1
DA:3,1
DA:4,1
DA:6,1
DA:21,1
DA:22,13
DA:26,13
DA:27,13
DA:28,13
DA:31,10
DA:32,10
DA:33,8
DA:34,8
DA:35,13
DA:36,13
DA:37,13
DA:38,13
DA:39,13
DA:42,1
DA:43,1
DA:44,13
DA:47,1
DA:49,875
DA:50,875
DA:51,875
DA:52,836
DA:53,875
DA:54,875
DA:55,615
DA:56,615
DA:57,615
DA:58,615
DA:67,1
DA:73,1
DA:79,1
DA:81,1
DA:83,1
DA:85,1
DA:86,271
DA:87,271
DA:89,1
DA:90,162
DA:91,162
DA:93,1
DA:94,495
DA:95,495
DA:97,1
DA:98,90
DA:99,90
DA:100,88
DA:101,88
DA:102,90
DA:105,1
DA:106,94
DA:107,94
DA:111,94
DA:112,90
DA:113,94
DA:114,1
DA:115,94
DA:116,89
DA:117,89
DA:118,90
DA:119,94
DA:121,1
DA:122,2
DA:123,2
DA:124,2
DA:126,1
DA:127,6
DA:128,6
DA:131,1
DA:132,2
DA:133,2
DA:145,1
DA:146,10
DA:147,10
DA:148,10
DA:149,6
DA:150,6
DA:151,4
DA:154,4
DA:155,4
DA:156,10
DA:157,10
DA:158,10
DA:159,10
DA:160,10
DA:161,10
DA:164,1
DA:165,124
DA:166,124
DA:167,56
DA:168,56
DA:172,56
DA:173,56
DA:174,56
DA:175,56
DA:176,56
DA:177,56
DA:179,56
DA:180,56
DA:181,124
DA:182,124
DA:199,1
DA:200,6
DA:201,6
DA:202,6
DA:203,6
DA:204,6
DA:205,1
DA:206,6
DA:207,5
DA:208,5
DA:211,5
DA:212,5
DA:213,5
DA:214,6
DA:215,6
DA:216,6
DA:217,6
DA:218,6
DA:225,1
DA:226,68
DA:227,68
DA:228,68
DA:229,68
DA:230,68
DA:231,64
DA:232,64
DA:233,68
DA:234,4
DA:235,4
DA:236,4
DA:237,4
DA:238,68
DA:239,68
DA:240,68
DA:241,68
DA:242,68
DA:243,1
LF:142
LH:142
BRDA:21,0,0,13
BRDA:28,1,0,10
BRDA:31,2,0,2
BRDA:32,3,0,8
BRDA:35,4,0,4
BRDA:35,5,0,4
BRDA:36,6,0,3
BRDA:36,7,0,5
BRDA:36,8,0,2
BRDA:39,9,0,1
BRDA:49,10,0,875
BRDA:54,11,0,260
BRDA:54,12,0,615
BRDA:50,13,0,875
BRDA:51,14,0,836
BRDA:56,15,0,14
BRDA:83,16,0,118
BRDA:85,17,0,271
BRDA:89,18,0,162
BRDA:93,19,0,495
BRDA:97,20,0,90
BRDA:99,21,0,88
BRDA:100,22,0,83
BRDA:105,23,0,94
BRDA:111,24,0,4
BRDA:111,25,0,90
BRDA:113,26,0,1
BRDA:115,27,0,91
BRDA:115,28,0,89
BRDA:117,29,0,90
BRDA:121,30,0,2
BRDA:123,31,0,1
BRDA:126,32,0,6
BRDA:131,33,0,2
BRDA:145,34,0,10
BRDA:147,35,0,10
BRDA:148,36,0,6
BRDA:150,37,0,4
BRDA:159,38,0,1
BRDA:164,39,0,124
BRDA:166,40,0,56
BRDA:167,41,0,56
BRDA:199,42,0,6
BRDA:202,43,0,6
BRDA:204,44,0,1
BRDA:206,45,0,5
BRDA:211,46,0,1
BRDA:211,47,0,1
BRDA:225,48,0,68
BRDA:226,49,0,68
BRDA:230,50,0,64
BRDA:233,51,0,4
BRF:52
BRH:52
end_of_record
